ARM GAS  C:\Users\simon\AppData\Local\Temp\ccwnuCJg.s 			page 1


   1              		.syntax unified
   2              		.cpu cortex-m3
   3              		.fpu softvfp
   4              		.eabi_attribute 20, 1
   5              		.eabi_attribute 21, 1
   6              		.eabi_attribute 23, 3
   7              		.eabi_attribute 24, 1
   8              		.eabi_attribute 25, 1
   9              		.eabi_attribute 26, 1
  10              		.eabi_attribute 30, 1
  11              		.eabi_attribute 34, 1
  12              		.eabi_attribute 18, 4
  13              		.thumb
  14              		.syntax unified
  15              		.file	"cymetadata.c"
  16              		.text
  17              	.Ltext0:
  18              		.cfi_sections	.debug_frame
  19              		.global	cy_metadata
  20              		.global	cy_meta_flashprotect
  21              		.global	cy_meta_wonvl
  22              		.global	cy_meta_custnvl
  23              		.global	cy_meta_configecc
  24              		.section	.cyconfigecc,"a",%progbits
  25              		.align	2
  26              		.type	cy_meta_configecc, %object
  27              		.size	cy_meta_configecc, 2276
  28              	cy_meta_configecc:
  29 0000 04       		.byte	4
  30 0001 4F       		.byte	79
  31 0002 00       		.byte	0
  32 0003 40       		.byte	64
  33 0004 06       		.byte	6
  34 0005 52       		.byte	82
  35 0006 00       		.byte	0
  36 0007 40       		.byte	64
  37 0008 01       		.byte	1
  38 0009 5A       		.byte	90
  39 000a 00       		.byte	0
  40 000b 40       		.byte	64
  41 000c 01       		.byte	1
  42 000d 64       		.byte	100
  43 000e 00       		.byte	0
  44 000f 40       		.byte	64
  45 0010 01       		.byte	1
  46 0011 65       		.byte	101
  47 0012 00       		.byte	0
  48 0013 40       		.byte	64
  49 0014 04       		.byte	4
  50 0015 01       		.byte	1
  51 0016 01       		.byte	1
  52 0017 40       		.byte	64
  53 0018 26       		.byte	38
  54 0019 02       		.byte	2
  55 001a 01       		.byte	1
  56 001b 40       		.byte	64
  57 001c 38       		.byte	56
ARM GAS  C:\Users\simon\AppData\Local\Temp\ccwnuCJg.s 			page 2


  58 001d 03       		.byte	3
  59 001e 01       		.byte	1
  60 001f 40       		.byte	64
  61 0020 30       		.byte	48
  62 0021 04       		.byte	4
  63 0022 01       		.byte	1
  64 0023 40       		.byte	64
  65 0024 36       		.byte	54
  66 0025 05       		.byte	5
  67 0026 01       		.byte	1
  68 0027 40       		.byte	64
  69 0028 11       		.byte	17
  70 0029 07       		.byte	7
  71 002a 01       		.byte	1
  72 002b 40       		.byte	64
  73 002c 52       		.byte	82
  74 002d 08       		.byte	8
  75 002e 01       		.byte	1
  76 002f 40       		.byte	64
  77 0030 4F       		.byte	79
  78 0031 09       		.byte	9
  79 0032 01       		.byte	1
  80 0033 40       		.byte	64
  81 0034 41       		.byte	65
  82 0035 0A       		.byte	10
  83 0036 01       		.byte	1
  84 0037 40       		.byte	64
  85 0038 40       		.byte	64
  86 0039 0B       		.byte	11
  87 003a 01       		.byte	1
  88 003b 40       		.byte	64
  89 003c 42       		.byte	66
  90 003d 0C       		.byte	12
  91 003e 01       		.byte	1
  92 003f 40       		.byte	64
  93 0040 2C       		.byte	44
  94 0041 0D       		.byte	13
  95 0042 01       		.byte	1
  96 0043 40       		.byte	64
  97 0044 43       		.byte	67
  98 0045 14       		.byte	20
  99 0046 01       		.byte	1
 100 0047 40       		.byte	64
 101 0048 31       		.byte	49
 102 0049 15       		.byte	21
 103 004a 01       		.byte	1
 104 004b 40       		.byte	64
 105 004c 4E       		.byte	78
 106 004d 16       		.byte	22
 107 004e 01       		.byte	1
 108 004f 40       		.byte	64
 109 0050 33       		.byte	51
 110 0051 17       		.byte	23
 111 0052 01       		.byte	1
 112 0053 40       		.byte	64
 113 0054 09       		.byte	9
 114 0055 19       		.byte	25
ARM GAS  C:\Users\simon\AppData\Local\Temp\ccwnuCJg.s 			page 3


 115 0056 01       		.byte	1
 116 0057 40       		.byte	64
 117 0058 04       		.byte	4
 118 0059 1B       		.byte	27
 119 005a 01       		.byte	1
 120 005b 40       		.byte	64
 121 005c 13       		.byte	19
 122 005d 40       		.byte	64
 123 005e 01       		.byte	1
 124 005f 40       		.byte	64
 125 0060 14       		.byte	20
 126 0061 41       		.byte	65
 127 0062 01       		.byte	1
 128 0063 40       		.byte	64
 129 0064 07       		.byte	7
 130 0065 42       		.byte	66
 131 0066 01       		.byte	1
 132 0067 40       		.byte	64
 133 0068 09       		.byte	9
 134 0069 43       		.byte	67
 135 006a 01       		.byte	1
 136 006b 40       		.byte	64
 137 006c 02       		.byte	2
 138 006d 44       		.byte	68
 139 006e 01       		.byte	1
 140 006f 40       		.byte	64
 141 0070 0D       		.byte	13
 142 0071 45       		.byte	69
 143 0072 01       		.byte	1
 144 0073 40       		.byte	64
 145 0074 0B       		.byte	11
 146 0075 46       		.byte	70
 147 0076 01       		.byte	1
 148 0077 40       		.byte	64
 149 0078 0A       		.byte	10
 150 0079 47       		.byte	71
 151 007a 01       		.byte	1
 152 007b 40       		.byte	64
 153 007c 09       		.byte	9
 154 007d 48       		.byte	72
 155 007e 01       		.byte	1
 156 007f 40       		.byte	64
 157 0080 15       		.byte	21
 158 0081 49       		.byte	73
 159 0082 01       		.byte	1
 160 0083 40       		.byte	64
 161 0084 05       		.byte	5
 162 0085 4C       		.byte	76
 163 0086 01       		.byte	1
 164 0087 40       		.byte	64
 165 0088 0D       		.byte	13
 166 0089 4D       		.byte	77
 167 008a 01       		.byte	1
 168 008b 40       		.byte	64
 169 008c 09       		.byte	9
 170 008d 50       		.byte	80
 171 008e 01       		.byte	1
ARM GAS  C:\Users\simon\AppData\Local\Temp\ccwnuCJg.s 			page 4


 172 008f 40       		.byte	64
 173 0090 02       		.byte	2
 174 0091 51       		.byte	81
 175 0092 01       		.byte	1
 176 0093 40       		.byte	64
 177 0094 01       		.byte	1
 178 0095 80       		.byte	-128
 179 0096 0A       		.byte	10
 180 0097 27       		.byte	39
 181 0098 0D       		.byte	13
 182 0099 80       		.byte	-128
 183 009a 16       		.byte	22
 184 009b 1B       		.byte	27
 185 009c 00       		.byte	0
 186 009d 34       		.byte	52
 187 009e 01       		.byte	1
 188 009f 58       		.byte	88
 189 00a0 10       		.byte	16
 190 00a1 C8       		.byte	-56
 191 00a2 11       		.byte	17
 192 00a3 84       		.byte	-124
 193 00a4 18       		.byte	24
 194 00a5 65       		.byte	101
 195 00a6 19       		.byte	25
 196 00a7 AC       		.byte	-84
 197 00a8 97       		.byte	-105
 198 00a9 01       		.byte	1
 199 00aa 88       		.byte	-120
 200 00ab 0F       		.byte	15
 201 00ac 87       		.byte	-121
 202 00ad 0D       		.byte	13
 203 00ae 87       		.byte	-121
 204 00af 80       		.byte	-128
 205 00b0 88       		.byte	-120
 206 00b1 0A       		.byte	10
 207 00b2 8E       		.byte	-114
 208 00b3 80       		.byte	-128
 209 00b4 E4       		.byte	-28
 210 00b5 B0       		.byte	-80
 211 00b6 1A       		.byte	26
 212 00b7 04       		.byte	4
 213 00b8 1F       		.byte	31
 214 00b9 01       		.byte	1
 215 00ba 26       		.byte	38
 216 00bb 01       		.byte	1
 217 00bc 2B       		.byte	43
 218 00bd 02       		.byte	2
 219 00be 2E       		.byte	46
 220 00bf 02       		.byte	2
 221 00c0 2F       		.byte	47
 222 00c1 04       		.byte	4
 223 00c2 30       		.byte	48
 224 00c3 01       		.byte	1
 225 00c4 32       		.byte	50
 226 00c5 02       		.byte	2
 227 00c6 33       		.byte	51
 228 00c7 01       		.byte	1
ARM GAS  C:\Users\simon\AppData\Local\Temp\ccwnuCJg.s 			page 5


 229 00c8 34       		.byte	52
 230 00c9 04       		.byte	4
 231 00ca 35       		.byte	53
 232 00cb 04       		.byte	4
 233 00cc 37       		.byte	55
 234 00cd 02       		.byte	2
 235 00ce 58       		.byte	88
 236 00cf 04       		.byte	4
 237 00d0 59       		.byte	89
 238 00d1 04       		.byte	4
 239 00d2 5B       		.byte	91
 240 00d3 04       		.byte	4
 241 00d4 5C       		.byte	92
 242 00d5 33       		.byte	51
 243 00d6 5F       		.byte	95
 244 00d7 01       		.byte	1
 245 00d8 80       		.byte	-128
 246 00d9 02       		.byte	2
 247 00da 82       		.byte	-126
 248 00db 01       		.byte	1
 249 00dc 83       		.byte	-125
 250 00dd 02       		.byte	2
 251 00de 90       		.byte	-112
 252 00df 01       		.byte	1
 253 00e0 92       		.byte	-110
 254 00e1 02       		.byte	2
 255 00e2 94       		.byte	-108
 256 00e3 10       		.byte	16
 257 00e4 96       		.byte	-106
 258 00e5 08       		.byte	8
 259 00e6 A0       		.byte	-96
 260 00e7 08       		.byte	8
 261 00e8 A2       		.byte	-94
 262 00e9 10       		.byte	16
 263 00ea AB       		.byte	-85
 264 00eb 01       		.byte	1
 265 00ec AE       		.byte	-82
 266 00ed 04       		.byte	4
 267 00ee B0       		.byte	-80
 268 00ef 04       		.byte	4
 269 00f0 B1       		.byte	-79
 270 00f1 02       		.byte	2
 271 00f2 B4       		.byte	-76
 272 00f3 18       		.byte	24
 273 00f4 B6       		.byte	-74
 274 00f5 03       		.byte	3
 275 00f6 B7       		.byte	-73
 276 00f7 01       		.byte	1
 277 00f8 D8       		.byte	-40
 278 00f9 04       		.byte	4
 279 00fa D9       		.byte	-39
 280 00fb 04       		.byte	4
 281 00fc DB       		.byte	-37
 282 00fd 04       		.byte	4
 283 00fe DC       		.byte	-36
 284 00ff 33       		.byte	51
 285 0100 DF       		.byte	-33
ARM GAS  C:\Users\simon\AppData\Local\Temp\ccwnuCJg.s 			page 6


 286 0101 01       		.byte	1
 287 0102 00       		.byte	0
 288 0103 01       		.byte	1
 289 0104 03       		.byte	3
 290 0105 40       		.byte	64
 291 0106 09       		.byte	9
 292 0107 02       		.byte	2
 293 0108 0B       		.byte	11
 294 0109 20       		.byte	32
 295 010a 0F       		.byte	15
 296 010b 04       		.byte	4
 297 010c 10       		.byte	16
 298 010d 02       		.byte	2
 299 010e 12       		.byte	18
 300 010f 80       		.byte	-128
 301 0110 14       		.byte	20
 302 0111 02       		.byte	2
 303 0112 16       		.byte	22
 304 0113 20       		.byte	32
 305 0114 18       		.byte	24
 306 0115 80       		.byte	-128
 307 0116 19       		.byte	25
 308 0117 A0       		.byte	-96
 309 0118 1B       		.byte	27
 310 0119 01       		.byte	1
 311 011a 1D       		.byte	29
 312 011b 18       		.byte	24
 313 011c 1E       		.byte	30
 314 011d 50       		.byte	80
 315 011e 1F       		.byte	31
 316 011f 10       		.byte	16
 317 0120 21       		.byte	33
 318 0121 02       		.byte	2
 319 0122 22       		.byte	34
 320 0123 80       		.byte	-128
 321 0124 24       		.byte	36
 322 0125 29       		.byte	41
 323 0126 27       		.byte	39
 324 0127 10       		.byte	16
 325 0128 28       		.byte	40
 326 0129 08       		.byte	8
 327 012a 29       		.byte	41
 328 012b 10       		.byte	16
 329 012c 2C       		.byte	44
 330 012d 08       		.byte	8
 331 012e 2E       		.byte	46
 332 012f 80       		.byte	-128
 333 0130 37       		.byte	55
 334 0131 80       		.byte	-128
 335 0132 38       		.byte	56
 336 0133 01       		.byte	1
 337 0134 58       		.byte	88
 338 0135 09       		.byte	9
 339 0136 5B       		.byte	91
 340 0137 50       		.byte	80
 341 0138 60       		.byte	96
 342 0139 A4       		.byte	-92
ARM GAS  C:\Users\simon\AppData\Local\Temp\ccwnuCJg.s 			page 7


 343 013a 63       		.byte	99
 344 013b 02       		.byte	2
 345 013c 6D       		.byte	109
 346 013d 80       		.byte	-128
 347 013e 6E       		.byte	110
 348 013f 20       		.byte	32
 349 0140 6F       		.byte	111
 350 0141 A0       		.byte	-96
 351 0142 76       		.byte	118
 352 0143 04       		.byte	4
 353 0144 77       		.byte	119
 354 0145 02       		.byte	2
 355 0146 83       		.byte	-125
 356 0147 80       		.byte	-128
 357 0148 86       		.byte	-122
 358 0149 10       		.byte	16
 359 014a 89       		.byte	-119
 360 014b 40       		.byte	64
 361 014c 93       		.byte	-109
 362 014d 04       		.byte	4
 363 014e 98       		.byte	-104
 364 014f 02       		.byte	2
 365 0150 9A       		.byte	-102
 366 0151 80       		.byte	-128
 367 0152 9B       		.byte	-101
 368 0153 80       		.byte	-128
 369 0154 A0       		.byte	-96
 370 0155 0A       		.byte	10
 371 0156 B3       		.byte	-77
 372 0157 04       		.byte	4
 373 0158 B4       		.byte	-76
 374 0159 02       		.byte	2
 375 015a C0       		.byte	-64
 376 015b 08       		.byte	8
 377 015c C2       		.byte	-62
 378 015d 4C       		.byte	76
 379 015e C4       		.byte	-60
 380 015f A9       		.byte	-87
 381 0160 CA       		.byte	-54
 382 0161 34       		.byte	52
 383 0162 CC       		.byte	-52
 384 0163 10       		.byte	16
 385 0164 CE       		.byte	-50
 386 0165 01       		.byte	1
 387 0166 D6       		.byte	-42
 388 0167 0F       		.byte	15
 389 0168 D8       		.byte	-40
 390 0169 0F       		.byte	15
 391 016a E4       		.byte	-28
 392 016b 02       		.byte	2
 393 016c E6       		.byte	-26
 394 016d 20       		.byte	32
 395 016e E8       		.byte	-24
 396 016f 10       		.byte	16
 397 0170 EC       		.byte	-20
 398 0171 20       		.byte	32
 399 0172 04       		.byte	4
ARM GAS  C:\Users\simon\AppData\Local\Temp\ccwnuCJg.s 			page 8


 400 0173 20       		.byte	32
 401 0174 06       		.byte	6
 402 0175 10       		.byte	16
 403 0176 07       		.byte	7
 404 0177 20       		.byte	32
 405 0178 08       		.byte	8
 406 0179 08       		.byte	8
 407 017a 0C       		.byte	12
 408 017b 08       		.byte	8
 409 017c 11       		.byte	17
 410 017d 02       		.byte	2
 411 017e 13       		.byte	19
 412 017f 04       		.byte	4
 413 0180 14       		.byte	20
 414 0181 08       		.byte	8
 415 0182 15       		.byte	21
 416 0183 04       		.byte	4
 417 0184 17       		.byte	23
 418 0185 03       		.byte	3
 419 0186 18       		.byte	24
 420 0187 10       		.byte	16
 421 0188 1A       		.byte	26
 422 0189 20       		.byte	32
 423 018a 1E       		.byte	30
 424 018b 01       		.byte	1
 425 018c 21       		.byte	33
 426 018d 10       		.byte	16
 427 018e 23       		.byte	35
 428 018f 08       		.byte	8
 429 0190 25       		.byte	37
 430 0191 08       		.byte	8
 431 0192 27       		.byte	39
 432 0193 10       		.byte	16
 433 0194 28       		.byte	40
 434 0195 02       		.byte	2
 435 0196 2A       		.byte	42
 436 0197 04       		.byte	4
 437 0198 2C       		.byte	44
 438 0199 04       		.byte	4
 439 019a 2E       		.byte	46
 440 019b 02       		.byte	2
 441 019c 30       		.byte	48
 442 019d 06       		.byte	6
 443 019e 31       		.byte	49
 444 019f 01       		.byte	1
 445 01a0 32       		.byte	50
 446 01a1 30       		.byte	48
 447 01a2 33       		.byte	51
 448 01a3 06       		.byte	6
 449 01a4 34       		.byte	52
 450 01a5 08       		.byte	8
 451 01a6 35       		.byte	53
 452 01a7 20       		.byte	32
 453 01a8 36       		.byte	54
 454 01a9 01       		.byte	1
 455 01aa 37       		.byte	55
 456 01ab 18       		.byte	24
ARM GAS  C:\Users\simon\AppData\Local\Temp\ccwnuCJg.s 			page 9


 457 01ac 3E       		.byte	62
 458 01ad 10       		.byte	16
 459 01ae 58       		.byte	88
 460 01af 04       		.byte	4
 461 01b0 59       		.byte	89
 462 01b1 04       		.byte	4
 463 01b2 5B       		.byte	91
 464 01b3 04       		.byte	4
 465 01b4 5C       		.byte	92
 466 01b5 33       		.byte	51
 467 01b6 5F       		.byte	95
 468 01b7 01       		.byte	1
 469 01b8 88       		.byte	-120
 470 01b9 02       		.byte	2
 471 01ba 8A       		.byte	-118
 472 01bb 01       		.byte	1
 473 01bc 92       		.byte	-110
 474 01bd 04       		.byte	4
 475 01be 97       		.byte	-105
 476 01bf 01       		.byte	1
 477 01c0 9C       		.byte	-100
 478 01c1 01       		.byte	1
 479 01c2 9E       		.byte	-98
 480 01c3 02       		.byte	2
 481 01c4 B1       		.byte	-79
 482 01c5 01       		.byte	1
 483 01c6 B2       		.byte	-78
 484 01c7 04       		.byte	4
 485 01c8 B4       		.byte	-76
 486 01c9 03       		.byte	3
 487 01ca D8       		.byte	-40
 488 01cb 04       		.byte	4
 489 01cc D9       		.byte	-39
 490 01cd 04       		.byte	4
 491 01ce DC       		.byte	-36
 492 01cf 33       		.byte	51
 493 01d0 DF       		.byte	-33
 494 01d1 01       		.byte	1
 495 01d2 00       		.byte	0
 496 01d3 04       		.byte	4
 497 01d4 01       		.byte	1
 498 01d5 A0       		.byte	-96
 499 01d6 04       		.byte	4
 500 01d7 20       		.byte	32
 501 01d8 07       		.byte	7
 502 01d9 04       		.byte	4
 503 01da 09       		.byte	9
 504 01db 20       		.byte	32
 505 01dc 0A       		.byte	10
 506 01dd 02       		.byte	2
 507 01de 0B       		.byte	11
 508 01df 20       		.byte	32
 509 01e0 0E       		.byte	14
 510 01e1 42       		.byte	66
 511 01e2 0F       		.byte	15
 512 01e3 80       		.byte	-128
 513 01e4 12       		.byte	18
ARM GAS  C:\Users\simon\AppData\Local\Temp\ccwnuCJg.s 			page 10


 514 01e5 01       		.byte	1
 515 01e6 13       		.byte	19
 516 01e7 20       		.byte	32
 517 01e8 1A       		.byte	26
 518 01e9 20       		.byte	32
 519 01ea 1B       		.byte	27
 520 01eb 92       		.byte	-110
 521 01ec 1D       		.byte	29
 522 01ed 04       		.byte	4
 523 01ee 1F       		.byte	31
 524 01ef 10       		.byte	16
 525 01f0 21       		.byte	33
 526 01f1 6A       		.byte	106
 527 01f2 26       		.byte	38
 528 01f3 01       		.byte	1
 529 01f4 29       		.byte	41
 530 01f5 04       		.byte	4
 531 01f6 2B       		.byte	43
 532 01f7 40       		.byte	64
 533 01f8 31       		.byte	49
 534 01f9 02       		.byte	2
 535 01fa 33       		.byte	51
 536 01fb 08       		.byte	8
 537 01fc 37       		.byte	55
 538 01fd 04       		.byte	4
 539 01fe 38       		.byte	56
 540 01ff 0C       		.byte	12
 541 0200 58       		.byte	88
 542 0201 01       		.byte	1
 543 0202 5B       		.byte	91
 544 0203 58       		.byte	88
 545 0204 60       		.byte	96
 546 0205 02       		.byte	2
 547 0206 62       		.byte	98
 548 0207 20       		.byte	32
 549 0208 84       		.byte	-124
 550 0209 01       		.byte	1
 551 020a 8E       		.byte	-114
 552 020b 02       		.byte	2
 553 020c 8F       		.byte	-113
 554 020d 20       		.byte	32
 555 020e 90       		.byte	-112
 556 020f A8       		.byte	-88
 557 0210 92       		.byte	-110
 558 0211 50       		.byte	80
 559 0212 99       		.byte	-103
 560 0213 A0       		.byte	-96
 561 0214 A8       		.byte	-88
 562 0215 04       		.byte	4
 563 0216 AA       		.byte	-86
 564 0217 40       		.byte	64
 565 0218 AC       		.byte	-84
 566 0219 01       		.byte	1
 567 021a AD       		.byte	-83
 568 021b 08       		.byte	8
 569 021c AF       		.byte	-81
 570 021d 20       		.byte	32
ARM GAS  C:\Users\simon\AppData\Local\Temp\ccwnuCJg.s 			page 11


 571 021e B2       		.byte	-78
 572 021f 20       		.byte	32
 573 0220 B3       		.byte	-77
 574 0221 02       		.byte	2
 575 0222 B4       		.byte	-76
 576 0223 A4       		.byte	-92
 577 0224 B6       		.byte	-74
 578 0225 04       		.byte	4
 579 0226 C0       		.byte	-64
 580 0227 47       		.byte	71
 581 0228 C2       		.byte	-62
 582 0229 97       		.byte	-105
 583 022a C4       		.byte	-60
 584 022b 03       		.byte	3
 585 022c CA       		.byte	-54
 586 022d 03       		.byte	3
 587 022e CC       		.byte	-52
 588 022f 43       		.byte	67
 589 0230 CE       		.byte	-50
 590 0231 02       		.byte	2
 591 0232 D6       		.byte	-42
 592 0233 0F       		.byte	15
 593 0234 D8       		.byte	-40
 594 0235 0C       		.byte	12
 595 0236 E2       		.byte	-30
 596 0237 02       		.byte	2
 597 0238 EA       		.byte	-22
 598 0239 20       		.byte	32
 599 023a EC       		.byte	-20
 600 023b 80       		.byte	-128
 601 023c EE       		.byte	-18
 602 023d 10       		.byte	16
 603 023e 8F       		.byte	-113
 604 023f 01       		.byte	1
 605 0240 90       		.byte	-112
 606 0241 80       		.byte	-128
 607 0242 91       		.byte	-111
 608 0243 80       		.byte	-128
 609 0244 92       		.byte	-110
 610 0245 30       		.byte	48
 611 0246 96       		.byte	-106
 612 0247 02       		.byte	2
 613 0248 9A       		.byte	-102
 614 0249 02       		.byte	2
 615 024a 9F       		.byte	-97
 616 024b 40       		.byte	64
 617 024c A1       		.byte	-95
 618 024d 08       		.byte	8
 619 024e A3       		.byte	-93
 620 024f 92       		.byte	-110
 621 0250 AA       		.byte	-86
 622 0251 01       		.byte	1
 623 0252 AB       		.byte	-85
 624 0253 08       		.byte	8
 625 0254 B2       		.byte	-78
 626 0255 21       		.byte	33
 627 0256 B4       		.byte	-76
ARM GAS  C:\Users\simon\AppData\Local\Temp\ccwnuCJg.s 			page 12


 628 0257 02       		.byte	2
 629 0258 B7       		.byte	-73
 630 0259 18       		.byte	24
 631 025a E2       		.byte	-30
 632 025b 40       		.byte	64
 633 025c EA       		.byte	-22
 634 025d 04       		.byte	4
 635 025e EC       		.byte	-20
 636 025f 01       		.byte	1
 637 0260 00       		.byte	0
 638 0261 04       		.byte	4
 639 0262 04       		.byte	4
 640 0263 01       		.byte	1
 641 0264 05       		.byte	5
 642 0265 D0       		.byte	-48
 643 0266 06       		.byte	6
 644 0267 02       		.byte	2
 645 0268 09       		.byte	9
 646 0269 02       		.byte	2
 647 026a 0B       		.byte	11
 648 026b 0D       		.byte	13
 649 026c 0C       		.byte	12
 650 026d 06       		.byte	6
 651 026e 0D       		.byte	13
 652 026f 25       		.byte	37
 653 0270 0E       		.byte	14
 654 0271 01       		.byte	1
 655 0272 0F       		.byte	15
 656 0273 4A       		.byte	74
 657 0274 11       		.byte	17
 658 0275 D0       		.byte	-48
 659 0276 15       		.byte	21
 660 0277 20       		.byte	32
 661 0278 17       		.byte	23
 662 0279 D0       		.byte	-48
 663 027a 18       		.byte	24
 664 027b 04       		.byte	4
 665 027c 19       		.byte	25
 666 027d 13       		.byte	19
 667 027e 1B       		.byte	27
 668 027f 2C       		.byte	44
 669 0280 1D       		.byte	29
 670 0281 D0       		.byte	-48
 671 0282 21       		.byte	33
 672 0283 D0       		.byte	-48
 673 0284 25       		.byte	37
 674 0285 29       		.byte	41
 675 0286 27       		.byte	39
 676 0287 86       		.byte	-122
 677 0288 29       		.byte	41
 678 0289 D0       		.byte	-48
 679 028a 34       		.byte	52
 680 028b 07       		.byte	7
 681 028c 35       		.byte	53
 682 028d F0       		.byte	-16
 683 028e 37       		.byte	55
 684 028f 0F       		.byte	15
ARM GAS  C:\Users\simon\AppData\Local\Temp\ccwnuCJg.s 			page 13


 685 0290 3A       		.byte	58
 686 0291 20       		.byte	32
 687 0292 3B       		.byte	59
 688 0293 A0       		.byte	-96
 689 0294 56       		.byte	86
 690 0295 02       		.byte	2
 691 0296 57       		.byte	87
 692 0297 2C       		.byte	44
 693 0298 58       		.byte	88
 694 0299 04       		.byte	4
 695 029a 59       		.byte	89
 696 029b 04       		.byte	4
 697 029c 5B       		.byte	91
 698 029d 04       		.byte	4
 699 029e 5C       		.byte	92
 700 029f 11       		.byte	17
 701 02a0 5D       		.byte	93
 702 02a1 10       		.byte	16
 703 02a2 5F       		.byte	95
 704 02a3 01       		.byte	1
 705 02a4 84       		.byte	-124
 706 02a5 01       		.byte	1
 707 02a6 8C       		.byte	-116
 708 02a7 02       		.byte	2
 709 02a8 90       		.byte	-112
 710 02a9 02       		.byte	2
 711 02aa 93       		.byte	-109
 712 02ab 02       		.byte	2
 713 02ac 94       		.byte	-108
 714 02ad 01       		.byte	1
 715 02ae 9C       		.byte	-100
 716 02af 01       		.byte	1
 717 02b0 A4       		.byte	-92
 718 02b1 02       		.byte	2
 719 02b2 A8       		.byte	-88
 720 02b3 02       		.byte	2
 721 02b4 AB       		.byte	-85
 722 02b5 01       		.byte	1
 723 02b6 AE       		.byte	-82
 724 02b7 02       		.byte	2
 725 02b8 B0       		.byte	-80
 726 02b9 01       		.byte	1
 727 02ba B2       		.byte	-78
 728 02bb 02       		.byte	2
 729 02bc B3       		.byte	-77
 730 02bd 02       		.byte	2
 731 02be B7       		.byte	-73
 732 02bf 01       		.byte	1
 733 02c0 BE       		.byte	-66
 734 02c1 05       		.byte	5
 735 02c2 C0       		.byte	-64
 736 02c3 46       		.byte	70
 737 02c4 C1       		.byte	-63
 738 02c5 02       		.byte	2
 739 02c6 C2       		.byte	-62
 740 02c7 30       		.byte	48
 741 02c8 C4       		.byte	-60
ARM GAS  C:\Users\simon\AppData\Local\Temp\ccwnuCJg.s 			page 14


 742 02c9 01       		.byte	1
 743 02ca C5       		.byte	-59
 744 02cb BE       		.byte	-66
 745 02cc C6       		.byte	-58
 746 02cd FC       		.byte	-4
 747 02ce C7       		.byte	-57
 748 02cf 0D       		.byte	13
 749 02d0 C8       		.byte	-56
 750 02d1 1F       		.byte	31
 751 02d2 C9       		.byte	-55
 752 02d3 FF       		.byte	-1
 753 02d4 CA       		.byte	-54
 754 02d5 FF       		.byte	-1
 755 02d6 CB       		.byte	-53
 756 02d7 FF       		.byte	-1
 757 02d8 CC       		.byte	-52
 758 02d9 22       		.byte	34
 759 02da CE       		.byte	-50
 760 02db F0       		.byte	-16
 761 02dc CF       		.byte	-49
 762 02dd 08       		.byte	8
 763 02de D0       		.byte	-48
 764 02df 04       		.byte	4
 765 02e0 D8       		.byte	-40
 766 02e1 04       		.byte	4
 767 02e2 D9       		.byte	-39
 768 02e3 04       		.byte	4
 769 02e4 DA       		.byte	-38
 770 02e5 04       		.byte	4
 771 02e6 DC       		.byte	-36
 772 02e7 30       		.byte	48
 773 02e8 DD       		.byte	-35
 774 02e9 01       		.byte	1
 775 02ea DF       		.byte	-33
 776 02eb 01       		.byte	1
 777 02ec E2       		.byte	-30
 778 02ed C0       		.byte	-64
 779 02ee E4       		.byte	-28
 780 02ef 40       		.byte	64
 781 02f0 E5       		.byte	-27
 782 02f1 01       		.byte	1
 783 02f2 E6       		.byte	-26
 784 02f3 10       		.byte	16
 785 02f4 E7       		.byte	-25
 786 02f5 11       		.byte	17
 787 02f6 E8       		.byte	-24
 788 02f7 C0       		.byte	-64
 789 02f8 E9       		.byte	-23
 790 02f9 01       		.byte	1
 791 02fa EB       		.byte	-21
 792 02fb 11       		.byte	17
 793 02fc EC       		.byte	-20
 794 02fd 40       		.byte	64
 795 02fe ED       		.byte	-19
 796 02ff 01       		.byte	1
 797 0300 EE       		.byte	-18
 798 0301 40       		.byte	64
ARM GAS  C:\Users\simon\AppData\Local\Temp\ccwnuCJg.s 			page 15


 799 0302 EF       		.byte	-17
 800 0303 01       		.byte	1
 801 0304 00       		.byte	0
 802 0305 04       		.byte	4
 803 0306 01       		.byte	1
 804 0307 80       		.byte	-128
 805 0308 04       		.byte	4
 806 0309 44       		.byte	68
 807 030a 06       		.byte	6
 808 030b 40       		.byte	64
 809 030c 08       		.byte	8
 810 030d 80       		.byte	-128
 811 030e 09       		.byte	9
 812 030f 01       		.byte	1
 813 0310 0B       		.byte	11
 814 0311 20       		.byte	32
 815 0312 0E       		.byte	14
 816 0313 08       		.byte	8
 817 0314 10       		.byte	16
 818 0315 28       		.byte	40
 819 0316 11       		.byte	17
 820 0317 80       		.byte	-128
 821 0318 13       		.byte	19
 822 0319 40       		.byte	64
 823 031a 18       		.byte	24
 824 031b 10       		.byte	16
 825 031c 1B       		.byte	27
 826 031d 01       		.byte	1
 827 031e 1E       		.byte	30
 828 031f 08       		.byte	8
 829 0320 1F       		.byte	31
 830 0321 10       		.byte	16
 831 0322 22       		.byte	34
 832 0323 48       		.byte	72
 833 0324 25       		.byte	37
 834 0325 80       		.byte	-128
 835 0326 27       		.byte	39
 836 0327 08       		.byte	8
 837 0328 29       		.byte	41
 838 0329 20       		.byte	32
 839 032a 2C       		.byte	44
 840 032b 08       		.byte	8
 841 032c 2E       		.byte	46
 842 032d 02       		.byte	2
 843 032e 2F       		.byte	47
 844 032f 10       		.byte	16
 845 0330 32       		.byte	50
 846 0331 02       		.byte	2
 847 0332 37       		.byte	55
 848 0333 59       		.byte	89
 849 0334 3C       		.byte	60
 850 0335 40       		.byte	64
 851 0336 3E       		.byte	62
 852 0337 24       		.byte	36
 853 0338 40       		.byte	64
 854 0339 D4       		.byte	-44
 855 033a 42       		.byte	66
ARM GAS  C:\Users\simon\AppData\Local\Temp\ccwnuCJg.s 			page 16


 856 033b 01       		.byte	1
 857 033c 43       		.byte	67
 858 033d 10       		.byte	16
 859 033e 45       		.byte	69
 860 033f 80       		.byte	-128
 861 0340 46       		.byte	70
 862 0341 01       		.byte	1
 863 0342 48       		.byte	72
 864 0343 40       		.byte	64
 865 0344 49       		.byte	73
 866 0345 04       		.byte	4
 867 0346 4B       		.byte	75
 868 0347 20       		.byte	32
 869 0348 50       		.byte	80
 870 0349 04       		.byte	4
 871 034a 52       		.byte	82
 872 034b 50       		.byte	80
 873 034c 66       		.byte	102
 874 034d 01       		.byte	1
 875 034e 6C       		.byte	108
 876 034f 38       		.byte	56
 877 0350 6D       		.byte	109
 878 0351 82       		.byte	-126
 879 0352 6E       		.byte	110
 880 0353 06       		.byte	6
 881 0354 6F       		.byte	111
 882 0355 41       		.byte	65
 883 0356 75       		.byte	117
 884 0357 80       		.byte	-128
 885 0358 76       		.byte	118
 886 0359 02       		.byte	2
 887 035a 77       		.byte	119
 888 035b 02       		.byte	2
 889 035c 81       		.byte	-127
 890 035d 02       		.byte	2
 891 035e 89       		.byte	-119
 892 035f 20       		.byte	32
 893 0360 8E       		.byte	-114
 894 0361 21       		.byte	33
 895 0362 90       		.byte	-112
 896 0363 44       		.byte	68
 897 0364 94       		.byte	-108
 898 0365 28       		.byte	40
 899 0366 96       		.byte	-106
 900 0367 80       		.byte	-128
 901 0368 97       		.byte	-105
 902 0369 60       		.byte	96
 903 036a 9C       		.byte	-100
 904 036b 02       		.byte	2
 905 036c 9D       		.byte	-99
 906 036d 06       		.byte	6
 907 036e 9E       		.byte	-98
 908 036f 52       		.byte	82
 909 0370 9F       		.byte	-97
 910 0371 42       		.byte	66
 911 0372 A0       		.byte	-96
 912 0373 10       		.byte	16
ARM GAS  C:\Users\simon\AppData\Local\Temp\ccwnuCJg.s 			page 17


 913 0374 A3       		.byte	-93
 914 0375 80       		.byte	-128
 915 0376 A4       		.byte	-92
 916 0377 68       		.byte	104
 917 0378 A6       		.byte	-90
 918 0379 09       		.byte	9
 919 037a A7       		.byte	-89
 920 037b 01       		.byte	1
 921 037c AB       		.byte	-85
 922 037d 10       		.byte	16
 923 037e B2       		.byte	-78
 924 037f 80       		.byte	-128
 925 0380 B3       		.byte	-77
 926 0381 20       		.byte	32
 927 0382 B6       		.byte	-74
 928 0383 40       		.byte	64
 929 0384 B7       		.byte	-73
 930 0385 08       		.byte	8
 931 0386 C0       		.byte	-64
 932 0387 B5       		.byte	-75
 933 0388 C2       		.byte	-62
 934 0389 4D       		.byte	77
 935 038a C4       		.byte	-60
 936 038b 07       		.byte	7
 937 038c CA       		.byte	-54
 938 038d E4       		.byte	-28
 939 038e CC       		.byte	-52
 940 038f F1       		.byte	-15
 941 0390 CE       		.byte	-50
 942 0391 70       		.byte	112
 943 0392 D0       		.byte	-48
 944 0393 0F       		.byte	15
 945 0394 D2       		.byte	-46
 946 0395 04       		.byte	4
 947 0396 D8       		.byte	-40
 948 0397 80       		.byte	-128
 949 0398 E0       		.byte	-32
 950 0399 40       		.byte	64
 951 039a E6       		.byte	-26
 952 039b 04       		.byte	4
 953 039c EA       		.byte	-22
 954 039d 10       		.byte	16
 955 039e EC       		.byte	-20
 956 039f 01       		.byte	1
 957 03a0 EE       		.byte	-18
 958 03a1 40       		.byte	64
 959 03a2 00       		.byte	0
 960 03a3 08       		.byte	8
 961 03a4 01       		.byte	1
 962 03a5 01       		.byte	1
 963 03a6 03       		.byte	3
 964 03a7 08       		.byte	8
 965 03a8 05       		.byte	5
 966 03a9 03       		.byte	3
 967 03aa 06       		.byte	6
 968 03ab 07       		.byte	7
 969 03ac 07       		.byte	7
ARM GAS  C:\Users\simon\AppData\Local\Temp\ccwnuCJg.s 			page 18


 970 03ad 04       		.byte	4
 971 03ae 09       		.byte	9
 972 03af 0C       		.byte	12
 973 03b0 0B       		.byte	11
 974 03b1 03       		.byte	3
 975 03b2 0C       		.byte	12
 976 03b3 03       		.byte	3
 977 03b4 0D       		.byte	13
 978 03b5 08       		.byte	8
 979 03b6 0E       		.byte	14
 980 03b7 0C       		.byte	12
 981 03b8 0F       		.byte	15
 982 03b9 02       		.byte	2
 983 03ba 14       		.byte	20
 984 03bb 0E       		.byte	14
 985 03bc 15       		.byte	21
 986 03bd 02       		.byte	2
 987 03be 16       		.byte	22
 988 03bf 01       		.byte	1
 989 03c0 17       		.byte	23
 990 03c1 08       		.byte	8
 991 03c2 18       		.byte	24
 992 03c3 02       		.byte	2
 993 03c4 19       		.byte	25
 994 03c5 08       		.byte	8
 995 03c6 1A       		.byte	26
 996 03c7 0C       		.byte	12
 997 03c8 1B       		.byte	27
 998 03c9 02       		.byte	2
 999 03ca 1D       		.byte	29
 1000 03cb 0A       		.byte	10
 1001 03cc 20       		.byte	32
 1002 03cd 08       		.byte	8
 1003 03ce 21       		.byte	33
 1004 03cf 0A       		.byte	10
 1005 03d0 24       		.byte	36
 1006 03d1 08       		.byte	8
 1007 03d2 29       		.byte	41
 1008 03d3 08       		.byte	8
 1009 03d4 2A       		.byte	42
 1010 03d5 08       		.byte	8
 1011 03d6 2C       		.byte	44
 1012 03d7 08       		.byte	8
 1013 03d8 2D       		.byte	45
 1014 03d9 02       		.byte	2
 1015 03da 30       		.byte	48
 1016 03db 01       		.byte	1
 1017 03dc 31       		.byte	49
 1018 03dd 0F       		.byte	15
 1019 03de 34       		.byte	52
 1020 03df 0E       		.byte	14
 1021 03e0 3A       		.byte	58
 1022 03e1 20       		.byte	32
 1023 03e2 3B       		.byte	59
 1024 03e3 02       		.byte	2
 1025 03e4 3E       		.byte	62
 1026 03e5 01       		.byte	1
ARM GAS  C:\Users\simon\AppData\Local\Temp\ccwnuCJg.s 			page 19


 1027 03e6 54       		.byte	84
 1028 03e7 09       		.byte	9
 1029 03e8 58       		.byte	88
 1030 03e9 04       		.byte	4
 1031 03ea 59       		.byte	89
 1032 03eb 04       		.byte	4
 1033 03ec 5B       		.byte	91
 1034 03ed 04       		.byte	4
 1035 03ee 5C       		.byte	92
 1036 03ef 11       		.byte	17
 1037 03f0 5D       		.byte	93
 1038 03f1 10       		.byte	16
 1039 03f2 5F       		.byte	95
 1040 03f3 01       		.byte	1
 1041 03f4 82       		.byte	-126
 1042 03f5 02       		.byte	2
 1043 03f6 88       		.byte	-120
 1044 03f7 04       		.byte	4
 1045 03f8 8A       		.byte	-118
 1046 03f9 08       		.byte	8
 1047 03fa 8C       		.byte	-116
 1048 03fb 10       		.byte	16
 1049 03fc 8E       		.byte	-114
 1050 03fd 20       		.byte	32
 1051 03fe 90       		.byte	-112
 1052 03ff 08       		.byte	8
 1053 0400 92       		.byte	-110
 1054 0401 04       		.byte	4
 1055 0402 97       		.byte	-105
 1056 0403 01       		.byte	1
 1057 0404 9F       		.byte	-97
 1058 0405 04       		.byte	4
 1059 0406 A4       		.byte	-92
 1060 0407 20       		.byte	32
 1061 0408 A6       		.byte	-90
 1062 0409 10       		.byte	16
 1063 040a AA       		.byte	-86
 1064 040b 01       		.byte	1
 1065 040c AF       		.byte	-81
 1066 040d 02       		.byte	2
 1067 040e B0       		.byte	-80
 1068 040f 02       		.byte	2
 1069 0410 B2       		.byte	-78
 1070 0411 01       		.byte	1
 1071 0412 B3       		.byte	-77
 1072 0413 02       		.byte	2
 1073 0414 B4       		.byte	-76
 1074 0415 0C       		.byte	12
 1075 0416 B5       		.byte	-75
 1076 0417 04       		.byte	4
 1077 0418 B6       		.byte	-74
 1078 0419 30       		.byte	48
 1079 041a B7       		.byte	-73
 1080 041b 01       		.byte	1
 1081 041c D8       		.byte	-40
 1082 041d 04       		.byte	4
 1083 041e D9       		.byte	-39
ARM GAS  C:\Users\simon\AppData\Local\Temp\ccwnuCJg.s 			page 20


 1084 041f 04       		.byte	4
 1085 0420 DC       		.byte	-36
 1086 0421 33       		.byte	51
 1087 0422 DF       		.byte	-33
 1088 0423 01       		.byte	1
 1089 0424 00       		.byte	0
 1090 0425 44       		.byte	68
 1091 0426 02       		.byte	2
 1092 0427 01       		.byte	1
 1093 0428 03       		.byte	3
 1094 0429 40       		.byte	64
 1095 042a 05       		.byte	5
 1096 042b 02       		.byte	2
 1097 042c 07       		.byte	7
 1098 042d 05       		.byte	5
 1099 042e 0A       		.byte	10
 1100 042f 04       		.byte	4
 1101 0430 0B       		.byte	11
 1102 0431 30       		.byte	48
 1103 0432 0E       		.byte	14
 1104 0433 80       		.byte	-128
 1105 0434 10       		.byte	16
 1106 0435 28       		.byte	40
 1107 0436 13       		.byte	19
 1108 0437 42       		.byte	66
 1109 0438 17       		.byte	23
 1110 0439 18       		.byte	24
 1111 043a 19       		.byte	25
 1112 043b 20       		.byte	32
 1113 043c 1A       		.byte	26
 1114 043d 44       		.byte	68
 1115 043e 1D       		.byte	29
 1116 043f 0A       		.byte	10
 1117 0440 1E       		.byte	30
 1118 0441 08       		.byte	8
 1119 0442 1F       		.byte	31
 1120 0443 81       		.byte	-127
 1121 0444 20       		.byte	32
 1122 0445 40       		.byte	64
 1123 0446 27       		.byte	39
 1124 0447 15       		.byte	21
 1125 0448 29       		.byte	41
 1126 0449 20       		.byte	32
 1127 044a 2A       		.byte	42
 1128 044b C2       		.byte	-62
 1129 044c 2F       		.byte	47
 1130 044d 02       		.byte	2
 1131 044e 30       		.byte	48
 1132 044f 28       		.byte	40
 1133 0450 33       		.byte	51
 1134 0451 40       		.byte	64
 1135 0452 36       		.byte	54
 1136 0453 48       		.byte	72
 1137 0454 37       		.byte	55
 1138 0455 08       		.byte	8
 1139 0456 38       		.byte	56
 1140 0457 04       		.byte	4
ARM GAS  C:\Users\simon\AppData\Local\Temp\ccwnuCJg.s 			page 21


 1141 0458 3A       		.byte	58
 1142 0459 01       		.byte	1
 1143 045a 3B       		.byte	59
 1144 045b 60       		.byte	96
 1145 045c 58       		.byte	88
 1146 045d 02       		.byte	2
 1147 045e 59       		.byte	89
 1148 045f 04       		.byte	4
 1149 0460 5A       		.byte	90
 1150 0461 40       		.byte	64
 1151 0462 5B       		.byte	91
 1152 0463 20       		.byte	32
 1153 0464 63       		.byte	99
 1154 0465 02       		.byte	2
 1155 0466 85       		.byte	-123
 1156 0467 02       		.byte	2
 1157 0468 8D       		.byte	-115
 1158 0469 08       		.byte	8
 1159 046a 8E       		.byte	-114
 1160 046b 04       		.byte	4
 1161 046c 8F       		.byte	-113
 1162 046d 02       		.byte	2
 1163 046e 90       		.byte	-112
 1164 046f 04       		.byte	4
 1165 0470 94       		.byte	-108
 1166 0471 28       		.byte	40
 1167 0472 96       		.byte	-106
 1168 0473 04       		.byte	4
 1169 0474 97       		.byte	-105
 1170 0475 52       		.byte	82
 1171 0476 9D       		.byte	-99
 1172 0477 20       		.byte	32
 1173 0478 9E       		.byte	-98
 1174 0479 51       		.byte	81
 1175 047a 9F       		.byte	-97
 1176 047b 42       		.byte	66
 1177 047c A0       		.byte	-96
 1178 047d 10       		.byte	16
 1179 047e A2       		.byte	-94
 1180 047f 40       		.byte	64
 1181 0480 A4       		.byte	-92
 1182 0481 48       		.byte	72
 1183 0482 A6       		.byte	-90
 1184 0483 01       		.byte	1
 1185 0484 A9       		.byte	-87
 1186 0485 80       		.byte	-128
 1187 0486 AA       		.byte	-86
 1188 0487 20       		.byte	32
 1189 0488 AD       		.byte	-83
 1190 0489 01       		.byte	1
 1191 048a B4       		.byte	-76
 1192 048b 50       		.byte	80
 1193 048c C0       		.byte	-64
 1194 048d DD       		.byte	-35
 1195 048e C2       		.byte	-62
 1196 048f 16       		.byte	22
 1197 0490 C4       		.byte	-60
ARM GAS  C:\Users\simon\AppData\Local\Temp\ccwnuCJg.s 			page 22


 1198 0491 6F       		.byte	111
 1199 0492 CA       		.byte	-54
 1200 0493 1D       		.byte	29
 1201 0494 CC       		.byte	-52
 1202 0495 5E       		.byte	94
 1203 0496 CE       		.byte	-50
 1204 0497 0F       		.byte	15
 1205 0498 D6       		.byte	-42
 1206 0499 0F       		.byte	15
 1207 049a D8       		.byte	-40
 1208 049b 08       		.byte	8
 1209 049c E2       		.byte	-30
 1210 049d 40       		.byte	64
 1211 049e E6       		.byte	-26
 1212 049f 10       		.byte	16
 1213 04a0 EA       		.byte	-22
 1214 04a1 40       		.byte	64
 1215 04a2 EC       		.byte	-20
 1216 04a3 02       		.byte	2
 1217 04a4 00       		.byte	0
 1218 04a5 08       		.byte	8
 1219 04a6 02       		.byte	2
 1220 04a7 04       		.byte	4
 1221 04a8 06       		.byte	6
 1222 04a9 01       		.byte	1
 1223 04aa 08       		.byte	8
 1224 04ab 01       		.byte	1
 1225 04ac 12       		.byte	18
 1226 04ad 01       		.byte	1
 1227 04ae 14       		.byte	20
 1228 04af 01       		.byte	1
 1229 04b0 1A       		.byte	26
 1230 04b1 02       		.byte	2
 1231 04b2 1C       		.byte	28
 1232 04b3 01       		.byte	1
 1233 04b4 20       		.byte	32
 1234 04b5 01       		.byte	1
 1235 04b6 24       		.byte	36
 1236 04b7 04       		.byte	4
 1237 04b8 26       		.byte	38
 1238 04b9 08       		.byte	8
 1239 04ba 2F       		.byte	47
 1240 04bb 01       		.byte	1
 1241 04bc 30       		.byte	48
 1242 04bd 02       		.byte	2
 1243 04be 32       		.byte	50
 1244 04bf 0C       		.byte	12
 1245 04c0 34       		.byte	52
 1246 04c1 01       		.byte	1
 1247 04c2 35       		.byte	53
 1248 04c3 01       		.byte	1
 1249 04c4 3E       		.byte	62
 1250 04c5 10       		.byte	16
 1251 04c6 54       		.byte	84
 1252 04c7 40       		.byte	64
 1253 04c8 58       		.byte	88
 1254 04c9 04       		.byte	4
ARM GAS  C:\Users\simon\AppData\Local\Temp\ccwnuCJg.s 			page 23


 1255 04ca 59       		.byte	89
 1256 04cb 04       		.byte	4
 1257 04cc 5B       		.byte	91
 1258 04cd 04       		.byte	4
 1259 04ce 5C       		.byte	92
 1260 04cf 33       		.byte	51
 1261 04d0 5D       		.byte	93
 1262 04d1 10       		.byte	16
 1263 04d2 5F       		.byte	95
 1264 04d3 01       		.byte	1
 1265 04d4 81       		.byte	-127
 1266 04d5 0E       		.byte	14
 1267 04d6 84       		.byte	-124
 1268 04d7 07       		.byte	7
 1269 04d8 85       		.byte	-123
 1270 04d9 E3       		.byte	-29
 1271 04da 86       		.byte	-122
 1272 04db 38       		.byte	56
 1273 04dc 87       		.byte	-121
 1274 04dd 04       		.byte	4
 1275 04de 88       		.byte	-120
 1276 04df 01       		.byte	1
 1277 04e0 89       		.byte	-119
 1278 04e1 44       		.byte	68
 1279 04e2 8B       		.byte	-117
 1280 04e3 B9       		.byte	-71
 1281 04e4 8C       		.byte	-116
 1282 04e5 60       		.byte	96
 1283 04e6 8D       		.byte	-115
 1284 04e7 40       		.byte	64
 1285 04e8 8F       		.byte	-113
 1286 04e9 80       		.byte	-128
 1287 04ea 90       		.byte	-112
 1288 04eb 04       		.byte	4
 1289 04ec 91       		.byte	-111
 1290 04ed C0       		.byte	-64
 1291 04ee 94       		.byte	-108
 1292 04ef 56       		.byte	86
 1293 04f0 96       		.byte	-106
 1294 04f1 09       		.byte	9
 1295 04f2 97       		.byte	-105
 1296 04f3 10       		.byte	16
 1297 04f4 98       		.byte	-104
 1298 04f5 04       		.byte	4
 1299 04f6 99       		.byte	-103
 1300 04f7 40       		.byte	64
 1301 04f8 9B       		.byte	-101
 1302 04f9 80       		.byte	-128
 1303 04fa 9C       		.byte	-100
 1304 04fb 04       		.byte	4
 1305 04fc 9D       		.byte	-99
 1306 04fd C0       		.byte	-64
 1307 04fe A0       		.byte	-96
 1308 04ff 04       		.byte	4
 1309 0500 A1       		.byte	-95
 1310 0501 05       		.byte	5
 1311 0502 A3       		.byte	-93
ARM GAS  C:\Users\simon\AppData\Local\Temp\ccwnuCJg.s 			page 24


 1312 0503 7A       		.byte	122
 1313 0504 A4       		.byte	-92
 1314 0505 04       		.byte	4
 1315 0506 A5       		.byte	-91
 1316 0507 80       		.byte	-128
 1317 0508 A7       		.byte	-89
 1318 0509 40       		.byte	64
 1319 050a A9       		.byte	-87
 1320 050b 40       		.byte	64
 1321 050c AA       		.byte	-86
 1322 050d 04       		.byte	4
 1323 050e AC       		.byte	-84
 1324 050f 0A       		.byte	10
 1325 0510 AD       		.byte	-83
 1326 0511 80       		.byte	-128
 1327 0512 AE       		.byte	-82
 1328 0513 10       		.byte	16
 1329 0514 B1       		.byte	-79
 1330 0515 0F       		.byte	15
 1331 0516 B2       		.byte	-78
 1332 0517 7F       		.byte	127
 1333 0518 B3       		.byte	-77
 1334 0519 30       		.byte	48
 1335 051a B5       		.byte	-75
 1336 051b C1       		.byte	-63
 1337 051c B8       		.byte	-72
 1338 051d 08       		.byte	8
 1339 051e B9       		.byte	-71
 1340 051f 02       		.byte	2
 1341 0520 D8       		.byte	-40
 1342 0521 04       		.byte	4
 1343 0522 D9       		.byte	-39
 1344 0523 04       		.byte	4
 1345 0524 DC       		.byte	-36
 1346 0525 11       		.byte	17
 1347 0526 DF       		.byte	-33
 1348 0527 01       		.byte	1
 1349 0528 00       		.byte	0
 1350 0529 94       		.byte	-108
 1351 052a 04       		.byte	4
 1352 052b 28       		.byte	40
 1353 052c 05       		.byte	5
 1354 052d 10       		.byte	16
 1355 052e 06       		.byte	6
 1356 052f A0       		.byte	-96
 1357 0530 0A       		.byte	10
 1358 0531 05       		.byte	5
 1359 0532 0B       		.byte	11
 1360 0533 50       		.byte	80
 1361 0534 0C       		.byte	12
 1362 0535 18       		.byte	24
 1363 0536 0E       		.byte	14
 1364 0537 03       		.byte	3
 1365 0538 0F       		.byte	15
 1366 0539 60       		.byte	96
 1367 053a 10       		.byte	16
 1368 053b 28       		.byte	40
ARM GAS  C:\Users\simon\AppData\Local\Temp\ccwnuCJg.s 			page 25


 1369 053c 12       		.byte	18
 1370 053d 01       		.byte	1
 1371 053e 13       		.byte	19
 1372 053f 02       		.byte	2
 1373 0540 17       		.byte	23
 1374 0541 0B       		.byte	11
 1375 0542 18       		.byte	24
 1376 0543 10       		.byte	16
 1377 0544 1C       		.byte	28
 1378 0545 60       		.byte	96
 1379 0546 1E       		.byte	30
 1380 0547 80       		.byte	-128
 1381 0548 1F       		.byte	31
 1382 0549 10       		.byte	16
 1383 054a 20       		.byte	32
 1384 054b 04       		.byte	4
 1385 054c 21       		.byte	33
 1386 054d 09       		.byte	9
 1387 054e 27       		.byte	39
 1388 054f 08       		.byte	8
 1389 0550 29       		.byte	41
 1390 0551 20       		.byte	32
 1391 0552 2A       		.byte	42
 1392 0553 41       		.byte	65
 1393 0554 2B       		.byte	43
 1394 0555 10       		.byte	16
 1395 0556 2E       		.byte	46
 1396 0557 80       		.byte	-128
 1397 0558 2F       		.byte	47
 1398 0559 01       		.byte	1
 1399 055a 30       		.byte	48
 1400 055b 20       		.byte	32
 1401 055c 31       		.byte	49
 1402 055d 18       		.byte	24
 1403 055e 33       		.byte	51
 1404 055f 41       		.byte	65
 1405 0560 38       		.byte	56
 1406 0561 04       		.byte	4
 1407 0562 39       		.byte	57
 1408 0563 02       		.byte	2
 1409 0564 3B       		.byte	59
 1410 0565 50       		.byte	80
 1411 0566 65       		.byte	101
 1412 0567 80       		.byte	-128
 1413 0568 66       		.byte	102
 1414 0569 10       		.byte	16
 1415 056a 67       		.byte	103
 1416 056b 20       		.byte	32
 1417 056c 81       		.byte	-127
 1418 056d 08       		.byte	8
 1419 056e 84       		.byte	-124
 1420 056f 10       		.byte	16
 1421 0570 C0       		.byte	-64
 1422 0571 77       		.byte	119
 1423 0572 C2       		.byte	-62
 1424 0573 FF       		.byte	-1
 1425 0574 C4       		.byte	-60
ARM GAS  C:\Users\simon\AppData\Local\Temp\ccwnuCJg.s 			page 26


 1426 0575 3F       		.byte	63
 1427 0576 CA       		.byte	-54
 1428 0577 1F       		.byte	31
 1429 0578 CC       		.byte	-52
 1430 0579 0F       		.byte	15
 1431 057a CE       		.byte	-50
 1432 057b 0F       		.byte	15
 1433 057c D8       		.byte	-40
 1434 057d 70       		.byte	112
 1435 057e E0       		.byte	-32
 1436 057f 01       		.byte	1
 1437 0580 0B       		.byte	11
 1438 0581 04       		.byte	4
 1439 0582 0F       		.byte	15
 1440 0583 02       		.byte	2
 1441 0584 10       		.byte	16
 1442 0585 10       		.byte	16
 1443 0586 12       		.byte	18
 1444 0587 08       		.byte	8
 1445 0588 14       		.byte	20
 1446 0589 02       		.byte	2
 1447 058a 16       		.byte	22
 1448 058b 01       		.byte	1
 1449 058c 17       		.byte	23
 1450 058d 01       		.byte	1
 1451 058e 1C       		.byte	28
 1452 058f 01       		.byte	1
 1453 0590 1E       		.byte	30
 1454 0591 02       		.byte	2
 1455 0592 23       		.byte	35
 1456 0593 08       		.byte	8
 1457 0594 24       		.byte	36
 1458 0595 08       		.byte	8
 1459 0596 26       		.byte	38
 1460 0597 10       		.byte	16
 1461 0598 2A       		.byte	42
 1462 0599 04       		.byte	4
 1463 059a 30       		.byte	48
 1464 059b 18       		.byte	24
 1465 059c 31       		.byte	49
 1466 059d 08       		.byte	8
 1467 059e 32       		.byte	50
 1468 059f 04       		.byte	4
 1469 05a0 33       		.byte	51
 1470 05a1 01       		.byte	1
 1471 05a2 35       		.byte	53
 1472 05a3 02       		.byte	2
 1473 05a4 36       		.byte	54
 1474 05a5 03       		.byte	3
 1475 05a6 37       		.byte	55
 1476 05a7 04       		.byte	4
 1477 05a8 40       		.byte	64
 1478 05a9 45       		.byte	69
 1479 05aa 49       		.byte	73
 1480 05ab FF       		.byte	-1
 1481 05ac 4A       		.byte	74
 1482 05ad FF       		.byte	-1
ARM GAS  C:\Users\simon\AppData\Local\Temp\ccwnuCJg.s 			page 27


 1483 05ae 4B       		.byte	75
 1484 05af FF       		.byte	-1
 1485 05b0 4F       		.byte	79
 1486 05b1 01       		.byte	1
 1487 05b2 50       		.byte	80
 1488 05b3 18       		.byte	24
 1489 05b4 52       		.byte	82
 1490 05b5 80       		.byte	-128
 1491 05b6 58       		.byte	88
 1492 05b7 04       		.byte	4
 1493 05b8 59       		.byte	89
 1494 05b9 04       		.byte	4
 1495 05ba 5A       		.byte	90
 1496 05bb 04       		.byte	4
 1497 05bc 5B       		.byte	91
 1498 05bd 04       		.byte	4
 1499 05be 5C       		.byte	92
 1500 05bf 33       		.byte	51
 1501 05c0 5D       		.byte	93
 1502 05c1 99       		.byte	-103
 1503 05c2 5F       		.byte	95
 1504 05c3 01       		.byte	1
 1505 05c4 60       		.byte	96
 1506 05c5 40       		.byte	64
 1507 05c6 62       		.byte	98
 1508 05c7 40       		.byte	64
 1509 05c8 64       		.byte	100
 1510 05c9 40       		.byte	64
 1511 05ca 65       		.byte	101
 1512 05cb 40       		.byte	64
 1513 05cc 66       		.byte	102
 1514 05cd 80       		.byte	-128
 1515 05ce 68       		.byte	104
 1516 05cf 80       		.byte	-128
 1517 05d0 6A       		.byte	106
 1518 05d1 80       		.byte	-128
 1519 05d2 6C       		.byte	108
 1520 05d3 80       		.byte	-128
 1521 05d4 6E       		.byte	110
 1522 05d5 80       		.byte	-128
 1523 05d6 B8       		.byte	-72
 1524 05d7 02       		.byte	2
 1525 05d8 BE       		.byte	-66
 1526 05d9 01       		.byte	1
 1527 05da C0       		.byte	-64
 1528 05db 41       		.byte	65
 1529 05dc C9       		.byte	-55
 1530 05dd FF       		.byte	-1
 1531 05de CA       		.byte	-54
 1532 05df FF       		.byte	-1
 1533 05e0 CB       		.byte	-53
 1534 05e1 FF       		.byte	-1
 1535 05e2 CD       		.byte	-51
 1536 05e3 83       		.byte	-125
 1537 05e4 CE       		.byte	-50
 1538 05e5 03       		.byte	3
 1539 05e6 CF       		.byte	-49
ARM GAS  C:\Users\simon\AppData\Local\Temp\ccwnuCJg.s 			page 28


 1540 05e7 01       		.byte	1
 1541 05e8 D0       		.byte	-48
 1542 05e9 18       		.byte	24
 1543 05ea D8       		.byte	-40
 1544 05eb 04       		.byte	4
 1545 05ec DA       		.byte	-38
 1546 05ed 04       		.byte	4
 1547 05ee DB       		.byte	-37
 1548 05ef 04       		.byte	4
 1549 05f0 DD       		.byte	-35
 1550 05f1 09       		.byte	9
 1551 05f2 DF       		.byte	-33
 1552 05f3 01       		.byte	1
 1553 05f4 E0       		.byte	-32
 1554 05f5 40       		.byte	64
 1555 05f6 E2       		.byte	-30
 1556 05f7 40       		.byte	64
 1557 05f8 E4       		.byte	-28
 1558 05f9 40       		.byte	64
 1559 05fa E5       		.byte	-27
 1560 05fb 40       		.byte	64
 1561 05fc E6       		.byte	-26
 1562 05fd 80       		.byte	-128
 1563 05fe E8       		.byte	-24
 1564 05ff 80       		.byte	-128
 1565 0600 EA       		.byte	-22
 1566 0601 80       		.byte	-128
 1567 0602 EC       		.byte	-20
 1568 0603 80       		.byte	-128
 1569 0604 EE       		.byte	-18
 1570 0605 80       		.byte	-128
 1571 0606 09       		.byte	9
 1572 0607 80       		.byte	-128
 1573 0608 0A       		.byte	10
 1574 0609 10       		.byte	16
 1575 060a 0B       		.byte	11
 1576 060b 50       		.byte	80
 1577 060c 10       		.byte	16
 1578 060d 04       		.byte	4
 1579 060e 12       		.byte	18
 1580 060f 20       		.byte	32
 1581 0610 18       		.byte	24
 1582 0611 02       		.byte	2
 1583 0612 1B       		.byte	27
 1584 0613 09       		.byte	9
 1585 0614 1F       		.byte	31
 1586 0615 01       		.byte	1
 1587 0616 21       		.byte	33
 1588 0617 80       		.byte	-128
 1589 0618 22       		.byte	34
 1590 0619 25       		.byte	37
 1591 061a 2B       		.byte	43
 1592 061b 40       		.byte	64
 1593 061c 33       		.byte	51
 1594 061d 08       		.byte	8
 1595 061e 38       		.byte	56
 1596 061f 80       		.byte	-128
ARM GAS  C:\Users\simon\AppData\Local\Temp\ccwnuCJg.s 			page 29


 1597 0620 3B       		.byte	59
 1598 0621 50       		.byte	80
 1599 0622 41       		.byte	65
 1600 0623 02       		.byte	2
 1601 0624 45       		.byte	69
 1602 0625 02       		.byte	2
 1603 0626 46       		.byte	70
 1604 0627 01       		.byte	1
 1605 0628 48       		.byte	72
 1606 0629 02       		.byte	2
 1607 062a 6C       		.byte	108
 1608 062b 24       		.byte	36
 1609 062c 6E       		.byte	110
 1610 062d 42       		.byte	66
 1611 062e 71       		.byte	113
 1612 062f 02       		.byte	2
 1613 0630 74       		.byte	116
 1614 0631 08       		.byte	8
 1615 0632 75       		.byte	117
 1616 0633 02       		.byte	2
 1617 0634 76       		.byte	118
 1618 0635 0A       		.byte	10
 1619 0636 80       		.byte	-128
 1620 0637 0C       		.byte	12
 1621 0638 83       		.byte	-125
 1622 0639 40       		.byte	64
 1623 063a 86       		.byte	-122
 1624 063b 0A       		.byte	10
 1625 063c 88       		.byte	-120
 1626 063d 24       		.byte	36
 1627 063e 8D       		.byte	-115
 1628 063f 02       		.byte	2
 1629 0640 8E       		.byte	-114
 1630 0641 41       		.byte	65
 1631 0642 90       		.byte	-112
 1632 0643 80       		.byte	-128
 1633 0644 92       		.byte	-110
 1634 0645 10       		.byte	16
 1635 0646 94       		.byte	-108
 1636 0647 02       		.byte	2
 1637 0648 96       		.byte	-106
 1638 0649 0A       		.byte	10
 1639 064a 97       		.byte	-105
 1640 064b 02       		.byte	2
 1641 064c 9A       		.byte	-102
 1642 064d 01       		.byte	1
 1643 064e A0       		.byte	-96
 1644 064f 02       		.byte	2
 1645 0650 A5       		.byte	-91
 1646 0651 02       		.byte	2
 1647 0652 A7       		.byte	-89
 1648 0653 09       		.byte	9
 1649 0654 AD       		.byte	-83
 1650 0655 01       		.byte	1
 1651 0656 C2       		.byte	-62
 1652 0657 0D       		.byte	13
 1653 0658 C4       		.byte	-60
ARM GAS  C:\Users\simon\AppData\Local\Temp\ccwnuCJg.s 			page 30


 1654 0659 06       		.byte	6
 1655 065a CA       		.byte	-54
 1656 065b 01       		.byte	1
 1657 065c CC       		.byte	-52
 1658 065d 02       		.byte	2
 1659 065e CE       		.byte	-50
 1660 065f 0C       		.byte	12
 1661 0660 D0       		.byte	-48
 1662 0661 91       		.byte	-111
 1663 0662 D2       		.byte	-46
 1664 0663 08       		.byte	8
 1665 0664 E2       		.byte	-30
 1666 0665 54       		.byte	84
 1667 0666 E6       		.byte	-26
 1668 0667 60       		.byte	96
 1669 0668 40       		.byte	64
 1670 0669 45       		.byte	69
 1671 066a 49       		.byte	73
 1672 066b FF       		.byte	-1
 1673 066c 4A       		.byte	74
 1674 066d FF       		.byte	-1
 1675 066e 4B       		.byte	75
 1676 066f FF       		.byte	-1
 1677 0670 4D       		.byte	77
 1678 0671 83       		.byte	-125
 1679 0672 4E       		.byte	78
 1680 0673 03       		.byte	3
 1681 0674 4F       		.byte	79
 1682 0675 01       		.byte	1
 1683 0676 50       		.byte	80
 1684 0677 18       		.byte	24
 1685 0678 5A       		.byte	90
 1686 0679 04       		.byte	4
 1687 067a 5D       		.byte	93
 1688 067b 09       		.byte	9
 1689 067c 5F       		.byte	95
 1690 067d 01       		.byte	1
 1691 067e 60       		.byte	96
 1692 067f 40       		.byte	64
 1693 0680 62       		.byte	98
 1694 0681 40       		.byte	64
 1695 0682 64       		.byte	100
 1696 0683 40       		.byte	64
 1697 0684 65       		.byte	101
 1698 0685 40       		.byte	64
 1699 0686 66       		.byte	102
 1700 0687 80       		.byte	-128
 1701 0688 68       		.byte	104
 1702 0689 80       		.byte	-128
 1703 068a 6A       		.byte	106
 1704 068b 80       		.byte	-128
 1705 068c 6C       		.byte	108
 1706 068d 80       		.byte	-128
 1707 068e 6E       		.byte	110
 1708 068f 80       		.byte	-128
 1709 0690 80       		.byte	-128
 1710 0691 02       		.byte	2
ARM GAS  C:\Users\simon\AppData\Local\Temp\ccwnuCJg.s 			page 31


 1711 0692 81       		.byte	-127
 1712 0693 01       		.byte	1
 1713 0694 82       		.byte	-126
 1714 0695 04       		.byte	4
 1715 0696 85       		.byte	-123
 1716 0697 01       		.byte	1
 1717 0698 88       		.byte	-120
 1718 0699 10       		.byte	16
 1719 069a 89       		.byte	-119
 1720 069b 01       		.byte	1
 1721 069c 8A       		.byte	-118
 1722 069d 08       		.byte	8
 1723 069e 8D       		.byte	-115
 1724 069f 01       		.byte	1
 1725 06a0 91       		.byte	-111
 1726 06a1 01       		.byte	1
 1727 06a2 92       		.byte	-110
 1728 06a3 01       		.byte	1
 1729 06a4 95       		.byte	-107
 1730 06a5 01       		.byte	1
 1731 06a6 98       		.byte	-104
 1732 06a7 08       		.byte	8
 1733 06a8 99       		.byte	-103
 1734 06a9 01       		.byte	1
 1735 06aa 9A       		.byte	-102
 1736 06ab 10       		.byte	16
 1737 06ac 9C       		.byte	-100
 1738 06ad 04       		.byte	4
 1739 06ae 9D       		.byte	-99
 1740 06af 01       		.byte	1
 1741 06b0 9E       		.byte	-98
 1742 06b1 02       		.byte	2
 1743 06b2 A1       		.byte	-95
 1744 06b3 01       		.byte	1
 1745 06b4 A7       		.byte	-89
 1746 06b5 01       		.byte	1
 1747 06b6 A9       		.byte	-87
 1748 06b7 01       		.byte	1
 1749 06b8 AD       		.byte	-83
 1750 06b9 01       		.byte	1
 1751 06ba AE       		.byte	-82
 1752 06bb 01       		.byte	1
 1753 06bc B1       		.byte	-79
 1754 06bd 01       		.byte	1
 1755 06be B2       		.byte	-78
 1756 06bf 06       		.byte	6
 1757 06c0 B4       		.byte	-76
 1758 06c1 18       		.byte	24
 1759 06c2 B6       		.byte	-74
 1760 06c3 01       		.byte	1
 1761 06c4 B9       		.byte	-71
 1762 06c5 02       		.byte	2
 1763 06c6 BE       		.byte	-66
 1764 06c7 40       		.byte	64
 1765 06c8 BF       		.byte	-65
 1766 06c9 01       		.byte	1
 1767 06ca C0       		.byte	-64
ARM GAS  C:\Users\simon\AppData\Local\Temp\ccwnuCJg.s 			page 32


 1768 06cb 45       		.byte	69
 1769 06cc C5       		.byte	-59
 1770 06cd EC       		.byte	-20
 1771 06ce C7       		.byte	-57
 1772 06cf 20       		.byte	32
 1773 06d0 C8       		.byte	-56
 1774 06d1 23       		.byte	35
 1775 06d2 C9       		.byte	-55
 1776 06d3 FF       		.byte	-1
 1777 06d4 CA       		.byte	-54
 1778 06d5 FF       		.byte	-1
 1779 06d6 CB       		.byte	-53
 1780 06d7 FF       		.byte	-1
 1781 06d8 CD       		.byte	-51
 1782 06d9 83       		.byte	-125
 1783 06da CE       		.byte	-50
 1784 06db 03       		.byte	3
 1785 06dc CF       		.byte	-49
 1786 06dd 01       		.byte	1
 1787 06de D0       		.byte	-48
 1788 06df 18       		.byte	24
 1789 06e0 D4       		.byte	-44
 1790 06e1 01       		.byte	1
 1791 06e2 D6       		.byte	-42
 1792 06e3 04       		.byte	4
 1793 06e4 D8       		.byte	-40
 1794 06e5 04       		.byte	4
 1795 06e6 D9       		.byte	-39
 1796 06e7 04       		.byte	4
 1797 06e8 DA       		.byte	-38
 1798 06e9 04       		.byte	4
 1799 06ea DB       		.byte	-37
 1800 06eb 04       		.byte	4
 1801 06ec DC       		.byte	-36
 1802 06ed 03       		.byte	3
 1803 06ee DD       		.byte	-35
 1804 06ef 99       		.byte	-103
 1805 06f0 DF       		.byte	-33
 1806 06f1 01       		.byte	1
 1807 06f2 E0       		.byte	-32
 1808 06f3 40       		.byte	64
 1809 06f4 E2       		.byte	-30
 1810 06f5 40       		.byte	64
 1811 06f6 E4       		.byte	-28
 1812 06f7 40       		.byte	64
 1813 06f8 E5       		.byte	-27
 1814 06f9 40       		.byte	64
 1815 06fa E6       		.byte	-26
 1816 06fb 80       		.byte	-128
 1817 06fc E8       		.byte	-24
 1818 06fd 80       		.byte	-128
 1819 06fe EA       		.byte	-22
 1820 06ff 80       		.byte	-128
 1821 0700 EC       		.byte	-20
 1822 0701 80       		.byte	-128
 1823 0702 EE       		.byte	-18
 1824 0703 80       		.byte	-128
ARM GAS  C:\Users\simon\AppData\Local\Temp\ccwnuCJg.s 			page 33


 1825 0704 03       		.byte	3
 1826 0705 88       		.byte	-120
 1827 0706 09       		.byte	9
 1828 0707 02       		.byte	2
 1829 0708 0A       		.byte	10
 1830 0709 0A       		.byte	10
 1831 070a 10       		.byte	16
 1832 070b 02       		.byte	2
 1833 070c 18       		.byte	24
 1834 070d 04       		.byte	4
 1835 070e 19       		.byte	25
 1836 070f 80       		.byte	-128
 1837 0710 1B       		.byte	27
 1838 0711 04       		.byte	4
 1839 0712 21       		.byte	33
 1840 0713 01       		.byte	1
 1841 0714 2A       		.byte	42
 1842 0715 02       		.byte	2
 1843 0716 2B       		.byte	43
 1844 0717 15       		.byte	21
 1845 0718 30       		.byte	48
 1846 0719 80       		.byte	-128
 1847 071a 31       		.byte	49
 1848 071b 08       		.byte	8
 1849 071c 32       		.byte	50
 1850 071d 10       		.byte	16
 1851 071e 33       		.byte	51
 1852 071f 02       		.byte	2
 1853 0720 38       		.byte	56
 1854 0721 06       		.byte	6
 1855 0722 39       		.byte	57
 1856 0723 90       		.byte	-112
 1857 0724 41       		.byte	65
 1858 0725 02       		.byte	2
 1859 0726 45       		.byte	69
 1860 0727 02       		.byte	2
 1861 0728 48       		.byte	72
 1862 0729 02       		.byte	2
 1863 072a 49       		.byte	73
 1864 072b 05       		.byte	5
 1865 072c 4C       		.byte	76
 1866 072d 02       		.byte	2
 1867 072e 50       		.byte	80
 1868 072f 02       		.byte	2
 1869 0730 52       		.byte	82
 1870 0731 01       		.byte	1
 1871 0732 59       		.byte	89
 1872 0733 85       		.byte	-123
 1873 0734 63       		.byte	99
 1874 0735 40       		.byte	64
 1875 0736 84       		.byte	-124
 1876 0737 80       		.byte	-128
 1877 0738 85       		.byte	-123
 1878 0739 10       		.byte	16
 1879 073a 87       		.byte	-121
 1880 073b 40       		.byte	64
 1881 073c 90       		.byte	-112
ARM GAS  C:\Users\simon\AppData\Local\Temp\ccwnuCJg.s 			page 34


 1882 073d 80       		.byte	-128
 1883 073e 91       		.byte	-111
 1884 073f 80       		.byte	-128
 1885 0740 92       		.byte	-110
 1886 0741 30       		.byte	48
 1887 0742 96       		.byte	-106
 1888 0743 02       		.byte	2
 1889 0744 97       		.byte	-105
 1890 0745 02       		.byte	2
 1891 0746 9A       		.byte	-102
 1892 0747 02       		.byte	2
 1893 0748 A1       		.byte	-95
 1894 0749 08       		.byte	8
 1895 074a A3       		.byte	-93
 1896 074b 92       		.byte	-110
 1897 074c A7       		.byte	-89
 1898 074d 08       		.byte	8
 1899 074e AB       		.byte	-85
 1900 074f 48       		.byte	72
 1901 0750 C0       		.byte	-64
 1902 0751 0A       		.byte	10
 1903 0752 C2       		.byte	-62
 1904 0753 0B       		.byte	11
 1905 0754 C4       		.byte	-60
 1906 0755 01       		.byte	1
 1907 0756 CA       		.byte	-54
 1908 0757 0F       		.byte	15
 1909 0758 CC       		.byte	-52
 1910 0759 0F       		.byte	15
 1911 075a CE       		.byte	-50
 1912 075b 0F       		.byte	15
 1913 075c D0       		.byte	-48
 1914 075d 81       		.byte	-127
 1915 075e D2       		.byte	-46
 1916 075f 18       		.byte	24
 1917 0760 D6       		.byte	-42
 1918 0761 0B       		.byte	11
 1919 0762 D8       		.byte	-40
 1920 0763 01       		.byte	1
 1921 0764 E2       		.byte	-30
 1922 0765 08       		.byte	8
 1923 0766 E6       		.byte	-26
 1924 0767 08       		.byte	8
 1925 0768 EC       		.byte	-20
 1926 0769 10       		.byte	16
 1927 076a 84       		.byte	-124
 1928 076b 10       		.byte	16
 1929 076c 87       		.byte	-121
 1930 076d 80       		.byte	-128
 1931 076e A0       		.byte	-96
 1932 076f 10       		.byte	16
 1933 0770 A3       		.byte	-93
 1934 0771 80       		.byte	-128
 1935 0772 A6       		.byte	-90
 1936 0773 02       		.byte	2
 1937 0774 AE       		.byte	-82
 1938 0775 01       		.byte	1
ARM GAS  C:\Users\simon\AppData\Local\Temp\ccwnuCJg.s 			page 35


 1939 0776 B4       		.byte	-76
 1940 0777 12       		.byte	18
 1941 0778 EA       		.byte	-22
 1942 0779 08       		.byte	8
 1943 077a EC       		.byte	-20
 1944 077b 10       		.byte	16
 1945 077c 82       		.byte	-126
 1946 077d 02       		.byte	2
 1947 077e A6       		.byte	-90
 1948 077f 02       		.byte	2
 1949 0780 E2       		.byte	-30
 1950 0781 05       		.byte	5
 1951 0782 E6       		.byte	-26
 1952 0783 80       		.byte	-128
 1953 0784 00       		.byte	0
 1954 0785 80       		.byte	-128
 1955 0786 02       		.byte	2
 1956 0787 10       		.byte	16
 1957 0788 06       		.byte	6
 1958 0789 08       		.byte	8
 1959 078a 07       		.byte	7
 1960 078b 20       		.byte	32
 1961 078c 08       		.byte	8
 1962 078d 10       		.byte	16
 1963 078e 0B       		.byte	11
 1964 078f 10       		.byte	16
 1965 0790 0C       		.byte	12
 1966 0791 24       		.byte	36
 1967 0792 32       		.byte	50
 1968 0793 20       		.byte	32
 1969 0794 36       		.byte	54
 1970 0795 40       		.byte	64
 1971 0796 3C       		.byte	60
 1972 0797 10       		.byte	16
 1973 0798 87       		.byte	-121
 1974 0799 20       		.byte	32
 1975 079a 8A       		.byte	-118
 1976 079b 10       		.byte	16
 1977 079c 8B       		.byte	-117
 1978 079d 10       		.byte	16
 1979 079e 8C       		.byte	-116
 1980 079f 20       		.byte	32
 1981 07a0 C0       		.byte	-64
 1982 07a1 F0       		.byte	-16
 1983 07a2 C2       		.byte	-62
 1984 07a3 F0       		.byte	-16
 1985 07a4 CC       		.byte	-52
 1986 07a5 30       		.byte	48
 1987 07a6 CE       		.byte	-50
 1988 07a7 20       		.byte	32
 1989 07a8 E0       		.byte	-32
 1990 07a9 40       		.byte	64
 1991 07aa 52       		.byte	82
 1992 07ab 02       		.byte	2
 1993 07ac 57       		.byte	87
 1994 07ad 08       		.byte	8
 1995 07ae 61       		.byte	97
ARM GAS  C:\Users\simon\AppData\Local\Temp\ccwnuCJg.s 			page 36


 1996 07af 02       		.byte	2
 1997 07b0 63       		.byte	99
 1998 07b1 02       		.byte	2
 1999 07b2 66       		.byte	102
 2000 07b3 02       		.byte	2
 2001 07b4 67       		.byte	103
 2002 07b5 02       		.byte	2
 2003 07b6 83       		.byte	-125
 2004 07b7 01       		.byte	1
 2005 07b8 84       		.byte	-124
 2006 07b9 10       		.byte	16
 2007 07ba 87       		.byte	-121
 2008 07bb 01       		.byte	1
 2009 07bc 89       		.byte	-119
 2010 07bd 02       		.byte	2
 2011 07be 94       		.byte	-108
 2012 07bf 10       		.byte	16
 2013 07c0 98       		.byte	-104
 2014 07c1 14       		.byte	20
 2015 07c2 A6       		.byte	-90
 2016 07c3 60       		.byte	96
 2017 07c4 B0       		.byte	-80
 2018 07c5 40       		.byte	64
 2019 07c6 B6       		.byte	-74
 2020 07c7 08       		.byte	8
 2021 07c8 D4       		.byte	-44
 2022 07c9 C0       		.byte	-64
 2023 07ca D6       		.byte	-42
 2024 07cb C0       		.byte	-64
 2025 07cc D8       		.byte	-40
 2026 07cd C0       		.byte	-64
 2027 07ce E4       		.byte	-28
 2028 07cf 40       		.byte	64
 2029 07d0 E6       		.byte	-26
 2030 07d1 30       		.byte	48
 2031 07d2 94       		.byte	-108
 2032 07d3 10       		.byte	16
 2033 07d4 A6       		.byte	-90
 2034 07d5 60       		.byte	96
 2035 07d6 AE       		.byte	-82
 2036 07d7 02       		.byte	2
 2037 07d8 B0       		.byte	-80
 2038 07d9 04       		.byte	4
 2039 07da B3       		.byte	-77
 2040 07db 08       		.byte	8
 2041 07dc B6       		.byte	-74
 2042 07dd 02       		.byte	2
 2043 07de EE       		.byte	-18
 2044 07df 10       		.byte	16
 2045 07e0 66       		.byte	102
 2046 07e1 02       		.byte	2
 2047 07e2 72       		.byte	114
 2048 07e3 02       		.byte	2
 2049 07e4 8E       		.byte	-114
 2050 07e5 02       		.byte	2
 2051 07e6 94       		.byte	-108
 2052 07e7 10       		.byte	16
ARM GAS  C:\Users\simon\AppData\Local\Temp\ccwnuCJg.s 			page 37


 2053 07e8 A6       		.byte	-90
 2054 07e9 60       		.byte	96
 2055 07ea A8       		.byte	-88
 2056 07eb 10       		.byte	16
 2057 07ec D8       		.byte	-40
 2058 07ed 80       		.byte	-128
 2059 07ee DC       		.byte	-36
 2060 07ef 20       		.byte	32
 2061 07f0 EC       		.byte	-20
 2062 07f1 80       		.byte	-128
 2063 07f2 7C       		.byte	124
 2064 07f3 01       		.byte	1
 2065 07f4 DE       		.byte	-34
 2066 07f5 01       		.byte	1
 2067 07f6 06       		.byte	6
 2068 07f7 40       		.byte	64
 2069 07f8 53       		.byte	83
 2070 07f9 01       		.byte	1
 2071 07fa 56       		.byte	86
 2072 07fb 80       		.byte	-128
 2073 07fc 5B       		.byte	91
 2074 07fd 02       		.byte	2
 2075 07fe 5C       		.byte	92
 2076 07ff 01       		.byte	1
 2077 0800 64       		.byte	100
 2078 0801 10       		.byte	16
 2079 0802 67       		.byte	103
 2080 0803 02       		.byte	2
 2081 0804 82       		.byte	-126
 2082 0805 80       		.byte	-128
 2083 0806 94       		.byte	-108
 2084 0807 01       		.byte	1
 2085 0808 C0       		.byte	-64
 2086 0809 04       		.byte	4
 2087 080a D4       		.byte	-44
 2088 080b 03       		.byte	3
 2089 080c D6       		.byte	-42
 2090 080d 03       		.byte	3
 2091 080e D8       		.byte	-40
 2092 080f 01       		.byte	1
 2093 0810 32       		.byte	50
 2094 0811 40       		.byte	64
 2095 0812 45       		.byte	69
 2096 0813 02       		.byte	2
 2097 0814 8E       		.byte	-114
 2098 0815 01       		.byte	1
 2099 0816 97       		.byte	-105
 2100 0817 02       		.byte	2
 2101 0818 9A       		.byte	-102
 2102 0819 40       		.byte	64
 2103 081a AC       		.byte	-84
 2104 081b 10       		.byte	16
 2105 081c B7       		.byte	-73
 2106 081d 02       		.byte	2
 2107 081e CC       		.byte	-52
 2108 081f 08       		.byte	8
 2109 0820 D0       		.byte	-48
ARM GAS  C:\Users\simon\AppData\Local\Temp\ccwnuCJg.s 			page 38


 2110 0821 01       		.byte	1
 2111 0822 E6       		.byte	-26
 2112 0823 02       		.byte	2
 2113 0824 E8       		.byte	-24
 2114 0825 08       		.byte	8
 2115 0826 82       		.byte	-126
 2116 0827 02       		.byte	2
 2117 0828 8B       		.byte	-117
 2118 0829 40       		.byte	64
 2119 082a 8F       		.byte	-113
 2120 082b 01       		.byte	1
 2121 082c 97       		.byte	-105
 2122 082d 02       		.byte	2
 2123 082e 9A       		.byte	-102
 2124 082f 40       		.byte	64
 2125 0830 9E       		.byte	-98
 2126 0831 01       		.byte	1
 2127 0832 A5       		.byte	-91
 2128 0833 02       		.byte	2
 2129 0834 AA       		.byte	-86
 2130 0835 40       		.byte	64
 2131 0836 E0       		.byte	-32
 2132 0837 02       		.byte	2
 2133 0838 E2       		.byte	-30
 2134 0839 04       		.byte	4
 2135 083a 24       		.byte	36
 2136 083b 10       		.byte	16
 2137 083c 27       		.byte	39
 2138 083d 04       		.byte	4
 2139 083e 86       		.byte	-122
 2140 083f 40       		.byte	64
 2141 0840 94       		.byte	-108
 2142 0841 10       		.byte	16
 2143 0842 9F       		.byte	-97
 2144 0843 04       		.byte	4
 2145 0844 A6       		.byte	-90
 2146 0845 60       		.byte	96
 2147 0846 B7       		.byte	-73
 2148 0847 04       		.byte	4
 2149 0848 C8       		.byte	-56
 2150 0849 A0       		.byte	-96
 2151 084a E6       		.byte	-26
 2152 084b 40       		.byte	64
 2153 084c 52       		.byte	82
 2154 084d 20       		.byte	32
 2155 084e 56       		.byte	86
 2156 084f 20       		.byte	32
 2157 0850 5A       		.byte	90
 2158 0851 80       		.byte	-128
 2159 0852 5C       		.byte	92
 2160 0853 01       		.byte	1
 2161 0854 5F       		.byte	95
 2162 0855 20       		.byte	32
 2163 0856 63       		.byte	99
 2164 0857 0A       		.byte	10
 2165 0858 64       		.byte	100
 2166 0859 10       		.byte	16
ARM GAS  C:\Users\simon\AppData\Local\Temp\ccwnuCJg.s 			page 39


 2167 085a 80       		.byte	-128
 2168 085b 01       		.byte	1
 2169 085c 82       		.byte	-126
 2170 085d 20       		.byte	32
 2171 085e 84       		.byte	-124
 2172 085f 10       		.byte	16
 2173 0860 87       		.byte	-121
 2174 0861 01       		.byte	1
 2175 0862 8B       		.byte	-117
 2176 0863 20       		.byte	32
 2177 0864 8E       		.byte	-114
 2178 0865 60       		.byte	96
 2179 0866 8F       		.byte	-113
 2180 0867 04       		.byte	4
 2181 0868 AE       		.byte	-82
 2182 0869 20       		.byte	32
 2183 086a D4       		.byte	-44
 2184 086b E0       		.byte	-32
 2185 086c D6       		.byte	-42
 2186 086d E0       		.byte	-32
 2187 086e D8       		.byte	-40
 2188 086f C0       		.byte	-64
 2189 0870 E2       		.byte	-30
 2190 0871 80       		.byte	-128
 2191 0872 E6       		.byte	-26
 2192 0873 D0       		.byte	-48
 2193 0874 EE       		.byte	-18
 2194 0875 40       		.byte	64
 2195 0876 97       		.byte	-105
 2196 0877 40       		.byte	64
 2197 0878 9E       		.byte	-98
 2198 0879 03       		.byte	3
 2199 087a AE       		.byte	-82
 2200 087b 40       		.byte	64
 2201 087c B5       		.byte	-75
 2202 087d 02       		.byte	2
 2203 087e EC       		.byte	-20
 2204 087f 08       		.byte	8
 2205 0880 01       		.byte	1
 2206 0881 01       		.byte	1
 2207 0882 02       		.byte	2
 2208 0883 01       		.byte	1
 2209 0884 06       		.byte	6
 2210 0885 02       		.byte	2
 2211 0886 07       		.byte	7
 2212 0887 20       		.byte	32
 2213 0888 0B       		.byte	11
 2214 0889 40       		.byte	64
 2215 088a 0F       		.byte	15
 2216 088b 80       		.byte	-128
 2217 088c 83       		.byte	-125
 2218 088d 60       		.byte	96
 2219 088e 89       		.byte	-119
 2220 088f 01       		.byte	1
 2221 0890 97       		.byte	-105
 2222 0891 40       		.byte	64
 2223 0892 9E       		.byte	-98
ARM GAS  C:\Users\simon\AppData\Local\Temp\ccwnuCJg.s 			page 40


 2224 0893 03       		.byte	3
 2225 0894 C0       		.byte	-64
 2226 0895 0F       		.byte	15
 2227 0896 C2       		.byte	-62
 2228 0897 0C       		.byte	12
 2229 0898 E6       		.byte	-26
 2230 0899 01       		.byte	1
 2231 089a 00       		.byte	0
 2232 089b 0A       		.byte	10
 2233 089c 08       		.byte	8
 2234 089d 08       		.byte	8
 2235 089e 0A       		.byte	10
 2236 089f 08       		.byte	8
 2237 08a0 0C       		.byte	12
 2238 08a1 0A       		.byte	10
 2239 08a2 0E       		.byte	14
 2240 08a3 0A       		.byte	10
 2241 08a4 10       		.byte	16
 2242 08a5 08       		.byte	8
 2243 08a6 11       		.byte	17
 2244 08a7 01       		.byte	1
 2245 08a8 1A       		.byte	26
 2246 08a9 08       		.byte	8
 2247 08aa 1B       		.byte	27
 2248 08ab 01       		.byte	1
 2249 08ac 00       		.byte	0
 2250 08ad 0F       		.byte	15
 2251 08ae 10       		.byte	16
 2252 08af 02       		.byte	2
 2253 08b0 00       		.byte	0
 2254 08b1 FC       		.byte	-4
 2255 08b2 FC       		.byte	-4
 2256 08b3 00       		.byte	0
 2257 08b4 FC       		.byte	-4
 2258 08b5 00       		.byte	0
 2259 08b6 02       		.byte	2
 2260 08b7 00       		.byte	0
 2261 08b8 00       		.byte	0
 2262 08b9 4B       		.byte	75
 2263 08ba 4B       		.byte	75
 2264 08bb 00       		.byte	0
 2265 08bc 00       		.byte	0
 2266 08bd 00       		.byte	0
 2267 08be 00       		.byte	0
 2268 08bf 00       		.byte	0
 2269 08c0 00       		.byte	0
 2270 08c1 FE       		.byte	-2
 2271 08c2 FE       		.byte	-2
 2272 08c3 00       		.byte	0
 2273 08c4 DC       		.byte	-36
 2274 08c5 00       		.byte	0
 2275 08c6 00       		.byte	0
 2276 08c7 00       		.byte	0
 2277 08c8 00       		.byte	0
 2278 08c9 FF       		.byte	-1
 2279 08ca FF       		.byte	-1
 2280 08cb 00       		.byte	0
ARM GAS  C:\Users\simon\AppData\Local\Temp\ccwnuCJg.s 			page 41


 2281 08cc FF       		.byte	-1
 2282 08cd 00       		.byte	0
 2283 08ce 00       		.byte	0
 2284 08cf 00       		.byte	0
 2285 08d0 FF       		.byte	-1
 2286 08d1 FF       		.byte	-1
 2287 08d2 00       		.byte	0
 2288 08d3 00       		.byte	0
 2289 08d4 00       		.byte	0
 2290 08d5 00       		.byte	0
 2291 08d6 00       		.byte	0
 2292 08d7 00       		.byte	0
 2293 08d8 3F       		.byte	63
 2294 08d9 3F       		.byte	63
 2295 08da 00       		.byte	0
 2296 08db 00       		.byte	0
 2297 08dc 00       		.byte	0
 2298 08dd 00       		.byte	0
 2299 08de 40       		.byte	64
 2300 08df 00       		.byte	0
 2301 08e0 96       		.byte	-106
 2302 08e1 00       		.byte	0
 2303 08e2 18       		.byte	24
 2304 08e3 01       		.byte	1
 2305              		.section	.cywolatch,"a",%progbits
 2306              		.align	2
 2307              		.type	cy_meta_wonvl, %object
 2308              		.size	cy_meta_wonvl, 4
 2309              	cy_meta_wonvl:
 2310 0000 BC       		.byte	-68
 2311 0001 90       		.byte	-112
 2312 0002 AC       		.byte	-84
 2313 0003 AF       		.byte	-81
 2314              		.section	.cycustnvl,"a",%progbits
 2315              		.align	2
 2316              		.type	cy_meta_custnvl, %object
 2317              		.size	cy_meta_custnvl, 4
 2318              	cy_meta_custnvl:
 2319 0000 00       		.byte	0
 2320 0001 00       		.byte	0
 2321 0002 40       		.byte	64
 2322 0003 05       		.byte	5
 2323              		.section	.cymeta,"a",%progbits
 2324              		.align	2
 2325              		.type	cy_metadata, %object
 2326              		.size	cy_metadata, 12
 2327              	cy_metadata:
 2328 0000 00       		.byte	0
 2329 0001 01       		.byte	1
 2330 0002 2E       		.byte	46
 2331 0003 12       		.byte	18
 2332 0004 30       		.byte	48
 2333 0005 69       		.byte	105
 2334 0006 00       		.byte	0
 2335 0007 01       		.byte	1
 2336 0008 00       		.byte	0
 2337 0009 00       		.byte	0
ARM GAS  C:\Users\simon\AppData\Local\Temp\ccwnuCJg.s 			page 42


 2338 000a 00       		.byte	0
 2339 000b 00       		.byte	0
 2340              		.section	.cyflashprotect,"a",%progbits
 2341              		.align	2
 2342              		.type	cy_meta_flashprotect, %object
 2343              		.size	cy_meta_flashprotect, 256
 2344              	cy_meta_flashprotect:
 2345 0000 00000000 		.space	256
 2345      00000000 
 2345      00000000 
 2345      00000000 
 2345      00000000 
 2346              		.text
 2347              	.Letext0:
 2348              		.file 1 "c:\\program files (x86)\\cypress\\psoc creator\\4.4\\psoc creator\\import\\gnu\\arm\\5.4.
 2349              		.file 2 "c:\\program files (x86)\\cypress\\psoc creator\\4.4\\psoc creator\\import\\gnu\\arm\\5.4.
 2350              		.file 3 "Generated_Source\\PSoC5\\cymetadata.c"
 2351              		.section	.debug_info,"",%progbits
 2352              	.Ldebug_info0:
 2353 0000 35010000 		.4byte	0x135
 2354 0004 0400     		.2byte	0x4
 2355 0006 00000000 		.4byte	.Ldebug_abbrev0
 2356 000a 04       		.byte	0x4
 2357 000b 01       		.uleb128 0x1
 2358 000c 24000000 		.4byte	.LASF17
 2359 0010 0C       		.byte	0xc
 2360 0011 D2010000 		.4byte	.LASF18
 2361 0015 D7000000 		.4byte	.LASF19
 2362 0019 00000000 		.4byte	.Ldebug_line0
 2363 001d 02       		.uleb128 0x2
 2364 001e 01       		.byte	0x1
 2365 001f 06       		.byte	0x6
 2366 0020 C6010000 		.4byte	.LASF0
 2367 0024 03       		.uleb128 0x3
 2368 0025 00000000 		.4byte	.LASF9
 2369 0029 01       		.byte	0x1
 2370 002a 1D       		.byte	0x1d
 2371 002b 2F000000 		.4byte	0x2f
 2372 002f 02       		.uleb128 0x2
 2373 0030 01       		.byte	0x1
 2374 0031 08       		.byte	0x8
 2375 0032 16000000 		.4byte	.LASF1
 2376 0036 02       		.uleb128 0x2
 2377 0037 02       		.byte	0x2
 2378 0038 05       		.byte	0x5
 2379 0039 B3010000 		.4byte	.LASF2
 2380 003d 02       		.uleb128 0x2
 2381 003e 02       		.byte	0x2
 2382 003f 07       		.byte	0x7
 2383 0040 C4000000 		.4byte	.LASF3
 2384 0044 02       		.uleb128 0x2
 2385 0045 04       		.byte	0x4
 2386 0046 05       		.byte	0x5
 2387 0047 BD010000 		.4byte	.LASF4
 2388 004b 02       		.uleb128 0x2
 2389 004c 04       		.byte	0x4
 2390 004d 07       		.byte	0x7
ARM GAS  C:\Users\simon\AppData\Local\Temp\ccwnuCJg.s 			page 43


 2391 004e B2000000 		.4byte	.LASF5
 2392 0052 02       		.uleb128 0x2
 2393 0053 08       		.byte	0x8
 2394 0054 05       		.byte	0x5
 2395 0055 A5010000 		.4byte	.LASF6
 2396 0059 02       		.uleb128 0x2
 2397 005a 08       		.byte	0x8
 2398 005b 07       		.byte	0x7
 2399 005c 5A010000 		.4byte	.LASF7
 2400 0060 04       		.uleb128 0x4
 2401 0061 04       		.byte	0x4
 2402 0062 05       		.byte	0x5
 2403 0063 696E7400 		.ascii	"int\000"
 2404 0067 02       		.uleb128 0x2
 2405 0068 04       		.byte	0x4
 2406 0069 07       		.byte	0x7
 2407 006a 4D010000 		.4byte	.LASF8
 2408 006e 03       		.uleb128 0x3
 2409 006f 71010000 		.4byte	.LASF10
 2410 0073 02       		.byte	0x2
 2411 0074 18       		.byte	0x18
 2412 0075 24000000 		.4byte	0x24
 2413 0079 05       		.uleb128 0x5
 2414 007a 91000000 		.4byte	0x91
 2415 007e 8A000000 		.4byte	0x8a
 2416 0082 06       		.uleb128 0x6
 2417 0083 8A000000 		.4byte	0x8a
 2418 0087 E308     		.2byte	0x8e3
 2419 0089 00       		.byte	0
 2420 008a 02       		.uleb128 0x2
 2421 008b 04       		.byte	0x4
 2422 008c 07       		.byte	0x7
 2423 008d 9C010000 		.4byte	.LASF11
 2424 0091 07       		.uleb128 0x7
 2425 0092 6E000000 		.4byte	0x6e
 2426 0096 08       		.uleb128 0x8
 2427 0097 3B010000 		.4byte	.LASF12
 2428 009b 03       		.byte	0x3
 2429 009c 1F       		.byte	0x1f
 2430 009d A7000000 		.4byte	0xa7
 2431 00a1 05       		.uleb128 0x5
 2432 00a2 03       		.byte	0x3
 2433 00a3 00000000 		.4byte	cy_meta_configecc
 2434 00a7 07       		.uleb128 0x7
 2435 00a8 79000000 		.4byte	0x79
 2436 00ac 05       		.uleb128 0x5
 2437 00ad 91000000 		.4byte	0x91
 2438 00b1 BC000000 		.4byte	0xbc
 2439 00b5 09       		.uleb128 0x9
 2440 00b6 8A000000 		.4byte	0x8a
 2441 00ba 03       		.byte	0x3
 2442 00bb 00       		.byte	0
 2443 00bc 0A       		.uleb128 0xa
 2444 00bd 2B010000 		.4byte	.LASF13
 2445 00c1 03       		.byte	0x3
 2446 00c2 4901     		.2byte	0x149
 2447 00c4 CE000000 		.4byte	0xce
ARM GAS  C:\Users\simon\AppData\Local\Temp\ccwnuCJg.s 			page 44


 2448 00c8 05       		.uleb128 0x5
 2449 00c9 03       		.byte	0x3
 2450 00ca 00000000 		.4byte	cy_meta_custnvl
 2451 00ce 07       		.uleb128 0x7
 2452 00cf AC000000 		.4byte	0xac
 2453 00d3 0A       		.uleb128 0xa
 2454 00d4 8E010000 		.4byte	.LASF14
 2455 00d8 03       		.byte	0x3
 2456 00d9 5701     		.2byte	0x157
 2457 00db E5000000 		.4byte	0xe5
 2458 00df 05       		.uleb128 0x5
 2459 00e0 03       		.byte	0x3
 2460 00e1 00000000 		.4byte	cy_meta_wonvl
 2461 00e5 07       		.uleb128 0x7
 2462 00e6 AC000000 		.4byte	0xac
 2463 00ea 05       		.uleb128 0x5
 2464 00eb 91000000 		.4byte	0x91
 2465 00ef FA000000 		.4byte	0xfa
 2466 00f3 09       		.uleb128 0x9
 2467 00f4 8A000000 		.4byte	0x8a
 2468 00f8 FF       		.byte	0xff
 2469 00f9 00       		.byte	0
 2470 00fa 0A       		.uleb128 0xa
 2471 00fb 79010000 		.4byte	.LASF15
 2472 00ff 03       		.byte	0x3
 2473 0100 6501     		.2byte	0x165
 2474 0102 0C010000 		.4byte	0x10c
 2475 0106 05       		.uleb128 0x5
 2476 0107 03       		.byte	0x3
 2477 0108 00000000 		.4byte	cy_meta_flashprotect
 2478 010c 07       		.uleb128 0x7
 2479 010d EA000000 		.4byte	0xea
 2480 0111 05       		.uleb128 0x5
 2481 0112 91000000 		.4byte	0x91
 2482 0116 21010000 		.4byte	0x121
 2483 011a 09       		.uleb128 0x9
 2484 011b 8A000000 		.4byte	0x8a
 2485 011f 0B       		.byte	0xb
 2486 0120 00       		.byte	0
 2487 0121 0A       		.uleb128 0xa
 2488 0122 0A000000 		.4byte	.LASF16
 2489 0126 03       		.byte	0x3
 2490 0127 9201     		.2byte	0x192
 2491 0129 33010000 		.4byte	0x133
 2492 012d 05       		.uleb128 0x5
 2493 012e 03       		.byte	0x3
 2494 012f 00000000 		.4byte	cy_metadata
 2495 0133 07       		.uleb128 0x7
 2496 0134 11010000 		.4byte	0x111
 2497 0138 00       		.byte	0
 2498              		.section	.debug_abbrev,"",%progbits
 2499              	.Ldebug_abbrev0:
 2500 0000 01       		.uleb128 0x1
 2501 0001 11       		.uleb128 0x11
 2502 0002 01       		.byte	0x1
 2503 0003 25       		.uleb128 0x25
 2504 0004 0E       		.uleb128 0xe
ARM GAS  C:\Users\simon\AppData\Local\Temp\ccwnuCJg.s 			page 45


 2505 0005 13       		.uleb128 0x13
 2506 0006 0B       		.uleb128 0xb
 2507 0007 03       		.uleb128 0x3
 2508 0008 0E       		.uleb128 0xe
 2509 0009 1B       		.uleb128 0x1b
 2510 000a 0E       		.uleb128 0xe
 2511 000b 10       		.uleb128 0x10
 2512 000c 17       		.uleb128 0x17
 2513 000d 00       		.byte	0
 2514 000e 00       		.byte	0
 2515 000f 02       		.uleb128 0x2
 2516 0010 24       		.uleb128 0x24
 2517 0011 00       		.byte	0
 2518 0012 0B       		.uleb128 0xb
 2519 0013 0B       		.uleb128 0xb
 2520 0014 3E       		.uleb128 0x3e
 2521 0015 0B       		.uleb128 0xb
 2522 0016 03       		.uleb128 0x3
 2523 0017 0E       		.uleb128 0xe
 2524 0018 00       		.byte	0
 2525 0019 00       		.byte	0
 2526 001a 03       		.uleb128 0x3
 2527 001b 16       		.uleb128 0x16
 2528 001c 00       		.byte	0
 2529 001d 03       		.uleb128 0x3
 2530 001e 0E       		.uleb128 0xe
 2531 001f 3A       		.uleb128 0x3a
 2532 0020 0B       		.uleb128 0xb
 2533 0021 3B       		.uleb128 0x3b
 2534 0022 0B       		.uleb128 0xb
 2535 0023 49       		.uleb128 0x49
 2536 0024 13       		.uleb128 0x13
 2537 0025 00       		.byte	0
 2538 0026 00       		.byte	0
 2539 0027 04       		.uleb128 0x4
 2540 0028 24       		.uleb128 0x24
 2541 0029 00       		.byte	0
 2542 002a 0B       		.uleb128 0xb
 2543 002b 0B       		.uleb128 0xb
 2544 002c 3E       		.uleb128 0x3e
 2545 002d 0B       		.uleb128 0xb
 2546 002e 03       		.uleb128 0x3
 2547 002f 08       		.uleb128 0x8
 2548 0030 00       		.byte	0
 2549 0031 00       		.byte	0
 2550 0032 05       		.uleb128 0x5
 2551 0033 01       		.uleb128 0x1
 2552 0034 01       		.byte	0x1
 2553 0035 49       		.uleb128 0x49
 2554 0036 13       		.uleb128 0x13
 2555 0037 01       		.uleb128 0x1
 2556 0038 13       		.uleb128 0x13
 2557 0039 00       		.byte	0
 2558 003a 00       		.byte	0
 2559 003b 06       		.uleb128 0x6
 2560 003c 21       		.uleb128 0x21
 2561 003d 00       		.byte	0
ARM GAS  C:\Users\simon\AppData\Local\Temp\ccwnuCJg.s 			page 46


 2562 003e 49       		.uleb128 0x49
 2563 003f 13       		.uleb128 0x13
 2564 0040 2F       		.uleb128 0x2f
 2565 0041 05       		.uleb128 0x5
 2566 0042 00       		.byte	0
 2567 0043 00       		.byte	0
 2568 0044 07       		.uleb128 0x7
 2569 0045 26       		.uleb128 0x26
 2570 0046 00       		.byte	0
 2571 0047 49       		.uleb128 0x49
 2572 0048 13       		.uleb128 0x13
 2573 0049 00       		.byte	0
 2574 004a 00       		.byte	0
 2575 004b 08       		.uleb128 0x8
 2576 004c 34       		.uleb128 0x34
 2577 004d 00       		.byte	0
 2578 004e 03       		.uleb128 0x3
 2579 004f 0E       		.uleb128 0xe
 2580 0050 3A       		.uleb128 0x3a
 2581 0051 0B       		.uleb128 0xb
 2582 0052 3B       		.uleb128 0x3b
 2583 0053 0B       		.uleb128 0xb
 2584 0054 49       		.uleb128 0x49
 2585 0055 13       		.uleb128 0x13
 2586 0056 3F       		.uleb128 0x3f
 2587 0057 19       		.uleb128 0x19
 2588 0058 02       		.uleb128 0x2
 2589 0059 18       		.uleb128 0x18
 2590 005a 00       		.byte	0
 2591 005b 00       		.byte	0
 2592 005c 09       		.uleb128 0x9
 2593 005d 21       		.uleb128 0x21
 2594 005e 00       		.byte	0
 2595 005f 49       		.uleb128 0x49
 2596 0060 13       		.uleb128 0x13
 2597 0061 2F       		.uleb128 0x2f
 2598 0062 0B       		.uleb128 0xb
 2599 0063 00       		.byte	0
 2600 0064 00       		.byte	0
 2601 0065 0A       		.uleb128 0xa
 2602 0066 34       		.uleb128 0x34
 2603 0067 00       		.byte	0
 2604 0068 03       		.uleb128 0x3
 2605 0069 0E       		.uleb128 0xe
 2606 006a 3A       		.uleb128 0x3a
 2607 006b 0B       		.uleb128 0xb
 2608 006c 3B       		.uleb128 0x3b
 2609 006d 05       		.uleb128 0x5
 2610 006e 49       		.uleb128 0x49
 2611 006f 13       		.uleb128 0x13
 2612 0070 3F       		.uleb128 0x3f
 2613 0071 19       		.uleb128 0x19
 2614 0072 02       		.uleb128 0x2
 2615 0073 18       		.uleb128 0x18
 2616 0074 00       		.byte	0
 2617 0075 00       		.byte	0
 2618 0076 00       		.byte	0
ARM GAS  C:\Users\simon\AppData\Local\Temp\ccwnuCJg.s 			page 47


 2619              		.section	.debug_aranges,"",%progbits
 2620 0000 14000000 		.4byte	0x14
 2621 0004 0200     		.2byte	0x2
 2622 0006 00000000 		.4byte	.Ldebug_info0
 2623 000a 04       		.byte	0x4
 2624 000b 00       		.byte	0
 2625 000c 0000     		.2byte	0
 2626 000e 0000     		.2byte	0
 2627 0010 00000000 		.4byte	0
 2628 0014 00000000 		.4byte	0
 2629              		.section	.debug_line,"",%progbits
 2630              	.Ldebug_line0:
 2631 0000 3D010000 		.section	.debug_str,"MS",%progbits,1
 2631      02003701 
 2631      00000201 
 2631      FB0E0D00 
 2631      01010101 
 2632              	.LASF9:
 2633 0000 5F5F7569 		.ascii	"__uint8_t\000"
 2633      6E74385F 
 2633      7400
 2634              	.LASF16:
 2635 000a 63795F6D 		.ascii	"cy_metadata\000"
 2635      65746164 
 2635      61746100 
 2636              	.LASF1:
 2637 0016 756E7369 		.ascii	"unsigned char\000"
 2637      676E6564 
 2637      20636861 
 2637      7200
 2638              	.LASF17:
 2639 0024 474E5520 		.ascii	"GNU C11 5.4.1 20160609 (release) [ARM/embedded-5-br"
 2639      43313120 
 2639      352E342E 
 2639      31203230 
 2639      31363036 
 2640 0057 616E6368 		.ascii	"anch revision 237715] -mcpu=cortex-m3 -mthumb -g -O"
 2640      20726576 
 2640      6973696F 
 2640      6E203233 
 2640      37373135 
 2641 008a 67202D66 		.ascii	"g -ffunction-sections -ffat-lto-objects\000"
 2641      66756E63 
 2641      74696F6E 
 2641      2D736563 
 2641      74696F6E 
 2642              	.LASF5:
 2643 00b2 6C6F6E67 		.ascii	"long unsigned int\000"
 2643      20756E73 
 2643      69676E65 
 2643      6420696E 
 2643      7400
 2644              	.LASF3:
 2645 00c4 73686F72 		.ascii	"short unsigned int\000"
 2645      7420756E 
 2645      7369676E 
 2645      65642069 
ARM GAS  C:\Users\simon\AppData\Local\Temp\ccwnuCJg.s 			page 48


 2645      6E7400
 2646              	.LASF19:
 2647 00d7 433A5C55 		.ascii	"C:\\Users\\simon\\OneDrive\\Documents\\PSoC Creator"
 2647      73657273 
 2647      5C73696D 
 2647      6F6E5C4F 
 2647      6E654472 
 2648 0105 5C46696E 		.ascii	"\\FinalProject\\Keys2NotewDisplay.cydsn\000"
 2648      616C5072 
 2648      6F6A6563 
 2648      745C4B65 
 2648      7973324E 
 2649              	.LASF13:
 2650 012b 63795F6D 		.ascii	"cy_meta_custnvl\000"
 2650      6574615F 
 2650      63757374 
 2650      6E766C00 
 2651              	.LASF12:
 2652 013b 63795F6D 		.ascii	"cy_meta_configecc\000"
 2652      6574615F 
 2652      636F6E66 
 2652      69676563 
 2652      6300
 2653              	.LASF8:
 2654 014d 756E7369 		.ascii	"unsigned int\000"
 2654      676E6564 
 2654      20696E74 
 2654      00
 2655              	.LASF7:
 2656 015a 6C6F6E67 		.ascii	"long long unsigned int\000"
 2656      206C6F6E 
 2656      6720756E 
 2656      7369676E 
 2656      65642069 
 2657              	.LASF10:
 2658 0171 75696E74 		.ascii	"uint8_t\000"
 2658      385F7400 
 2659              	.LASF15:
 2660 0179 63795F6D 		.ascii	"cy_meta_flashprotect\000"
 2660      6574615F 
 2660      666C6173 
 2660      6870726F 
 2660      74656374 
 2661              	.LASF14:
 2662 018e 63795F6D 		.ascii	"cy_meta_wonvl\000"
 2662      6574615F 
 2662      776F6E76 
 2662      6C00
 2663              	.LASF11:
 2664 019c 73697A65 		.ascii	"sizetype\000"
 2664      74797065 
 2664      00
 2665              	.LASF6:
 2666 01a5 6C6F6E67 		.ascii	"long long int\000"
 2666      206C6F6E 
 2666      6720696E 
 2666      7400
ARM GAS  C:\Users\simon\AppData\Local\Temp\ccwnuCJg.s 			page 49


 2667              	.LASF2:
 2668 01b3 73686F72 		.ascii	"short int\000"
 2668      7420696E 
 2668      7400
 2669              	.LASF4:
 2670 01bd 6C6F6E67 		.ascii	"long int\000"
 2670      20696E74 
 2670      00
 2671              	.LASF0:
 2672 01c6 7369676E 		.ascii	"signed char\000"
 2672      65642063 
 2672      68617200 
 2673              	.LASF18:
 2674 01d2 47656E65 		.ascii	"Generated_Source\\PSoC5\\cymetadata.c\000"
 2674      72617465 
 2674      645F536F 
 2674      75726365 
 2674      5C50536F 
 2675              		.ident	"GCC: (GNU Tools for ARM Embedded Processors) 5.4.1 20160609 (release) [ARM/embedded-5-bran
