ARM GAS  C:\Users\simon\AppData\Local\Temp\cceiiZlf.s 			page 1


   1              		.syntax unified
   2              		.cpu cortex-m3
   3              		.fpu softvfp
   4              		.eabi_attribute 20, 1
   5              		.eabi_attribute 21, 1
   6              		.eabi_attribute 23, 3
   7              		.eabi_attribute 24, 1
   8              		.eabi_attribute 25, 1
   9              		.eabi_attribute 26, 1
  10              		.eabi_attribute 30, 1
  11              		.eabi_attribute 34, 1
  12              		.eabi_attribute 18, 4
  13              		.thumb
  14              		.syntax unified
  15              		.file	"main.c"
  16              		.text
  17              	.Ltext0:
  18              		.cfi_sections	.debug_frame
  19              		.section	.text.Timer_ISR,"ax",%progbits
  20              		.align	2
  21              		.global	Timer_ISR
  22              		.thumb
  23              		.thumb_func
  24              		.type	Timer_ISR, %function
  25              	Timer_ISR:
  26              	.LFB63:
  27              		.file 1 "main.c"
   1:main.c        **** /* ========================================
   2:main.c        ****  *
   3:main.c        ****  * Copyright YOUR COMPANY, THE YEAR
   4:main.c        ****  * All Rights Reserved
   5:main.c        ****  * UNPUBLISHED, LICENSED SOFTWARE.
   6:main.c        ****  *
   7:main.c        ****  * CONFIDENTIAL AND PROPRIETARY INFORMATION
   8:main.c        ****  * WHICH IS THE PROPERTY OF your company.
   9:main.c        ****  *
  10:main.c        ****  * ========================================
  11:main.c        **** */
  12:main.c        **** #include <project.h>
  13:main.c        **** 
  14:main.c        **** CY_ISR(Timer_ISR)
  15:main.c        **** {
  28              		.loc 1 15 0
  29              		.cfi_startproc
  30              		@ args = 0, pretend = 0, frame = 0
  31              		@ frame_needed = 0, uses_anonymous_args = 0
  32 0000 08B5     		push	{r3, lr}
  33              		.cfi_def_cfa_offset 8
  34              		.cfi_offset 3, -8
  35              		.cfi_offset 14, -4
  16:main.c        ****     // Toggle the digital pin
  17:main.c        ****     Pin_1_Write(~Pin_1_Read());
  36              		.loc 1 17 0
  37 0002 FFF7FEFF 		bl	Pin_1_Read
  38              	.LVL0:
  39 0006 C043     		mvns	r0, r0
  40 0008 C0B2     		uxtb	r0, r0
ARM GAS  C:\Users\simon\AppData\Local\Temp\cceiiZlf.s 			page 2


  41 000a FFF7FEFF 		bl	Pin_1_Write
  42              	.LVL1:
  18:main.c        ****     Waveform_Send_ReadStatusRegister();
  43              		.loc 1 18 0
  44 000e FFF7FEFF 		bl	Waveform_Send_ReadStatusRegister
  45              	.LVL2:
  46 0012 08BD     		pop	{r3, pc}
  47              		.cfi_endproc
  48              	.LFE63:
  49              		.size	Timer_ISR, .-Timer_ISR
  50              		.section	.text.main,"ax",%progbits
  51              		.align	2
  52              		.global	main
  53              		.thumb
  54              		.thumb_func
  55              		.type	main, %function
  56              	main:
  57              	.LFB64:
  19:main.c        **** }
  20:main.c        **** 
  21:main.c        **** 
  22:main.c        **** int main(void)
  23:main.c        **** {
  58              		.loc 1 23 0
  59              		.cfi_startproc
  60              		@ args = 0, pretend = 0, frame = 56
  61              		@ frame_needed = 0, uses_anonymous_args = 0
  62 0000 F0B5     		push	{r4, r5, r6, r7, lr}
  63              		.cfi_def_cfa_offset 20
  64              		.cfi_offset 4, -20
  65              		.cfi_offset 5, -16
  66              		.cfi_offset 6, -12
  67              		.cfi_offset 7, -8
  68              		.cfi_offset 14, -4
  69 0002 8FB0     		sub	sp, sp, #60
  70              		.cfi_def_cfa_offset 80
  24:main.c        ****     // Initialize components
  25:main.c        ****     CyGlobalIntEnable; // Enable global interrupts
  71              		.loc 1 25 0
  72              		.syntax unified
  73              	@ 25 "main.c" 1
  74 0004 62B6     		CPSIE   i
  75              	@ 0 "" 2
  26:main.c        ****     uint16 periods[28] = {4110, 3879, 3662, 3455, 3262, 3078, 2906, 2742, 2589, 2444, 2306, 2177, 2
  76              		.loc 1 26 0
  77              		.thumb
  78              		.syntax unified
  79 0006 134C     		ldr	r4, .L9
  80 0008 6D46     		mov	r5, sp
  81 000a 04F13007 		add	r7, r4, #48
  82              	.L4:
  83 000e 2E46     		mov	r6, r5
  84 0010 2068     		ldr	r0, [r4]	@ unaligned
  85 0012 6168     		ldr	r1, [r4, #4]	@ unaligned
  86 0014 A268     		ldr	r2, [r4, #8]	@ unaligned
  87 0016 E368     		ldr	r3, [r4, #12]	@ unaligned
  88 0018 0FC6     		stmia	r6!, {r0, r1, r2, r3}
ARM GAS  C:\Users\simon\AppData\Local\Temp\cceiiZlf.s 			page 3


  89 001a 1034     		adds	r4, r4, #16
  90 001c 3546     		mov	r5, r6
  91 001e BC42     		cmp	r4, r7
  92 0020 F5D1     		bne	.L4
  93 0022 2068     		ldr	r0, [r4]	@ unaligned
  94 0024 6168     		ldr	r1, [r4, #4]	@ unaligned
  95 0026 03C5     		stmia	r5!, {r0, r1}
  27:main.c        ****     
  28:main.c        ****     // Initialize Timer
  29:main.c        ****     Timer_ISR_StartEx(Timer_ISR);
  96              		.loc 1 29 0
  97 0028 0B48     		ldr	r0, .L9+4
  98 002a FFF7FEFF 		bl	Timer_ISR_StartEx
  99              	.LVL3:
  30:main.c        ****     Waveform_Send_Start(); // Start the timer
 100              		.loc 1 30 0
 101 002e FFF7FEFF 		bl	Waveform_Send_Start
 102              	.LVL4:
 103              	.L7:
 104              	.LBB2:
  31:main.c        ****     
  32:main.c        ****     for(;;)
  33:main.c        ****     {
  34:main.c        ****         for (int i = 0; i < 28; i++){
 105              		.loc 1 34 0
 106 0032 0024     		movs	r4, #0
 107 0034 0BE0     		b	.L5
 108              	.LVL5:
 109              	.L6:
  35:main.c        ****              Waveform_Send_WritePeriod(periods[i]);
 110              		.loc 1 35 0 discriminator 3
 111 0036 0EAB     		add	r3, sp, #56
 112 0038 03EB4403 		add	r3, r3, r4, lsl #1
 113 003c 33F8380C 		ldrh	r0, [r3, #-56]
 114 0040 FFF7FEFF 		bl	Waveform_Send_WritePeriod
 115              	.LVL6:
  36:main.c        ****             CyDelay(10000);
 116              		.loc 1 36 0 discriminator 3
 117 0044 42F21070 		movw	r0, #10000
 118 0048 FFF7FEFF 		bl	CyDelay
 119              	.LVL7:
  34:main.c        ****              Waveform_Send_WritePeriod(periods[i]);
 120              		.loc 1 34 0 discriminator 3
 121 004c 0134     		adds	r4, r4, #1
 122              	.LVL8:
 123              	.L5:
  34:main.c        ****              Waveform_Send_WritePeriod(periods[i]);
 124              		.loc 1 34 0 is_stmt 0 discriminator 1
 125 004e 1B2C     		cmp	r4, #27
 126 0050 F1DD     		ble	.L6
 127 0052 EEE7     		b	.L7
 128              	.L10:
 129              		.align	2
 130              	.L9:
 131 0054 00000000 		.word	.LANCHOR0
 132 0058 00000000 		.word	Timer_ISR
 133              	.LBE2:
ARM GAS  C:\Users\simon\AppData\Local\Temp\cceiiZlf.s 			page 4


 134              		.cfi_endproc
 135              	.LFE64:
 136              		.size	main, .-main
 137              		.section	.rodata
 138              		.align	2
 139              		.set	.LANCHOR0,. + 0
 140              	.LC0:
 141 0000 0E10     		.short	4110
 142 0002 270F     		.short	3879
 143 0004 4E0E     		.short	3662
 144 0006 7F0D     		.short	3455
 145 0008 BE0C     		.short	3262
 146 000a 060C     		.short	3078
 147 000c 5A0B     		.short	2906
 148 000e B60A     		.short	2742
 149 0010 1D0A     		.short	2589
 150 0012 8C09     		.short	2444
 151 0014 0209     		.short	2306
 152 0016 8108     		.short	2177
 153 0018 0608     		.short	2054
 154 001a 9307     		.short	1939
 155 001c 2607     		.short	1830
 156 001e C006     		.short	1728
 157 0020 5F06     		.short	1631
 158 0022 0306     		.short	1539
 159 0024 AD05     		.short	1453
 160 0026 5B05     		.short	1371
 161 0028 0E05     		.short	1294
 162 002a C604     		.short	1222
 163 002c 8104     		.short	1153
 164 002e 4004     		.short	1088
 165 0030 0304     		.short	1027
 166 0032 CA03     		.short	970
 167 0034 9303     		.short	915
 168 0036 6003     		.short	864
 169              		.text
 170              	.Letext0:
 171              		.file 2 "c:\\program files (x86)\\cypress\\psoc creator\\4.4\\psoc creator\\import\\gnu\\arm\\5.4.
 172              		.file 3 "c:\\program files (x86)\\cypress\\psoc creator\\4.4\\psoc creator\\import\\gnu\\arm\\5.4.
 173              		.file 4 "Generated_Source\\PSoC5/cytypes.h"
 174              		.file 5 "Generated_Source\\PSoC5/Pin_1.h"
 175              		.file 6 "Generated_Source\\PSoC5/Waveform_Send.h"
 176              		.file 7 "Generated_Source\\PSoC5/CyLib.h"
 177              		.file 8 "Generated_Source\\PSoC5/Timer_ISR.h"
 178              		.file 9 "Generated_Source\\PSoC5/core_cm3.h"
 179              		.section	.debug_info,"",%progbits
 180              	.Ldebug_info0:
 181 0000 DF010000 		.4byte	0x1df
 182 0004 0400     		.2byte	0x4
 183 0006 00000000 		.4byte	.Ldebug_abbrev0
 184 000a 04       		.byte	0x4
 185 000b 01       		.uleb128 0x1
 186 000c 4F000000 		.4byte	.LASF25
 187 0010 0C       		.byte	0xc
 188 0011 98010000 		.4byte	.LASF26
 189 0015 FD010000 		.4byte	.LASF27
 190 0019 00000000 		.4byte	.Ldebug_ranges0+0
ARM GAS  C:\Users\simon\AppData\Local\Temp\cceiiZlf.s 			page 5


 191 001d 00000000 		.4byte	0
 192 0021 00000000 		.4byte	.Ldebug_line0
 193 0025 02       		.uleb128 0x2
 194 0026 01       		.byte	0x1
 195 0027 06       		.byte	0x6
 196 0028 DD010000 		.4byte	.LASF0
 197 002c 02       		.uleb128 0x2
 198 002d 01       		.byte	0x1
 199 002e 08       		.byte	0x8
 200 002f 41000000 		.4byte	.LASF1
 201 0033 02       		.uleb128 0x2
 202 0034 02       		.byte	0x2
 203 0035 05       		.byte	0x5
 204 0036 A4010000 		.4byte	.LASF2
 205 003a 02       		.uleb128 0x2
 206 003b 02       		.byte	0x2
 207 003c 07       		.byte	0x7
 208 003d EF000000 		.4byte	.LASF3
 209 0041 03       		.uleb128 0x3
 210 0042 00000000 		.4byte	.LASF9
 211 0046 02       		.byte	0x2
 212 0047 3F       		.byte	0x3f
 213 0048 4C000000 		.4byte	0x4c
 214 004c 02       		.uleb128 0x2
 215 004d 04       		.byte	0x4
 216 004e 05       		.byte	0x5
 217 004f C8010000 		.4byte	.LASF4
 218 0053 02       		.uleb128 0x2
 219 0054 04       		.byte	0x4
 220 0055 07       		.byte	0x7
 221 0056 DD000000 		.4byte	.LASF5
 222 005a 02       		.uleb128 0x2
 223 005b 08       		.byte	0x8
 224 005c 05       		.byte	0x5
 225 005d 8A010000 		.4byte	.LASF6
 226 0061 02       		.uleb128 0x2
 227 0062 08       		.byte	0x8
 228 0063 07       		.byte	0x7
 229 0064 43010000 		.4byte	.LASF7
 230 0068 04       		.uleb128 0x4
 231 0069 04       		.byte	0x4
 232 006a 05       		.byte	0x5
 233 006b 696E7400 		.ascii	"int\000"
 234 006f 02       		.uleb128 0x2
 235 0070 04       		.byte	0x4
 236 0071 07       		.byte	0x7
 237 0072 36010000 		.4byte	.LASF8
 238 0076 03       		.uleb128 0x3
 239 0077 33000000 		.4byte	.LASF10
 240 007b 03       		.byte	0x3
 241 007c 2C       		.byte	0x2c
 242 007d 41000000 		.4byte	0x41
 243 0081 05       		.uleb128 0x5
 244 0082 2F010000 		.4byte	.LASF11
 245 0086 04       		.byte	0x4
 246 0087 EA01     		.2byte	0x1ea
 247 0089 3A000000 		.4byte	0x3a
ARM GAS  C:\Users\simon\AppData\Local\Temp\cceiiZlf.s 			page 6


 248 008d 02       		.uleb128 0x2
 249 008e 04       		.byte	0x4
 250 008f 04       		.byte	0x4
 251 0090 3B000000 		.4byte	.LASF12
 252 0094 02       		.uleb128 0x2
 253 0095 08       		.byte	0x8
 254 0096 04       		.byte	0x4
 255 0097 0F010000 		.4byte	.LASF13
 256 009b 02       		.uleb128 0x2
 257 009c 01       		.byte	0x1
 258 009d 08       		.byte	0x8
 259 009e 9F010000 		.4byte	.LASF14
 260 00a2 02       		.uleb128 0x2
 261 00a3 08       		.byte	0x8
 262 00a4 04       		.byte	0x4
 263 00a5 D1010000 		.4byte	.LASF15
 264 00a9 02       		.uleb128 0x2
 265 00aa 04       		.byte	0x4
 266 00ab 07       		.byte	0x7
 267 00ac 76010000 		.4byte	.LASF16
 268 00b0 06       		.uleb128 0x6
 269 00b1 6C010000 		.4byte	.LASF28
 270 00b5 01       		.byte	0x1
 271 00b6 0E       		.byte	0xe
 272 00b7 00000000 		.4byte	.LFB63
 273 00bb 14000000 		.4byte	.LFE63-.LFB63
 274 00bf 01       		.uleb128 0x1
 275 00c0 9C       		.byte	0x9c
 276 00c1 E1000000 		.4byte	0xe1
 277 00c5 07       		.uleb128 0x7
 278 00c6 06000000 		.4byte	.LVL0
 279 00ca 95010000 		.4byte	0x195
 280 00ce 07       		.uleb128 0x7
 281 00cf 0E000000 		.4byte	.LVL1
 282 00d3 A0010000 		.4byte	0x1a0
 283 00d7 07       		.uleb128 0x7
 284 00d8 12000000 		.4byte	.LVL2
 285 00dc AB010000 		.4byte	0x1ab
 286 00e0 00       		.byte	0
 287 00e1 08       		.uleb128 0x8
 288 00e2 2A010000 		.4byte	.LASF29
 289 00e6 01       		.byte	0x1
 290 00e7 16       		.byte	0x16
 291 00e8 68000000 		.4byte	0x68
 292 00ec 00000000 		.4byte	.LFB64
 293 00f0 5C000000 		.4byte	.LFE64-.LFB64
 294 00f4 01       		.uleb128 0x1
 295 00f5 9C       		.byte	0x9c
 296 00f6 74010000 		.4byte	0x174
 297 00fa 09       		.uleb128 0x9
 298 00fb 2B000000 		.4byte	.LASF17
 299 00ff 01       		.byte	0x1
 300 0100 1A       		.byte	0x1a
 301 0101 74010000 		.4byte	0x174
 302 0105 03       		.uleb128 0x3
 303 0106 91       		.byte	0x91
 304 0107 B07F     		.sleb128 -80
ARM GAS  C:\Users\simon\AppData\Local\Temp\cceiiZlf.s 			page 7


 305 0109 0A       		.uleb128 0xa
 306 010a 32000000 		.4byte	.LBB2
 307 010e 2A000000 		.4byte	.LBE2-.LBB2
 308 0112 53010000 		.4byte	0x153
 309 0116 0B       		.uleb128 0xb
 310 0117 6900     		.ascii	"i\000"
 311 0119 01       		.byte	0x1
 312 011a 22       		.byte	0x22
 313 011b 68000000 		.4byte	0x68
 314 011f 00000000 		.4byte	.LLST0
 315 0123 0C       		.uleb128 0xc
 316 0124 44000000 		.4byte	.LVL6
 317 0128 B6010000 		.4byte	0x1b6
 318 012c 41010000 		.4byte	0x141
 319 0130 0D       		.uleb128 0xd
 320 0131 01       		.uleb128 0x1
 321 0132 50       		.byte	0x50
 322 0133 0C       		.uleb128 0xc
 323 0134 74       		.byte	0x74
 324 0135 00       		.sleb128 0
 325 0136 31       		.byte	0x31
 326 0137 24       		.byte	0x24
 327 0138 91       		.byte	0x91
 328 0139 00       		.sleb128 0
 329 013a 22       		.byte	0x22
 330 013b 08       		.byte	0x8
 331 013c 50       		.byte	0x50
 332 013d 1C       		.byte	0x1c
 333 013e 94       		.byte	0x94
 334 013f 02       		.byte	0x2
 335 0140 00       		.byte	0
 336 0141 0E       		.uleb128 0xe
 337 0142 4C000000 		.4byte	.LVL7
 338 0146 C1010000 		.4byte	0x1c1
 339 014a 0D       		.uleb128 0xd
 340 014b 01       		.uleb128 0x1
 341 014c 50       		.byte	0x50
 342 014d 03       		.uleb128 0x3
 343 014e 0A       		.byte	0xa
 344 014f 1027     		.2byte	0x2710
 345 0151 00       		.byte	0
 346 0152 00       		.byte	0
 347 0153 0C       		.uleb128 0xc
 348 0154 2E000000 		.4byte	.LVL3
 349 0158 CC010000 		.4byte	0x1cc
 350 015c 6A010000 		.4byte	0x16a
 351 0160 0D       		.uleb128 0xd
 352 0161 01       		.uleb128 0x1
 353 0162 50       		.byte	0x50
 354 0163 05       		.uleb128 0x5
 355 0164 03       		.byte	0x3
 356 0165 00000000 		.4byte	Timer_ISR
 357 0169 00       		.byte	0
 358 016a 07       		.uleb128 0x7
 359 016b 32000000 		.4byte	.LVL4
 360 016f D7010000 		.4byte	0x1d7
 361 0173 00       		.byte	0
ARM GAS  C:\Users\simon\AppData\Local\Temp\cceiiZlf.s 			page 8


 362 0174 0F       		.uleb128 0xf
 363 0175 81000000 		.4byte	0x81
 364 0179 84010000 		.4byte	0x184
 365 017d 10       		.uleb128 0x10
 366 017e A9000000 		.4byte	0xa9
 367 0182 1B       		.byte	0x1b
 368 0183 00       		.byte	0
 369 0184 11       		.uleb128 0x11
 370 0185 02010000 		.4byte	.LASF30
 371 0189 09       		.byte	0x9
 372 018a 1207     		.2byte	0x712
 373 018c 90010000 		.4byte	0x190
 374 0190 12       		.uleb128 0x12
 375 0191 76000000 		.4byte	0x76
 376 0195 13       		.uleb128 0x13
 377 0196 7F010000 		.4byte	.LASF18
 378 019a 7F010000 		.4byte	.LASF18
 379 019e 05       		.byte	0x5
 380 019f 29       		.byte	0x29
 381 01a0 13       		.uleb128 0x13
 382 01a1 E9010000 		.4byte	.LASF19
 383 01a5 E9010000 		.4byte	.LASF19
 384 01a9 05       		.byte	0x5
 385 01aa 26       		.byte	0x26
 386 01ab 13       		.uleb128 0x13
 387 01ac 0A000000 		.4byte	.LASF20
 388 01b0 0A000000 		.4byte	.LASF20
 389 01b4 06       		.byte	0x6
 390 01b5 5E       		.byte	0x5e
 391 01b6 13       		.uleb128 0x13
 392 01b7 AE010000 		.4byte	.LASF21
 393 01bb AE010000 		.4byte	.LASF21
 394 01bf 06       		.byte	0x6
 395 01c0 68       		.byte	0x68
 396 01c1 13       		.uleb128 0x13
 397 01c2 F5010000 		.4byte	.LASF22
 398 01c6 F5010000 		.4byte	.LASF22
 399 01ca 07       		.byte	0x7
 400 01cb 76       		.byte	0x76
 401 01cc 13       		.uleb128 0x13
 402 01cd 5A010000 		.4byte	.LASF23
 403 01d1 5A010000 		.4byte	.LASF23
 404 01d5 08       		.byte	0x8
 405 01d6 18       		.byte	0x18
 406 01d7 13       		.uleb128 0x13
 407 01d8 16010000 		.4byte	.LASF24
 408 01dc 16010000 		.4byte	.LASF24
 409 01e0 06       		.byte	0x6
 410 01e1 5A       		.byte	0x5a
 411 01e2 00       		.byte	0
 412              		.section	.debug_abbrev,"",%progbits
 413              	.Ldebug_abbrev0:
 414 0000 01       		.uleb128 0x1
 415 0001 11       		.uleb128 0x11
 416 0002 01       		.byte	0x1
 417 0003 25       		.uleb128 0x25
 418 0004 0E       		.uleb128 0xe
ARM GAS  C:\Users\simon\AppData\Local\Temp\cceiiZlf.s 			page 9


 419 0005 13       		.uleb128 0x13
 420 0006 0B       		.uleb128 0xb
 421 0007 03       		.uleb128 0x3
 422 0008 0E       		.uleb128 0xe
 423 0009 1B       		.uleb128 0x1b
 424 000a 0E       		.uleb128 0xe
 425 000b 55       		.uleb128 0x55
 426 000c 17       		.uleb128 0x17
 427 000d 11       		.uleb128 0x11
 428 000e 01       		.uleb128 0x1
 429 000f 10       		.uleb128 0x10
 430 0010 17       		.uleb128 0x17
 431 0011 00       		.byte	0
 432 0012 00       		.byte	0
 433 0013 02       		.uleb128 0x2
 434 0014 24       		.uleb128 0x24
 435 0015 00       		.byte	0
 436 0016 0B       		.uleb128 0xb
 437 0017 0B       		.uleb128 0xb
 438 0018 3E       		.uleb128 0x3e
 439 0019 0B       		.uleb128 0xb
 440 001a 03       		.uleb128 0x3
 441 001b 0E       		.uleb128 0xe
 442 001c 00       		.byte	0
 443 001d 00       		.byte	0
 444 001e 03       		.uleb128 0x3
 445 001f 16       		.uleb128 0x16
 446 0020 00       		.byte	0
 447 0021 03       		.uleb128 0x3
 448 0022 0E       		.uleb128 0xe
 449 0023 3A       		.uleb128 0x3a
 450 0024 0B       		.uleb128 0xb
 451 0025 3B       		.uleb128 0x3b
 452 0026 0B       		.uleb128 0xb
 453 0027 49       		.uleb128 0x49
 454 0028 13       		.uleb128 0x13
 455 0029 00       		.byte	0
 456 002a 00       		.byte	0
 457 002b 04       		.uleb128 0x4
 458 002c 24       		.uleb128 0x24
 459 002d 00       		.byte	0
 460 002e 0B       		.uleb128 0xb
 461 002f 0B       		.uleb128 0xb
 462 0030 3E       		.uleb128 0x3e
 463 0031 0B       		.uleb128 0xb
 464 0032 03       		.uleb128 0x3
 465 0033 08       		.uleb128 0x8
 466 0034 00       		.byte	0
 467 0035 00       		.byte	0
 468 0036 05       		.uleb128 0x5
 469 0037 16       		.uleb128 0x16
 470 0038 00       		.byte	0
 471 0039 03       		.uleb128 0x3
 472 003a 0E       		.uleb128 0xe
 473 003b 3A       		.uleb128 0x3a
 474 003c 0B       		.uleb128 0xb
 475 003d 3B       		.uleb128 0x3b
ARM GAS  C:\Users\simon\AppData\Local\Temp\cceiiZlf.s 			page 10


 476 003e 05       		.uleb128 0x5
 477 003f 49       		.uleb128 0x49
 478 0040 13       		.uleb128 0x13
 479 0041 00       		.byte	0
 480 0042 00       		.byte	0
 481 0043 06       		.uleb128 0x6
 482 0044 2E       		.uleb128 0x2e
 483 0045 01       		.byte	0x1
 484 0046 3F       		.uleb128 0x3f
 485 0047 19       		.uleb128 0x19
 486 0048 03       		.uleb128 0x3
 487 0049 0E       		.uleb128 0xe
 488 004a 3A       		.uleb128 0x3a
 489 004b 0B       		.uleb128 0xb
 490 004c 3B       		.uleb128 0x3b
 491 004d 0B       		.uleb128 0xb
 492 004e 27       		.uleb128 0x27
 493 004f 19       		.uleb128 0x19
 494 0050 11       		.uleb128 0x11
 495 0051 01       		.uleb128 0x1
 496 0052 12       		.uleb128 0x12
 497 0053 06       		.uleb128 0x6
 498 0054 40       		.uleb128 0x40
 499 0055 18       		.uleb128 0x18
 500 0056 9742     		.uleb128 0x2117
 501 0058 19       		.uleb128 0x19
 502 0059 01       		.uleb128 0x1
 503 005a 13       		.uleb128 0x13
 504 005b 00       		.byte	0
 505 005c 00       		.byte	0
 506 005d 07       		.uleb128 0x7
 507 005e 898201   		.uleb128 0x4109
 508 0061 00       		.byte	0
 509 0062 11       		.uleb128 0x11
 510 0063 01       		.uleb128 0x1
 511 0064 31       		.uleb128 0x31
 512 0065 13       		.uleb128 0x13
 513 0066 00       		.byte	0
 514 0067 00       		.byte	0
 515 0068 08       		.uleb128 0x8
 516 0069 2E       		.uleb128 0x2e
 517 006a 01       		.byte	0x1
 518 006b 3F       		.uleb128 0x3f
 519 006c 19       		.uleb128 0x19
 520 006d 03       		.uleb128 0x3
 521 006e 0E       		.uleb128 0xe
 522 006f 3A       		.uleb128 0x3a
 523 0070 0B       		.uleb128 0xb
 524 0071 3B       		.uleb128 0x3b
 525 0072 0B       		.uleb128 0xb
 526 0073 27       		.uleb128 0x27
 527 0074 19       		.uleb128 0x19
 528 0075 49       		.uleb128 0x49
 529 0076 13       		.uleb128 0x13
 530 0077 8701     		.uleb128 0x87
 531 0079 19       		.uleb128 0x19
 532 007a 11       		.uleb128 0x11
ARM GAS  C:\Users\simon\AppData\Local\Temp\cceiiZlf.s 			page 11


 533 007b 01       		.uleb128 0x1
 534 007c 12       		.uleb128 0x12
 535 007d 06       		.uleb128 0x6
 536 007e 40       		.uleb128 0x40
 537 007f 18       		.uleb128 0x18
 538 0080 9742     		.uleb128 0x2117
 539 0082 19       		.uleb128 0x19
 540 0083 01       		.uleb128 0x1
 541 0084 13       		.uleb128 0x13
 542 0085 00       		.byte	0
 543 0086 00       		.byte	0
 544 0087 09       		.uleb128 0x9
 545 0088 34       		.uleb128 0x34
 546 0089 00       		.byte	0
 547 008a 03       		.uleb128 0x3
 548 008b 0E       		.uleb128 0xe
 549 008c 3A       		.uleb128 0x3a
 550 008d 0B       		.uleb128 0xb
 551 008e 3B       		.uleb128 0x3b
 552 008f 0B       		.uleb128 0xb
 553 0090 49       		.uleb128 0x49
 554 0091 13       		.uleb128 0x13
 555 0092 02       		.uleb128 0x2
 556 0093 18       		.uleb128 0x18
 557 0094 00       		.byte	0
 558 0095 00       		.byte	0
 559 0096 0A       		.uleb128 0xa
 560 0097 0B       		.uleb128 0xb
 561 0098 01       		.byte	0x1
 562 0099 11       		.uleb128 0x11
 563 009a 01       		.uleb128 0x1
 564 009b 12       		.uleb128 0x12
 565 009c 06       		.uleb128 0x6
 566 009d 01       		.uleb128 0x1
 567 009e 13       		.uleb128 0x13
 568 009f 00       		.byte	0
 569 00a0 00       		.byte	0
 570 00a1 0B       		.uleb128 0xb
 571 00a2 34       		.uleb128 0x34
 572 00a3 00       		.byte	0
 573 00a4 03       		.uleb128 0x3
 574 00a5 08       		.uleb128 0x8
 575 00a6 3A       		.uleb128 0x3a
 576 00a7 0B       		.uleb128 0xb
 577 00a8 3B       		.uleb128 0x3b
 578 00a9 0B       		.uleb128 0xb
 579 00aa 49       		.uleb128 0x49
 580 00ab 13       		.uleb128 0x13
 581 00ac 02       		.uleb128 0x2
 582 00ad 17       		.uleb128 0x17
 583 00ae 00       		.byte	0
 584 00af 00       		.byte	0
 585 00b0 0C       		.uleb128 0xc
 586 00b1 898201   		.uleb128 0x4109
 587 00b4 01       		.byte	0x1
 588 00b5 11       		.uleb128 0x11
 589 00b6 01       		.uleb128 0x1
ARM GAS  C:\Users\simon\AppData\Local\Temp\cceiiZlf.s 			page 12


 590 00b7 31       		.uleb128 0x31
 591 00b8 13       		.uleb128 0x13
 592 00b9 01       		.uleb128 0x1
 593 00ba 13       		.uleb128 0x13
 594 00bb 00       		.byte	0
 595 00bc 00       		.byte	0
 596 00bd 0D       		.uleb128 0xd
 597 00be 8A8201   		.uleb128 0x410a
 598 00c1 00       		.byte	0
 599 00c2 02       		.uleb128 0x2
 600 00c3 18       		.uleb128 0x18
 601 00c4 9142     		.uleb128 0x2111
 602 00c6 18       		.uleb128 0x18
 603 00c7 00       		.byte	0
 604 00c8 00       		.byte	0
 605 00c9 0E       		.uleb128 0xe
 606 00ca 898201   		.uleb128 0x4109
 607 00cd 01       		.byte	0x1
 608 00ce 11       		.uleb128 0x11
 609 00cf 01       		.uleb128 0x1
 610 00d0 31       		.uleb128 0x31
 611 00d1 13       		.uleb128 0x13
 612 00d2 00       		.byte	0
 613 00d3 00       		.byte	0
 614 00d4 0F       		.uleb128 0xf
 615 00d5 01       		.uleb128 0x1
 616 00d6 01       		.byte	0x1
 617 00d7 49       		.uleb128 0x49
 618 00d8 13       		.uleb128 0x13
 619 00d9 01       		.uleb128 0x1
 620 00da 13       		.uleb128 0x13
 621 00db 00       		.byte	0
 622 00dc 00       		.byte	0
 623 00dd 10       		.uleb128 0x10
 624 00de 21       		.uleb128 0x21
 625 00df 00       		.byte	0
 626 00e0 49       		.uleb128 0x49
 627 00e1 13       		.uleb128 0x13
 628 00e2 2F       		.uleb128 0x2f
 629 00e3 0B       		.uleb128 0xb
 630 00e4 00       		.byte	0
 631 00e5 00       		.byte	0
 632 00e6 11       		.uleb128 0x11
 633 00e7 34       		.uleb128 0x34
 634 00e8 00       		.byte	0
 635 00e9 03       		.uleb128 0x3
 636 00ea 0E       		.uleb128 0xe
 637 00eb 3A       		.uleb128 0x3a
 638 00ec 0B       		.uleb128 0xb
 639 00ed 3B       		.uleb128 0x3b
 640 00ee 05       		.uleb128 0x5
 641 00ef 49       		.uleb128 0x49
 642 00f0 13       		.uleb128 0x13
 643 00f1 3F       		.uleb128 0x3f
 644 00f2 19       		.uleb128 0x19
 645 00f3 3C       		.uleb128 0x3c
 646 00f4 19       		.uleb128 0x19
ARM GAS  C:\Users\simon\AppData\Local\Temp\cceiiZlf.s 			page 13


 647 00f5 00       		.byte	0
 648 00f6 00       		.byte	0
 649 00f7 12       		.uleb128 0x12
 650 00f8 35       		.uleb128 0x35
 651 00f9 00       		.byte	0
 652 00fa 49       		.uleb128 0x49
 653 00fb 13       		.uleb128 0x13
 654 00fc 00       		.byte	0
 655 00fd 00       		.byte	0
 656 00fe 13       		.uleb128 0x13
 657 00ff 2E       		.uleb128 0x2e
 658 0100 00       		.byte	0
 659 0101 3F       		.uleb128 0x3f
 660 0102 19       		.uleb128 0x19
 661 0103 3C       		.uleb128 0x3c
 662 0104 19       		.uleb128 0x19
 663 0105 6E       		.uleb128 0x6e
 664 0106 0E       		.uleb128 0xe
 665 0107 03       		.uleb128 0x3
 666 0108 0E       		.uleb128 0xe
 667 0109 3A       		.uleb128 0x3a
 668 010a 0B       		.uleb128 0xb
 669 010b 3B       		.uleb128 0x3b
 670 010c 0B       		.uleb128 0xb
 671 010d 00       		.byte	0
 672 010e 00       		.byte	0
 673 010f 00       		.byte	0
 674              		.section	.debug_loc,"",%progbits
 675              	.Ldebug_loc0:
 676              	.LLST0:
 677 0000 32000000 		.4byte	.LVL4
 678 0004 36000000 		.4byte	.LVL5
 679 0008 0200     		.2byte	0x2
 680 000a 30       		.byte	0x30
 681 000b 9F       		.byte	0x9f
 682 000c 36000000 		.4byte	.LVL5
 683 0010 5C000000 		.4byte	.LFE64
 684 0014 0100     		.2byte	0x1
 685 0016 54       		.byte	0x54
 686 0017 00000000 		.4byte	0
 687 001b 00000000 		.4byte	0
 688              		.section	.debug_aranges,"",%progbits
 689 0000 24000000 		.4byte	0x24
 690 0004 0200     		.2byte	0x2
 691 0006 00000000 		.4byte	.Ldebug_info0
 692 000a 04       		.byte	0x4
 693 000b 00       		.byte	0
 694 000c 0000     		.2byte	0
 695 000e 0000     		.2byte	0
 696 0010 00000000 		.4byte	.LFB63
 697 0014 14000000 		.4byte	.LFE63-.LFB63
 698 0018 00000000 		.4byte	.LFB64
 699 001c 5C000000 		.4byte	.LFE64-.LFB64
 700 0020 00000000 		.4byte	0
 701 0024 00000000 		.4byte	0
 702              		.section	.debug_ranges,"",%progbits
 703              	.Ldebug_ranges0:
ARM GAS  C:\Users\simon\AppData\Local\Temp\cceiiZlf.s 			page 14


 704 0000 00000000 		.4byte	.LFB63
 705 0004 14000000 		.4byte	.LFE63
 706 0008 00000000 		.4byte	.LFB64
 707 000c 5C000000 		.4byte	.LFE64
 708 0010 00000000 		.4byte	0
 709 0014 00000000 		.4byte	0
 710              		.section	.debug_line,"",%progbits
 711              	.Ldebug_line0:
 712 0000 C5010000 		.section	.debug_str,"MS",%progbits,1
 712      02008401 
 712      00000201 
 712      FB0E0D00 
 712      01010101 
 713              	.LASF9:
 714 0000 5F5F696E 		.ascii	"__int32_t\000"
 714      7433325F 
 714      7400
 715              	.LASF20:
 716 000a 57617665 		.ascii	"Waveform_Send_ReadStatusRegister\000"
 716      666F726D 
 716      5F53656E 
 716      645F5265 
 716      61645374 
 717              	.LASF17:
 718 002b 70657269 		.ascii	"periods\000"
 718      6F647300 
 719              	.LASF10:
 720 0033 696E7433 		.ascii	"int32_t\000"
 720      325F7400 
 721              	.LASF12:
 722 003b 666C6F61 		.ascii	"float\000"
 722      7400
 723              	.LASF1:
 724 0041 756E7369 		.ascii	"unsigned char\000"
 724      676E6564 
 724      20636861 
 724      7200
 725              	.LASF25:
 726 004f 474E5520 		.ascii	"GNU C11 5.4.1 20160609 (release) [ARM/embedded-5-br"
 726      43313120 
 726      352E342E 
 726      31203230 
 726      31363036 
 727 0082 616E6368 		.ascii	"anch revision 237715] -mcpu=cortex-m3 -mthumb -g -O"
 727      20726576 
 727      6973696F 
 727      6E203233 
 727      37373135 
 728 00b5 67202D66 		.ascii	"g -ffunction-sections -ffat-lto-objects\000"
 728      66756E63 
 728      74696F6E 
 728      2D736563 
 728      74696F6E 
 729              	.LASF5:
 730 00dd 6C6F6E67 		.ascii	"long unsigned int\000"
 730      20756E73 
 730      69676E65 
ARM GAS  C:\Users\simon\AppData\Local\Temp\cceiiZlf.s 			page 15


 730      6420696E 
 730      7400
 731              	.LASF3:
 732 00ef 73686F72 		.ascii	"short unsigned int\000"
 732      7420756E 
 732      7369676E 
 732      65642069 
 732      6E7400
 733              	.LASF30:
 734 0102 49544D5F 		.ascii	"ITM_RxBuffer\000"
 734      52784275 
 734      66666572 
 734      00
 735              	.LASF13:
 736 010f 646F7562 		.ascii	"double\000"
 736      6C6500
 737              	.LASF24:
 738 0116 57617665 		.ascii	"Waveform_Send_Start\000"
 738      666F726D 
 738      5F53656E 
 738      645F5374 
 738      61727400 
 739              	.LASF29:
 740 012a 6D61696E 		.ascii	"main\000"
 740      00
 741              	.LASF11:
 742 012f 75696E74 		.ascii	"uint16\000"
 742      313600
 743              	.LASF8:
 744 0136 756E7369 		.ascii	"unsigned int\000"
 744      676E6564 
 744      20696E74 
 744      00
 745              	.LASF7:
 746 0143 6C6F6E67 		.ascii	"long long unsigned int\000"
 746      206C6F6E 
 746      6720756E 
 746      7369676E 
 746      65642069 
 747              	.LASF23:
 748 015a 54696D65 		.ascii	"Timer_ISR_StartEx\000"
 748      725F4953 
 748      525F5374 
 748      61727445 
 748      7800
 749              	.LASF28:
 750 016c 54696D65 		.ascii	"Timer_ISR\000"
 750      725F4953 
 750      5200
 751              	.LASF16:
 752 0176 73697A65 		.ascii	"sizetype\000"
 752      74797065 
 752      00
 753              	.LASF18:
 754 017f 50696E5F 		.ascii	"Pin_1_Read\000"
 754      315F5265 
 754      616400
ARM GAS  C:\Users\simon\AppData\Local\Temp\cceiiZlf.s 			page 16


 755              	.LASF6:
 756 018a 6C6F6E67 		.ascii	"long long int\000"
 756      206C6F6E 
 756      6720696E 
 756      7400
 757              	.LASF26:
 758 0198 6D61696E 		.ascii	"main.c\000"
 758      2E6300
 759              	.LASF14:
 760 019f 63686172 		.ascii	"char\000"
 760      00
 761              	.LASF2:
 762 01a4 73686F72 		.ascii	"short int\000"
 762      7420696E 
 762      7400
 763              	.LASF21:
 764 01ae 57617665 		.ascii	"Waveform_Send_WritePeriod\000"
 764      666F726D 
 764      5F53656E 
 764      645F5772 
 764      69746550 
 765              	.LASF4:
 766 01c8 6C6F6E67 		.ascii	"long int\000"
 766      20696E74 
 766      00
 767              	.LASF15:
 768 01d1 6C6F6E67 		.ascii	"long double\000"
 768      20646F75 
 768      626C6500 
 769              	.LASF0:
 770 01dd 7369676E 		.ascii	"signed char\000"
 770      65642063 
 770      68617200 
 771              	.LASF19:
 772 01e9 50696E5F 		.ascii	"Pin_1_Write\000"
 772      315F5772 
 772      69746500 
 773              	.LASF22:
 774 01f5 43794465 		.ascii	"CyDelay\000"
 774      6C617900 
 775              	.LASF27:
 776 01fd 433A5C55 		.ascii	"C:\\Users\\simon\\OneDrive\\Documents\\PSoC Creator"
 776      73657273 
 776      5C73696D 
 776      6F6E5C4F 
 776      6E654472 
 777 022b 5C46696E 		.ascii	"\\FinalProject\\Timers.cydsn\000"
 777      616C5072 
 777      6F6A6563 
 777      745C5469 
 777      6D657273 
 778              		.ident	"GCC: (GNU Tools for ARM Embedded Processors) 5.4.1 20160609 (release) [ARM/embedded-5-bran
