--------------- Build Started: 05/13/2024 14:04:42 Project: ADDDisplay, Configuration: ARM GCC 5.4-2016-q2-update Debug ---------------
cydsfit.exe -.appdatapath "C:\Users\simon\AppData\Local\Cypress Semiconductor\PSoC Creator\4.4" -.fdsnotice -.fdswarpdepfile=warp_dependencies.txt -.fdselabdepfile=elab_dependencies.txt -.fdsbldfile=generated_files.txt -.fdsreffile=referenced_files.txt -p "C:\Users\simon\OneDrive\Documents\PSoC Creator\FinalProject\ADDDisplay.cydsn\ADDDisplay.cyprj" -d CY8C5868AXI-LP035 -s "C:\Users\simon\OneDrive\Documents\PSoC Creator\FinalProject\ADDDisplay.cydsn\Generated_Source\PSoC5" -- -yv2 -q10 -ygs -o2 -v3 -.fftcfgtype=LE
Elaborating Design...
HDL Generation...
Synthesis...
Tech Mapping...
Analog Placement...
Analog Routing...
Analog Code Generation...
Digital Placement...
Digital Routing...
Bitstream Generation...
Bitstream Verification...
Static timing analysis...
API Generation...
Dependency Generation...
Cleanup...
arm-none-eabi-gcc.exe -mcpu=cortex-m3 -mthumb -I..\..\emWinGraphics_v5_46\Code\Include\PSoC4_5\nosnts -I..\..\emWinGraphics_v5_46\Code\Include\PSoC4_5 -I. -IGenerated_Source\PSoC5 -Wa,-alh=.\CortexM3\ARM_GCC_541\Debug/main.lst -g -D DEBUG -Wall -ffunction-sections -ffat-lto-objects -Og -c main.c -o .\CortexM3\ARM_GCC_541\Debug\main.o
main.c:13:17: fatal error: GUI.h: No such file or directory
compilation terminated.
The command 'arm-none-eabi-gcc.exe' failed with exit code '1'.
--------------- Build Failed: 05/13/2024 14:04:53 ---------------
