ARM GAS  C:\Users\simon\AppData\Local\Temp\cc94iLec.s 			page 1


   1              		.syntax unified
   2              		.cpu cortex-m3
   3              		.fpu softvfp
   4              		.eabi_attribute 20, 1
   5              		.eabi_attribute 21, 1
   6              		.eabi_attribute 23, 3
   7              		.eabi_attribute 24, 1
   8              		.eabi_attribute 25, 1
   9              		.eabi_attribute 26, 1
  10              		.eabi_attribute 30, 1
  11              		.eabi_attribute 34, 1
  12              		.eabi_attribute 18, 4
  13              		.thumb
  14              		.syntax unified
  15              		.file	"cymetadata.c"
  16              		.text
  17              	.Ltext0:
  18              		.cfi_sections	.debug_frame
  19              		.global	cy_metadata
  20              		.global	cy_meta_flashprotect
  21              		.global	cy_meta_wonvl
  22              		.global	cy_meta_custnvl
  23              		.global	cy_meta_configecc
  24              		.section	.cyconfigecc,"a",%progbits
  25              		.align	2
  26              		.type	cy_meta_configecc, %object
  27              		.size	cy_meta_configecc, 156
  28              	cy_meta_configecc:
  29 0000 02       		.byte	2
  30 0001 4F       		.byte	79
  31 0002 00       		.byte	0
  32 0003 40       		.byte	64
  33 0004 01       		.byte	1
  34 0005 5A       		.byte	90
  35 0006 00       		.byte	0
  36 0007 40       		.byte	64
  37 0008 01       		.byte	1
  38 0009 07       		.byte	7
  39 000a 01       		.byte	1
  40 000b 40       		.byte	64
  41 000c 01       		.byte	1
  42 000d 09       		.byte	9
  43 000e 01       		.byte	1
  44 000f 40       		.byte	64
  45 0010 04       		.byte	4
  46 0011 0A       		.byte	10
  47 0012 01       		.byte	1
  48 0013 40       		.byte	64
  49 0014 01       		.byte	1
  50 0015 0B       		.byte	11
  51 0016 01       		.byte	1
  52 0017 40       		.byte	64
  53 0018 01       		.byte	1
  54 0019 15       		.byte	21
  55 001a 01       		.byte	1
  56 001b 40       		.byte	64
  57 001c 01       		.byte	1
ARM GAS  C:\Users\simon\AppData\Local\Temp\cc94iLec.s 			page 2


  58 001d 1B       		.byte	27
  59 001e 01       		.byte	1
  60 001f 40       		.byte	64
  61 0020 02       		.byte	2
  62 0021 40       		.byte	64
  63 0022 01       		.byte	1
  64 0023 40       		.byte	64
  65 0024 01       		.byte	1
  66 0025 41       		.byte	65
  67 0026 01       		.byte	1
  68 0027 40       		.byte	64
  69 0028 03       		.byte	3
  70 0029 42       		.byte	66
  71 002a 01       		.byte	1
  72 002b 40       		.byte	64
  73 002c 03       		.byte	3
  74 002d 43       		.byte	67
  75 002e 01       		.byte	1
  76 002f 40       		.byte	64
  77 0030 02       		.byte	2
  78 0031 46       		.byte	70
  79 0032 01       		.byte	1
  80 0033 40       		.byte	64
  81 0034 01       		.byte	1
  82 0035 47       		.byte	71
  83 0036 01       		.byte	1
  84 0037 40       		.byte	64
  85 0038 03       		.byte	3
  86 0039 48       		.byte	72
  87 003a 01       		.byte	1
  88 003b 40       		.byte	64
  89 003c 01       		.byte	1
  90 003d 49       		.byte	73
  91 003e 01       		.byte	1
  92 003f 40       		.byte	64
  93 0040 01       		.byte	1
  94 0041 4C       		.byte	76
  95 0042 01       		.byte	1
  96 0043 40       		.byte	64
  97 0044 02       		.byte	2
  98 0045 4D       		.byte	77
  99 0046 01       		.byte	1
 100 0047 40       		.byte	64
 101 0048 01       		.byte	1
 102 0049 51       		.byte	81
 103 004a 01       		.byte	1
 104 004b 40       		.byte	64
 105 004c 01       		.byte	1
 106 004d 80       		.byte	-128
 107 004e 0A       		.byte	10
 108 004f 4B       		.byte	75
 109 0050 97       		.byte	-105
 110 0051 01       		.byte	1
 111 0052 EE       		.byte	-18
 112 0053 08       		.byte	8
 113 0054 AF       		.byte	-81
 114 0055 20       		.byte	32
ARM GAS  C:\Users\simon\AppData\Local\Temp\cc94iLec.s 			page 3


 115 0056 B8       		.byte	-72
 116 0057 20       		.byte	32
 117 0058 BE       		.byte	-66
 118 0059 10       		.byte	16
 119 005a D8       		.byte	-40
 120 005b 04       		.byte	4
 121 005c DF       		.byte	-33
 122 005d 01       		.byte	1
 123 005e 1F       		.byte	31
 124 005f 20       		.byte	32
 125 0060 EC       		.byte	-20
 126 0061 10       		.byte	16
 127 0062 EC       		.byte	-20
 128 0063 10       		.byte	16
 129 0064 3D       		.byte	61
 130 0065 80       		.byte	-128
 131 0066 CE       		.byte	-50
 132 0067 20       		.byte	32
 133 0068 A5       		.byte	-91
 134 0069 40       		.byte	64
 135 006a 63       		.byte	99
 136 006b 02       		.byte	2
 137 006c A5       		.byte	-91
 138 006d 40       		.byte	64
 139 006e D6       		.byte	-42
 140 006f 40       		.byte	64
 141 0070 A5       		.byte	-91
 142 0071 40       		.byte	64
 143 0072 AF       		.byte	-81
 144 0073 01       		.byte	1
 145 0074 EE       		.byte	-18
 146 0075 10       		.byte	16
 147 0076 30       		.byte	48
 148 0077 20       		.byte	32
 149 0078 CC       		.byte	-52
 150 0079 08       		.byte	8
 151 007a A4       		.byte	-92
 152 007b 20       		.byte	32
 153 007c 25       		.byte	37
 154 007d 50       		.byte	80
 155 007e A5       		.byte	-91
 156 007f 40       		.byte	64
 157 0080 C8       		.byte	-56
 158 0081 20       		.byte	32
 159 0082 B5       		.byte	-75
 160 0083 10       		.byte	16
 161 0084 A4       		.byte	-92
 162 0085 20       		.byte	32
 163 0086 B4       		.byte	-76
 164 0087 20       		.byte	32
 165 0088 EC       		.byte	-20
 166 0089 08       		.byte	8
 167 008a 10       		.byte	16
 168 008b 02       		.byte	2
 169 008c 00       		.byte	0
 170 008d 00       		.byte	0
 171 008e 00       		.byte	0
ARM GAS  C:\Users\simon\AppData\Local\Temp\cc94iLec.s 			page 4


 172 008f 00       		.byte	0
 173 0090 00       		.byte	0
 174 0091 00       		.byte	0
 175 0092 02       		.byte	2
 176 0093 00       		.byte	0
 177 0094 00       		.byte	0
 178 0095 4B       		.byte	75
 179 0096 4B       		.byte	75
 180 0097 00       		.byte	0
 181 0098 00       		.byte	0
 182 0099 00       		.byte	0
 183 009a 00       		.byte	0
 184 009b 00       		.byte	0
 185              		.section	.cywolatch,"a",%progbits
 186              		.align	2
 187              		.type	cy_meta_wonvl, %object
 188              		.size	cy_meta_wonvl, 4
 189              	cy_meta_wonvl:
 190 0000 BC       		.byte	-68
 191 0001 90       		.byte	-112
 192 0002 AC       		.byte	-84
 193 0003 AF       		.byte	-81
 194              		.section	.cycustnvl,"a",%progbits
 195              		.align	2
 196              		.type	cy_meta_custnvl, %object
 197              		.size	cy_meta_custnvl, 4
 198              	cy_meta_custnvl:
 199 0000 00       		.byte	0
 200 0001 00       		.byte	0
 201 0002 40       		.byte	64
 202 0003 05       		.byte	5
 203              		.section	.cymeta,"a",%progbits
 204              		.align	2
 205              		.type	cy_metadata, %object
 206              		.size	cy_metadata, 12
 207              	cy_metadata:
 208 0000 00       		.byte	0
 209 0001 01       		.byte	1
 210 0002 2E       		.byte	46
 211 0003 12       		.byte	18
 212 0004 30       		.byte	48
 213 0005 69       		.byte	105
 214 0006 00       		.byte	0
 215 0007 01       		.byte	1
 216 0008 00       		.byte	0
 217 0009 00       		.byte	0
 218 000a 00       		.byte	0
 219 000b 00       		.byte	0
 220              		.section	.cyflashprotect,"a",%progbits
 221              		.align	2
 222              		.type	cy_meta_flashprotect, %object
 223              		.size	cy_meta_flashprotect, 256
 224              	cy_meta_flashprotect:
 225 0000 00000000 		.space	256
 225      00000000 
 225      00000000 
 225      00000000 
ARM GAS  C:\Users\simon\AppData\Local\Temp\cc94iLec.s 			page 5


 225      00000000 
 226              		.text
 227              	.Letext0:
 228              		.file 1 "c:\\program files (x86)\\cypress\\psoc creator\\4.4\\psoc creator\\import\\gnu\\arm\\5.4.
 229              		.file 2 "c:\\program files (x86)\\cypress\\psoc creator\\4.4\\psoc creator\\import\\gnu\\arm\\5.4.
 230              		.file 3 "Generated_Source\\PSoC5\\cymetadata.c"
 231              		.section	.debug_info,"",%progbits
 232              	.Ldebug_info0:
 233 0000 30010000 		.4byte	0x130
 234 0004 0400     		.2byte	0x4
 235 0006 00000000 		.4byte	.Ldebug_abbrev0
 236 000a 04       		.byte	0x4
 237 000b 01       		.uleb128 0x1
 238 000c 70000000 		.4byte	.LASF17
 239 0010 0C       		.byte	0xc
 240 0011 CA010000 		.4byte	.LASF18
 241 0015 16000000 		.4byte	.LASF19
 242 0019 00000000 		.4byte	.Ldebug_line0
 243 001d 02       		.uleb128 0x2
 244 001e 01       		.byte	0x1
 245 001f 06       		.byte	0x6
 246 0020 BE010000 		.4byte	.LASF0
 247 0024 03       		.uleb128 0x3
 248 0025 00000000 		.4byte	.LASF9
 249 0029 01       		.byte	0x1
 250 002a 1D       		.byte	0x1d
 251 002b 2F000000 		.4byte	0x2f
 252 002f 02       		.uleb128 0x2
 253 0030 01       		.byte	0x1
 254 0031 08       		.byte	0x8
 255 0032 62000000 		.4byte	.LASF1
 256 0036 02       		.uleb128 0x2
 257 0037 02       		.byte	0x2
 258 0038 05       		.byte	0x5
 259 0039 AB010000 		.4byte	.LASF2
 260 003d 02       		.uleb128 0x2
 261 003e 02       		.byte	0x2
 262 003f 07       		.byte	0x7
 263 0040 10010000 		.4byte	.LASF3
 264 0044 02       		.uleb128 0x2
 265 0045 04       		.byte	0x4
 266 0046 05       		.byte	0x5
 267 0047 B5010000 		.4byte	.LASF4
 268 004b 02       		.uleb128 0x2
 269 004c 04       		.byte	0x4
 270 004d 07       		.byte	0x7
 271 004e FE000000 		.4byte	.LASF5
 272 0052 02       		.uleb128 0x2
 273 0053 08       		.byte	0x8
 274 0054 05       		.byte	0x5
 275 0055 9D010000 		.4byte	.LASF6
 276 0059 02       		.uleb128 0x2
 277 005a 08       		.byte	0x8
 278 005b 07       		.byte	0x7
 279 005c 52010000 		.4byte	.LASF7
 280 0060 04       		.uleb128 0x4
 281 0061 04       		.byte	0x4
ARM GAS  C:\Users\simon\AppData\Local\Temp\cc94iLec.s 			page 6


 282 0062 05       		.byte	0x5
 283 0063 696E7400 		.ascii	"int\000"
 284 0067 02       		.uleb128 0x2
 285 0068 04       		.byte	0x4
 286 0069 07       		.byte	0x7
 287 006a 45010000 		.4byte	.LASF8
 288 006e 03       		.uleb128 0x3
 289 006f 69010000 		.4byte	.LASF10
 290 0073 02       		.byte	0x2
 291 0074 18       		.byte	0x18
 292 0075 24000000 		.4byte	0x24
 293 0079 05       		.uleb128 0x5
 294 007a 90000000 		.4byte	0x90
 295 007e 89000000 		.4byte	0x89
 296 0082 06       		.uleb128 0x6
 297 0083 89000000 		.4byte	0x89
 298 0087 9B       		.byte	0x9b
 299 0088 00       		.byte	0
 300 0089 02       		.uleb128 0x2
 301 008a 04       		.byte	0x4
 302 008b 07       		.byte	0x7
 303 008c 94010000 		.4byte	.LASF11
 304 0090 07       		.uleb128 0x7
 305 0091 6E000000 		.4byte	0x6e
 306 0095 08       		.uleb128 0x8
 307 0096 33010000 		.4byte	.LASF12
 308 009a 03       		.byte	0x3
 309 009b 1F       		.byte	0x1f
 310 009c A6000000 		.4byte	0xa6
 311 00a0 05       		.uleb128 0x5
 312 00a1 03       		.byte	0x3
 313 00a2 00000000 		.4byte	cy_meta_configecc
 314 00a6 07       		.uleb128 0x7
 315 00a7 79000000 		.4byte	0x79
 316 00ab 05       		.uleb128 0x5
 317 00ac 90000000 		.4byte	0x90
 318 00b0 BB000000 		.4byte	0xbb
 319 00b4 06       		.uleb128 0x6
 320 00b5 89000000 		.4byte	0x89
 321 00b9 03       		.byte	0x3
 322 00ba 00       		.byte	0
 323 00bb 08       		.uleb128 0x8
 324 00bc 23010000 		.4byte	.LASF13
 325 00c0 03       		.byte	0x3
 326 00c1 40       		.byte	0x40
 327 00c2 CC000000 		.4byte	0xcc
 328 00c6 05       		.uleb128 0x5
 329 00c7 03       		.byte	0x3
 330 00c8 00000000 		.4byte	cy_meta_custnvl
 331 00cc 07       		.uleb128 0x7
 332 00cd AB000000 		.4byte	0xab
 333 00d1 08       		.uleb128 0x8
 334 00d2 86010000 		.4byte	.LASF14
 335 00d6 03       		.byte	0x3
 336 00d7 4E       		.byte	0x4e
 337 00d8 E2000000 		.4byte	0xe2
 338 00dc 05       		.uleb128 0x5
ARM GAS  C:\Users\simon\AppData\Local\Temp\cc94iLec.s 			page 7


 339 00dd 03       		.byte	0x3
 340 00de 00000000 		.4byte	cy_meta_wonvl
 341 00e2 07       		.uleb128 0x7
 342 00e3 AB000000 		.4byte	0xab
 343 00e7 05       		.uleb128 0x5
 344 00e8 90000000 		.4byte	0x90
 345 00ec F7000000 		.4byte	0xf7
 346 00f0 06       		.uleb128 0x6
 347 00f1 89000000 		.4byte	0x89
 348 00f5 FF       		.byte	0xff
 349 00f6 00       		.byte	0
 350 00f7 08       		.uleb128 0x8
 351 00f8 71010000 		.4byte	.LASF15
 352 00fc 03       		.byte	0x3
 353 00fd 5C       		.byte	0x5c
 354 00fe 08010000 		.4byte	0x108
 355 0102 05       		.uleb128 0x5
 356 0103 03       		.byte	0x3
 357 0104 00000000 		.4byte	cy_meta_flashprotect
 358 0108 07       		.uleb128 0x7
 359 0109 E7000000 		.4byte	0xe7
 360 010d 05       		.uleb128 0x5
 361 010e 90000000 		.4byte	0x90
 362 0112 1D010000 		.4byte	0x11d
 363 0116 06       		.uleb128 0x6
 364 0117 89000000 		.4byte	0x89
 365 011b 0B       		.byte	0xb
 366 011c 00       		.byte	0
 367 011d 08       		.uleb128 0x8
 368 011e 0A000000 		.4byte	.LASF16
 369 0122 03       		.byte	0x3
 370 0123 89       		.byte	0x89
 371 0124 2E010000 		.4byte	0x12e
 372 0128 05       		.uleb128 0x5
 373 0129 03       		.byte	0x3
 374 012a 00000000 		.4byte	cy_metadata
 375 012e 07       		.uleb128 0x7
 376 012f 0D010000 		.4byte	0x10d
 377 0133 00       		.byte	0
 378              		.section	.debug_abbrev,"",%progbits
 379              	.Ldebug_abbrev0:
 380 0000 01       		.uleb128 0x1
 381 0001 11       		.uleb128 0x11
 382 0002 01       		.byte	0x1
 383 0003 25       		.uleb128 0x25
 384 0004 0E       		.uleb128 0xe
 385 0005 13       		.uleb128 0x13
 386 0006 0B       		.uleb128 0xb
 387 0007 03       		.uleb128 0x3
 388 0008 0E       		.uleb128 0xe
 389 0009 1B       		.uleb128 0x1b
 390 000a 0E       		.uleb128 0xe
 391 000b 10       		.uleb128 0x10
 392 000c 17       		.uleb128 0x17
 393 000d 00       		.byte	0
 394 000e 00       		.byte	0
 395 000f 02       		.uleb128 0x2
ARM GAS  C:\Users\simon\AppData\Local\Temp\cc94iLec.s 			page 8


 396 0010 24       		.uleb128 0x24
 397 0011 00       		.byte	0
 398 0012 0B       		.uleb128 0xb
 399 0013 0B       		.uleb128 0xb
 400 0014 3E       		.uleb128 0x3e
 401 0015 0B       		.uleb128 0xb
 402 0016 03       		.uleb128 0x3
 403 0017 0E       		.uleb128 0xe
 404 0018 00       		.byte	0
 405 0019 00       		.byte	0
 406 001a 03       		.uleb128 0x3
 407 001b 16       		.uleb128 0x16
 408 001c 00       		.byte	0
 409 001d 03       		.uleb128 0x3
 410 001e 0E       		.uleb128 0xe
 411 001f 3A       		.uleb128 0x3a
 412 0020 0B       		.uleb128 0xb
 413 0021 3B       		.uleb128 0x3b
 414 0022 0B       		.uleb128 0xb
 415 0023 49       		.uleb128 0x49
 416 0024 13       		.uleb128 0x13
 417 0025 00       		.byte	0
 418 0026 00       		.byte	0
 419 0027 04       		.uleb128 0x4
 420 0028 24       		.uleb128 0x24
 421 0029 00       		.byte	0
 422 002a 0B       		.uleb128 0xb
 423 002b 0B       		.uleb128 0xb
 424 002c 3E       		.uleb128 0x3e
 425 002d 0B       		.uleb128 0xb
 426 002e 03       		.uleb128 0x3
 427 002f 08       		.uleb128 0x8
 428 0030 00       		.byte	0
 429 0031 00       		.byte	0
 430 0032 05       		.uleb128 0x5
 431 0033 01       		.uleb128 0x1
 432 0034 01       		.byte	0x1
 433 0035 49       		.uleb128 0x49
 434 0036 13       		.uleb128 0x13
 435 0037 01       		.uleb128 0x1
 436 0038 13       		.uleb128 0x13
 437 0039 00       		.byte	0
 438 003a 00       		.byte	0
 439 003b 06       		.uleb128 0x6
 440 003c 21       		.uleb128 0x21
 441 003d 00       		.byte	0
 442 003e 49       		.uleb128 0x49
 443 003f 13       		.uleb128 0x13
 444 0040 2F       		.uleb128 0x2f
 445 0041 0B       		.uleb128 0xb
 446 0042 00       		.byte	0
 447 0043 00       		.byte	0
 448 0044 07       		.uleb128 0x7
 449 0045 26       		.uleb128 0x26
 450 0046 00       		.byte	0
 451 0047 49       		.uleb128 0x49
 452 0048 13       		.uleb128 0x13
ARM GAS  C:\Users\simon\AppData\Local\Temp\cc94iLec.s 			page 9


 453 0049 00       		.byte	0
 454 004a 00       		.byte	0
 455 004b 08       		.uleb128 0x8
 456 004c 34       		.uleb128 0x34
 457 004d 00       		.byte	0
 458 004e 03       		.uleb128 0x3
 459 004f 0E       		.uleb128 0xe
 460 0050 3A       		.uleb128 0x3a
 461 0051 0B       		.uleb128 0xb
 462 0052 3B       		.uleb128 0x3b
 463 0053 0B       		.uleb128 0xb
 464 0054 49       		.uleb128 0x49
 465 0055 13       		.uleb128 0x13
 466 0056 3F       		.uleb128 0x3f
 467 0057 19       		.uleb128 0x19
 468 0058 02       		.uleb128 0x2
 469 0059 18       		.uleb128 0x18
 470 005a 00       		.byte	0
 471 005b 00       		.byte	0
 472 005c 00       		.byte	0
 473              		.section	.debug_aranges,"",%progbits
 474 0000 14000000 		.4byte	0x14
 475 0004 0200     		.2byte	0x2
 476 0006 00000000 		.4byte	.Ldebug_info0
 477 000a 04       		.byte	0x4
 478 000b 00       		.byte	0
 479 000c 0000     		.2byte	0
 480 000e 0000     		.2byte	0
 481 0010 00000000 		.4byte	0
 482 0014 00000000 		.4byte	0
 483              		.section	.debug_line,"",%progbits
 484              	.Ldebug_line0:
 485 0000 3D010000 		.section	.debug_str,"MS",%progbits,1
 485      02003701 
 485      00000201 
 485      FB0E0D00 
 485      01010101 
 486              	.LASF9:
 487 0000 5F5F7569 		.ascii	"__uint8_t\000"
 487      6E74385F 
 487      7400
 488              	.LASF16:
 489 000a 63795F6D 		.ascii	"cy_metadata\000"
 489      65746164 
 489      61746100 
 490              	.LASF19:
 491 0016 433A5C55 		.ascii	"C:\\Users\\simon\\OneDrive\\Documents\\PSoC Creator"
 491      73657273 
 491      5C73696D 
 491      6F6E5C4F 
 491      6E654472 
 492 0044 5C46696E 		.ascii	"\\FinalProject\\Waveforms.cydsn\000"
 492      616C5072 
 492      6F6A6563 
 492      745C5761 
 492      7665666F 
 493              	.LASF1:
ARM GAS  C:\Users\simon\AppData\Local\Temp\cc94iLec.s 			page 10


 494 0062 756E7369 		.ascii	"unsigned char\000"
 494      676E6564 
 494      20636861 
 494      7200
 495              	.LASF17:
 496 0070 474E5520 		.ascii	"GNU C11 5.4.1 20160609 (release) [ARM/embedded-5-br"
 496      43313120 
 496      352E342E 
 496      31203230 
 496      31363036 
 497 00a3 616E6368 		.ascii	"anch revision 237715] -mcpu=cortex-m3 -mthumb -g -O"
 497      20726576 
 497      6973696F 
 497      6E203233 
 497      37373135 
 498 00d6 67202D66 		.ascii	"g -ffunction-sections -ffat-lto-objects\000"
 498      66756E63 
 498      74696F6E 
 498      2D736563 
 498      74696F6E 
 499              	.LASF5:
 500 00fe 6C6F6E67 		.ascii	"long unsigned int\000"
 500      20756E73 
 500      69676E65 
 500      6420696E 
 500      7400
 501              	.LASF3:
 502 0110 73686F72 		.ascii	"short unsigned int\000"
 502      7420756E 
 502      7369676E 
 502      65642069 
 502      6E7400
 503              	.LASF13:
 504 0123 63795F6D 		.ascii	"cy_meta_custnvl\000"
 504      6574615F 
 504      63757374 
 504      6E766C00 
 505              	.LASF12:
 506 0133 63795F6D 		.ascii	"cy_meta_configecc\000"
 506      6574615F 
 506      636F6E66 
 506      69676563 
 506      6300
 507              	.LASF8:
 508 0145 756E7369 		.ascii	"unsigned int\000"
 508      676E6564 
 508      20696E74 
 508      00
 509              	.LASF7:
 510 0152 6C6F6E67 		.ascii	"long long unsigned int\000"
 510      206C6F6E 
 510      6720756E 
 510      7369676E 
 510      65642069 
 511              	.LASF10:
 512 0169 75696E74 		.ascii	"uint8_t\000"
 512      385F7400 
ARM GAS  C:\Users\simon\AppData\Local\Temp\cc94iLec.s 			page 11


 513              	.LASF15:
 514 0171 63795F6D 		.ascii	"cy_meta_flashprotect\000"
 514      6574615F 
 514      666C6173 
 514      6870726F 
 514      74656374 
 515              	.LASF14:
 516 0186 63795F6D 		.ascii	"cy_meta_wonvl\000"
 516      6574615F 
 516      776F6E76 
 516      6C00
 517              	.LASF11:
 518 0194 73697A65 		.ascii	"sizetype\000"
 518      74797065 
 518      00
 519              	.LASF6:
 520 019d 6C6F6E67 		.ascii	"long long int\000"
 520      206C6F6E 
 520      6720696E 
 520      7400
 521              	.LASF2:
 522 01ab 73686F72 		.ascii	"short int\000"
 522      7420696E 
 522      7400
 523              	.LASF4:
 524 01b5 6C6F6E67 		.ascii	"long int\000"
 524      20696E74 
 524      00
 525              	.LASF0:
 526 01be 7369676E 		.ascii	"signed char\000"
 526      65642063 
 526      68617200 
 527              	.LASF18:
 528 01ca 47656E65 		.ascii	"Generated_Source\\PSoC5\\cymetadata.c\000"
 528      72617465 
 528      645F536F 
 528      75726365 
 528      5C50536F 
 529              		.ident	"GCC: (GNU Tools for ARM Embedded Processors) 5.4.1 20160609 (release) [ARM/embedded-5-bran
