ARM GAS  C:\Users\simon\AppData\Local\Temp\ccEBDlg9.s 			page 1


   1              		.syntax unified
   2              		.cpu cortex-m3
   3              		.fpu softvfp
   4              		.eabi_attribute 20, 1
   5              		.eabi_attribute 21, 1
   6              		.eabi_attribute 23, 3
   7              		.eabi_attribute 24, 1
   8              		.eabi_attribute 25, 1
   9              		.eabi_attribute 26, 1
  10              		.eabi_attribute 30, 1
  11              		.eabi_attribute 34, 1
  12              		.eabi_attribute 18, 4
  13              		.thumb
  14              		.syntax unified
  15              		.file	"cymetadata.c"
  16              		.text
  17              	.Ltext0:
  18              		.cfi_sections	.debug_frame
  19              		.global	cy_metadata
  20              		.global	cy_meta_flashprotect
  21              		.global	cy_meta_wonvl
  22              		.global	cy_meta_custnvl
  23              		.global	cy_meta_configecc
  24              		.section	.cyconfigecc,"a",%progbits
  25              		.align	2
  26              		.type	cy_meta_configecc, %object
  27              		.size	cy_meta_configecc, 1112
  28              	cy_meta_configecc:
  29 0000 02       		.byte	2
  30 0001 4F       		.byte	79
  31 0002 00       		.byte	0
  32 0003 40       		.byte	64
  33 0004 01       		.byte	1
  34 0005 5A       		.byte	90
  35 0006 00       		.byte	0
  36 0007 40       		.byte	64
  37 0008 04       		.byte	4
  38 0009 03       		.byte	3
  39 000a 01       		.byte	1
  40 000b 40       		.byte	64
  41 000c 28       		.byte	40
  42 000d 04       		.byte	4
  43 000e 01       		.byte	1
  44 000f 40       		.byte	64
  45 0010 1E       		.byte	30
  46 0011 05       		.byte	5
  47 0012 01       		.byte	1
  48 0013 40       		.byte	64
  49 0014 2F       		.byte	47
  50 0015 06       		.byte	6
  51 0016 01       		.byte	1
  52 0017 40       		.byte	64
  53 0018 30       		.byte	48
  54 0019 07       		.byte	7
  55 001a 01       		.byte	1
  56 001b 40       		.byte	64
  57 001c 18       		.byte	24
ARM GAS  C:\Users\simon\AppData\Local\Temp\ccEBDlg9.s 			page 2


  58 001d 14       		.byte	20
  59 001e 01       		.byte	1
  60 001f 40       		.byte	64
  61 0020 30       		.byte	48
  62 0021 15       		.byte	21
  63 0022 01       		.byte	1
  64 0023 40       		.byte	64
  65 0024 2B       		.byte	43
  66 0025 16       		.byte	22
  67 0026 01       		.byte	1
  68 0027 40       		.byte	64
  69 0028 30       		.byte	48
  70 0029 17       		.byte	23
  71 002a 01       		.byte	1
  72 002b 40       		.byte	64
  73 002c 04       		.byte	4
  74 002d 18       		.byte	24
  75 002e 01       		.byte	1
  76 002f 40       		.byte	64
  77 0030 06       		.byte	6
  78 0031 19       		.byte	25
  79 0032 01       		.byte	1
  80 0033 40       		.byte	64
  81 0034 18       		.byte	24
  82 0035 1A       		.byte	26
  83 0036 01       		.byte	1
  84 0037 40       		.byte	64
  85 0038 1C       		.byte	28
  86 0039 1B       		.byte	27
  87 003a 01       		.byte	1
  88 003b 40       		.byte	64
  89 003c 0D       		.byte	13
  90 003d 40       		.byte	64
  91 003e 01       		.byte	1
  92 003f 40       		.byte	64
  93 0040 0B       		.byte	11
  94 0041 41       		.byte	65
  95 0042 01       		.byte	1
  96 0043 40       		.byte	64
  97 0044 06       		.byte	6
  98 0045 42       		.byte	66
  99 0046 01       		.byte	1
 100 0047 40       		.byte	64
 101 0048 09       		.byte	9
 102 0049 43       		.byte	67
 103 004a 01       		.byte	1
 104 004b 40       		.byte	64
 105 004c 02       		.byte	2
 106 004d 46       		.byte	70
 107 004e 01       		.byte	1
 108 004f 40       		.byte	64
 109 0050 01       		.byte	1
 110 0051 47       		.byte	71
 111 0052 01       		.byte	1
 112 0053 40       		.byte	64
 113 0054 0C       		.byte	12
 114 0055 48       		.byte	72
ARM GAS  C:\Users\simon\AppData\Local\Temp\ccEBDlg9.s 			page 3


 115 0056 01       		.byte	1
 116 0057 40       		.byte	64
 117 0058 05       		.byte	5
 118 0059 49       		.byte	73
 119 005a 01       		.byte	1
 120 005b 40       		.byte	64
 121 005c 03       		.byte	3
 122 005d 4C       		.byte	76
 123 005e 01       		.byte	1
 124 005f 40       		.byte	64
 125 0060 13       		.byte	19
 126 0061 4D       		.byte	77
 127 0062 01       		.byte	1
 128 0063 40       		.byte	64
 129 0064 05       		.byte	5
 130 0065 50       		.byte	80
 131 0066 01       		.byte	1
 132 0067 40       		.byte	64
 133 0068 02       		.byte	2
 134 0069 51       		.byte	81
 135 006a 01       		.byte	1
 136 006b 40       		.byte	64
 137 006c 01       		.byte	1
 138 006d 80       		.byte	-128
 139 006e 0A       		.byte	10
 140 006f 36       		.byte	54
 141 0070 97       		.byte	-105
 142 0071 01       		.byte	1
 143 0072 80       		.byte	-128
 144 0073 08       		.byte	8
 145 0074 82       		.byte	-126
 146 0075 20       		.byte	32
 147 0076 9B       		.byte	-101
 148 0077 02       		.byte	2
 149 0078 AB       		.byte	-85
 150 0079 02       		.byte	2
 151 007a 00       		.byte	0
 152 007b 02       		.byte	2
 153 007c 02       		.byte	2
 154 007d 05       		.byte	5
 155 007e 1C       		.byte	28
 156 007f 01       		.byte	1
 157 0080 1E       		.byte	30
 158 0081 02       		.byte	2
 159 0082 1F       		.byte	31
 160 0083 01       		.byte	1
 161 0084 20       		.byte	32
 162 0085 10       		.byte	16
 163 0086 22       		.byte	34
 164 0087 08       		.byte	8
 165 0088 2C       		.byte	44
 166 0089 08       		.byte	8
 167 008a 2E       		.byte	46
 168 008b 10       		.byte	16
 169 008c 30       		.byte	48
 170 008d 18       		.byte	24
 171 008e 31       		.byte	49
ARM GAS  C:\Users\simon\AppData\Local\Temp\ccEBDlg9.s 			page 4


 172 008f 01       		.byte	1
 173 0090 34       		.byte	52
 174 0091 03       		.byte	3
 175 0092 36       		.byte	54
 176 0093 04       		.byte	4
 177 0094 58       		.byte	88
 178 0095 04       		.byte	4
 179 0096 59       		.byte	89
 180 0097 04       		.byte	4
 181 0098 5C       		.byte	92
 182 0099 11       		.byte	17
 183 009a 5F       		.byte	95
 184 009b 01       		.byte	1
 185 009c 84       		.byte	-124
 186 009d 20       		.byte	32
 187 009e 86       		.byte	-122
 188 009f 10       		.byte	16
 189 00a0 88       		.byte	-120
 190 00a1 10       		.byte	16
 191 00a2 8A       		.byte	-118
 192 00a3 20       		.byte	32
 193 00a4 8B       		.byte	-117
 194 00a5 02       		.byte	2
 195 00a6 94       		.byte	-108
 196 00a7 02       		.byte	2
 197 00a8 96       		.byte	-106
 198 00a9 05       		.byte	5
 199 00aa 98       		.byte	-104
 200 00ab 01       		.byte	1
 201 00ac 9A       		.byte	-102
 202 00ad 02       		.byte	2
 203 00ae 9B       		.byte	-101
 204 00af 01       		.byte	1
 205 00b0 A2       		.byte	-94
 206 00b1 08       		.byte	8
 207 00b2 AB       		.byte	-85
 208 00b3 04       		.byte	4
 209 00b4 B0       		.byte	-80
 210 00b5 03       		.byte	3
 211 00b6 B2       		.byte	-78
 212 00b7 08       		.byte	8
 213 00b8 B3       		.byte	-77
 214 00b9 02       		.byte	2
 215 00ba B4       		.byte	-76
 216 00bb 04       		.byte	4
 217 00bc B5       		.byte	-75
 218 00bd 01       		.byte	1
 219 00be B6       		.byte	-74
 220 00bf 30       		.byte	48
 221 00c0 B7       		.byte	-73
 222 00c1 04       		.byte	4
 223 00c2 D8       		.byte	-40
 224 00c3 04       		.byte	4
 225 00c4 D9       		.byte	-39
 226 00c5 04       		.byte	4
 227 00c6 DC       		.byte	-36
 228 00c7 11       		.byte	17
ARM GAS  C:\Users\simon\AppData\Local\Temp\ccEBDlg9.s 			page 5


 229 00c8 DF       		.byte	-33
 230 00c9 01       		.byte	1
 231 00ca 00       		.byte	0
 232 00cb 02       		.byte	2
 233 00cc 05       		.byte	5
 234 00cd 04       		.byte	4
 235 00ce 07       		.byte	7
 236 00cf 18       		.byte	24
 237 00d0 0A       		.byte	10
 238 00d1 02       		.byte	2
 239 00d2 0E       		.byte	14
 240 00d3 28       		.byte	40
 241 00d4 12       		.byte	18
 242 00d5 C2       		.byte	-62
 243 00d6 17       		.byte	23
 244 00d7 02       		.byte	2
 245 00d8 18       		.byte	24
 246 00d9 04       		.byte	4
 247 00da 19       		.byte	25
 248 00db 02       		.byte	2
 249 00dc 1A       		.byte	26
 250 00dd 02       		.byte	2
 251 00de 1D       		.byte	29
 252 00df 01       		.byte	1
 253 00e0 1E       		.byte	30
 254 00e1 29       		.byte	41
 255 00e2 22       		.byte	34
 256 00e3 02       		.byte	2
 257 00e4 26       		.byte	38
 258 00e5 80       		.byte	-128
 259 00e6 27       		.byte	39
 260 00e7 18       		.byte	24
 261 00e8 2C       		.byte	44
 262 00e9 08       		.byte	8
 263 00ea 32       		.byte	50
 264 00eb 80       		.byte	-128
 265 00ec 37       		.byte	55
 266 00ed 10       		.byte	16
 267 00ee 3E       		.byte	62
 268 00ef 20       		.byte	32
 269 00f0 79       		.byte	121
 270 00f1 04       		.byte	4
 271 00f2 7A       		.byte	122
 272 00f3 10       		.byte	16
 273 00f4 9A       		.byte	-102
 274 00f5 20       		.byte	32
 275 00f6 9B       		.byte	-101
 276 00f7 02       		.byte	2
 277 00f8 A0       		.byte	-96
 278 00f9 08       		.byte	8
 279 00fa C0       		.byte	-64
 280 00fb 68       		.byte	104
 281 00fc C2       		.byte	-62
 282 00fd 61       		.byte	97
 283 00fe C4       		.byte	-60
 284 00ff 19       		.byte	25
 285 0100 CA       		.byte	-54
ARM GAS  C:\Users\simon\AppData\Local\Temp\ccEBDlg9.s 			page 6


 286 0101 20       		.byte	32
 287 0102 CC       		.byte	-52
 288 0103 28       		.byte	40
 289 0104 CE       		.byte	-50
 290 0105 20       		.byte	32
 291 0106 07       		.byte	7
 292 0107 01       		.byte	1
 293 0108 14       		.byte	20
 294 0109 02       		.byte	2
 295 010a 16       		.byte	22
 296 010b 05       		.byte	5
 297 010c 18       		.byte	24
 298 010d 01       		.byte	1
 299 010e 1A       		.byte	26
 300 010f 02       		.byte	2
 301 0110 26       		.byte	38
 302 0111 08       		.byte	8
 303 0112 31       		.byte	49
 304 0113 01       		.byte	1
 305 0114 32       		.byte	50
 306 0115 08       		.byte	8
 307 0116 34       		.byte	52
 308 0117 04       		.byte	4
 309 0118 36       		.byte	54
 310 0119 03       		.byte	3
 311 011a 58       		.byte	88
 312 011b 04       		.byte	4
 313 011c 59       		.byte	89
 314 011d 04       		.byte	4
 315 011e 5B       		.byte	91
 316 011f 04       		.byte	4
 317 0120 5C       		.byte	92
 318 0121 11       		.byte	17
 319 0122 5F       		.byte	95
 320 0123 01       		.byte	1
 321 0124 80       		.byte	-128
 322 0125 01       		.byte	1
 323 0126 81       		.byte	-127
 324 0127 01       		.byte	1
 325 0128 84       		.byte	-124
 326 0129 01       		.byte	1
 327 012a 88       		.byte	-120
 328 012b 01       		.byte	1
 329 012c 8C       		.byte	-116
 330 012d 01       		.byte	1
 331 012e 90       		.byte	-112
 332 012f 01       		.byte	1
 333 0130 94       		.byte	-108
 334 0131 01       		.byte	1
 335 0132 95       		.byte	-107
 336 0133 02       		.byte	2
 337 0134 97       		.byte	-105
 338 0135 04       		.byte	4
 339 0136 9A       		.byte	-102
 340 0137 01       		.byte	1
 341 0138 9B       		.byte	-101
 342 0139 10       		.byte	16
ARM GAS  C:\Users\simon\AppData\Local\Temp\ccEBDlg9.s 			page 7


 343 013a 9C       		.byte	-100
 344 013b 01       		.byte	1
 345 013c 9D       		.byte	-99
 346 013d 04       		.byte	4
 347 013e 9F       		.byte	-97
 348 013f 0A       		.byte	10
 349 0140 A0       		.byte	-96
 350 0141 01       		.byte	1
 351 0142 A1       		.byte	-95
 352 0143 01       		.byte	1
 353 0144 A4       		.byte	-92
 354 0145 01       		.byte	1
 355 0146 A5       		.byte	-91
 356 0147 01       		.byte	1
 357 0148 A8       		.byte	-88
 358 0149 01       		.byte	1
 359 014a AC       		.byte	-84
 360 014b 01       		.byte	1
 361 014c B0       		.byte	-80
 362 014d 01       		.byte	1
 363 014e B1       		.byte	-79
 364 014f 06       		.byte	6
 365 0150 B3       		.byte	-77
 366 0151 08       		.byte	8
 367 0152 B5       		.byte	-75
 368 0153 01       		.byte	1
 369 0154 B7       		.byte	-73
 370 0155 10       		.byte	16
 371 0156 B8       		.byte	-72
 372 0157 02       		.byte	2
 373 0158 BE       		.byte	-66
 374 0159 01       		.byte	1
 375 015a BF       		.byte	-65
 376 015b 10       		.byte	16
 377 015c D8       		.byte	-40
 378 015d 04       		.byte	4
 379 015e D9       		.byte	-39
 380 015f 04       		.byte	4
 381 0160 DC       		.byte	-36
 382 0161 10       		.byte	16
 383 0162 DF       		.byte	-33
 384 0163 01       		.byte	1
 385 0164 00       		.byte	0
 386 0165 24       		.byte	36
 387 0166 01       		.byte	1
 388 0167 82       		.byte	-126
 389 0168 09       		.byte	9
 390 0169 28       		.byte	40
 391 016a 0A       		.byte	10
 392 016b 01       		.byte	1
 393 016c 0B       		.byte	11
 394 016d 80       		.byte	-128
 395 016e 0E       		.byte	14
 396 016f 18       		.byte	24
 397 0170 10       		.byte	16
 398 0171 08       		.byte	8
 399 0172 12       		.byte	18
ARM GAS  C:\Users\simon\AppData\Local\Temp\ccEBDlg9.s 			page 8


 400 0173 80       		.byte	-128
 401 0174 13       		.byte	19
 402 0175 44       		.byte	68
 403 0176 14       		.byte	20
 404 0177 10       		.byte	16
 405 0178 1B       		.byte	27
 406 0179 01       		.byte	1
 407 017a 1E       		.byte	30
 408 017b 18       		.byte	24
 409 017c 1F       		.byte	31
 410 017d 44       		.byte	68
 411 017e 20       		.byte	32
 412 017f 02       		.byte	2
 413 0180 21       		.byte	33
 414 0181 21       		.byte	33
 415 0182 22       		.byte	34
 416 0183 04       		.byte	4
 417 0184 27       		.byte	39
 418 0185 C0       		.byte	-64
 419 0186 29       		.byte	41
 420 0187 09       		.byte	9
 421 0188 30       		.byte	48
 422 0189 20       		.byte	32
 423 018a 32       		.byte	50
 424 018b 04       		.byte	4
 425 018c 33       		.byte	51
 426 018d 40       		.byte	64
 427 018e 39       		.byte	57
 428 018f 02       		.byte	2
 429 0190 3E       		.byte	62
 430 0191 08       		.byte	8
 431 0192 5D       		.byte	93
 432 0193 04       		.byte	4
 433 0194 5E       		.byte	94
 434 0195 20       		.byte	32
 435 0196 5F       		.byte	95
 436 0197 82       		.byte	-126
 437 0198 64       		.byte	100
 438 0199 80       		.byte	-128
 439 019a 65       		.byte	101
 440 019b 04       		.byte	4
 441 019c 66       		.byte	102
 442 019d 40       		.byte	64
 443 019e 67       		.byte	103
 444 019f 08       		.byte	8
 445 01a0 86       		.byte	-122
 446 01a1 08       		.byte	8
 447 01a2 90       		.byte	-112
 448 01a3 04       		.byte	4
 449 01a4 91       		.byte	-111
 450 01a5 04       		.byte	4
 451 01a6 92       		.byte	-110
 452 01a7 01       		.byte	1
 453 01a8 98       		.byte	-104
 454 01a9 10       		.byte	16
 455 01aa 99       		.byte	-103
 456 01ab 07       		.byte	7
ARM GAS  C:\Users\simon\AppData\Local\Temp\ccEBDlg9.s 			page 9


 457 01ac 9A       		.byte	-102
 458 01ad 40       		.byte	64
 459 01ae A4       		.byte	-92
 460 01af 01       		.byte	1
 461 01b0 B0       		.byte	-80
 462 01b1 10       		.byte	16
 463 01b2 C0       		.byte	-64
 464 01b3 0F       		.byte	15
 465 01b4 C2       		.byte	-62
 466 01b5 6F       		.byte	111
 467 01b6 C4       		.byte	-60
 468 01b7 2F       		.byte	47
 469 01b8 CA       		.byte	-54
 470 01b9 03       		.byte	3
 471 01ba CC       		.byte	-52
 472 01bb 0E       		.byte	14
 473 01bc CE       		.byte	-50
 474 01bd 41       		.byte	65
 475 01be D6       		.byte	-42
 476 01bf F0       		.byte	-16
 477 01c0 D8       		.byte	-40
 478 01c1 F0       		.byte	-16
 479 01c2 E8       		.byte	-24
 480 01c3 20       		.byte	32
 481 01c4 0D       		.byte	13
 482 01c5 04       		.byte	4
 483 01c6 0F       		.byte	15
 484 01c7 03       		.byte	3
 485 01c8 10       		.byte	16
 486 01c9 01       		.byte	1
 487 01ca 11       		.byte	17
 488 01cb 02       		.byte	2
 489 01cc 12       		.byte	18
 490 01cd 02       		.byte	2
 491 01ce 13       		.byte	19
 492 01cf 04       		.byte	4
 493 01d0 18       		.byte	24
 494 01d1 02       		.byte	2
 495 01d2 1A       		.byte	26
 496 01d3 05       		.byte	5
 497 01d4 26       		.byte	38
 498 01d5 08       		.byte	8
 499 01d6 30       		.byte	48
 500 01d7 04       		.byte	4
 501 01d8 31       		.byte	49
 502 01d9 01       		.byte	1
 503 01da 34       		.byte	52
 504 01db 08       		.byte	8
 505 01dc 35       		.byte	53
 506 01dd 06       		.byte	6
 507 01de 36       		.byte	54
 508 01df 03       		.byte	3
 509 01e0 58       		.byte	88
 510 01e1 04       		.byte	4
 511 01e2 59       		.byte	89
 512 01e3 04       		.byte	4
 513 01e4 5B       		.byte	91
ARM GAS  C:\Users\simon\AppData\Local\Temp\ccEBDlg9.s 			page 10


 514 01e5 04       		.byte	4
 515 01e6 5C       		.byte	92
 516 01e7 11       		.byte	17
 517 01e8 5F       		.byte	95
 518 01e9 01       		.byte	1
 519 01ea AE       		.byte	-82
 520 01eb 01       		.byte	1
 521 01ec B4       		.byte	-76
 522 01ed 01       		.byte	1
 523 01ee D8       		.byte	-40
 524 01ef 04       		.byte	4
 525 01f0 DC       		.byte	-36
 526 01f1 01       		.byte	1
 527 01f2 DF       		.byte	-33
 528 01f3 01       		.byte	1
 529 01f4 0A       		.byte	10
 530 01f5 44       		.byte	68
 531 01f6 13       		.byte	19
 532 01f7 08       		.byte	8
 533 01f8 17       		.byte	23
 534 01f9 80       		.byte	-128
 535 01fa 19       		.byte	25
 536 01fb 80       		.byte	-128
 537 01fc 1A       		.byte	26
 538 01fd 44       		.byte	68
 539 01fe 1D       		.byte	29
 540 01ff 10       		.byte	16
 541 0200 21       		.byte	33
 542 0201 02       		.byte	2
 543 0202 23       		.byte	35
 544 0203 04       		.byte	4
 545 0204 31       		.byte	49
 546 0205 02       		.byte	2
 547 0206 38       		.byte	56
 548 0207 40       		.byte	64
 549 0208 58       		.byte	88
 550 0209 90       		.byte	-112
 551 020a 59       		.byte	89
 552 020b 08       		.byte	8
 553 020c 5B       		.byte	91
 554 020d 01       		.byte	1
 555 020e 61       		.byte	97
 556 020f 20       		.byte	32
 557 0210 63       		.byte	99
 558 0211 01       		.byte	1
 559 0212 80       		.byte	-128
 560 0213 80       		.byte	-128
 561 0214 83       		.byte	-125
 562 0215 09       		.byte	9
 563 0216 84       		.byte	-124
 564 0217 01       		.byte	1
 565 0218 85       		.byte	-123
 566 0219 08       		.byte	8
 567 021a 86       		.byte	-122
 568 021b 04       		.byte	4
 569 021c 87       		.byte	-121
 570 021d 01       		.byte	1
ARM GAS  C:\Users\simon\AppData\Local\Temp\ccEBDlg9.s 			page 11


 571 021e 89       		.byte	-119
 572 021f 20       		.byte	32
 573 0220 8A       		.byte	-118
 574 0221 08       		.byte	8
 575 0222 8B       		.byte	-117
 576 0223 80       		.byte	-128
 577 0224 90       		.byte	-112
 578 0225 40       		.byte	64
 579 0226 97       		.byte	-105
 580 0227 04       		.byte	4
 581 0228 98       		.byte	-104
 582 0229 10       		.byte	16
 583 022a 9D       		.byte	-99
 584 022b 90       		.byte	-112
 585 022c A0       		.byte	-96
 586 022d 01       		.byte	1
 587 022e A2       		.byte	-94
 588 022f 08       		.byte	8
 589 0230 A8       		.byte	-88
 590 0231 90       		.byte	-112
 591 0232 AA       		.byte	-86
 592 0233 08       		.byte	8
 593 0234 AC       		.byte	-84
 594 0235 10       		.byte	16
 595 0236 AE       		.byte	-82
 596 0237 81       		.byte	-127
 597 0238 B0       		.byte	-80
 598 0239 10       		.byte	16
 599 023a B2       		.byte	-78
 600 023b 01       		.byte	1
 601 023c C2       		.byte	-62
 602 023d 0A       		.byte	10
 603 023e C4       		.byte	-60
 604 023f 84       		.byte	-124
 605 0240 CC       		.byte	-52
 606 0241 01       		.byte	1
 607 0242 CE       		.byte	-50
 608 0243 08       		.byte	8
 609 0244 D6       		.byte	-42
 610 0245 0F       		.byte	15
 611 0246 D8       		.byte	-40
 612 0247 0C       		.byte	12
 613 0248 E2       		.byte	-30
 614 0249 05       		.byte	5
 615 024a E4       		.byte	-28
 616 024b 20       		.byte	32
 617 024c E6       		.byte	-26
 618 024d 01       		.byte	1
 619 024e EA       		.byte	-22
 620 024f 06       		.byte	6
 621 0250 EC       		.byte	-20
 622 0251 10       		.byte	16
 623 0252 EE       		.byte	-18
 624 0253 02       		.byte	2
 625 0254 08       		.byte	8
 626 0255 02       		.byte	2
 627 0256 0A       		.byte	10
ARM GAS  C:\Users\simon\AppData\Local\Temp\ccEBDlg9.s 			page 12


 628 0257 05       		.byte	5
 629 0258 10       		.byte	16
 630 0259 01       		.byte	1
 631 025a 12       		.byte	18
 632 025b 02       		.byte	2
 633 025c 26       		.byte	38
 634 025d 08       		.byte	8
 635 025e 2B       		.byte	43
 636 025f 01       		.byte	1
 637 0260 30       		.byte	48
 638 0261 04       		.byte	4
 639 0262 31       		.byte	49
 640 0263 01       		.byte	1
 641 0264 32       		.byte	50
 642 0265 03       		.byte	3
 643 0266 34       		.byte	52
 644 0267 08       		.byte	8
 645 0268 37       		.byte	55
 646 0269 01       		.byte	1
 647 026a 58       		.byte	88
 648 026b 04       		.byte	4
 649 026c 59       		.byte	89
 650 026d 04       		.byte	4
 651 026e 5C       		.byte	92
 652 026f 11       		.byte	17
 653 0270 5F       		.byte	95
 654 0271 01       		.byte	1
 655 0272 84       		.byte	-124
 656 0273 02       		.byte	2
 657 0274 86       		.byte	-122
 658 0275 01       		.byte	1
 659 0276 88       		.byte	-120
 660 0277 10       		.byte	16
 661 0278 8A       		.byte	-118
 662 0279 20       		.byte	32
 663 027a 8B       		.byte	-117
 664 027b 04       		.byte	4
 665 027c 8F       		.byte	-113
 666 027d 10       		.byte	16
 667 027e 91       		.byte	-111
 668 027f 02       		.byte	2
 669 0280 93       		.byte	-109
 670 0281 01       		.byte	1
 671 0282 9B       		.byte	-101
 672 0283 08       		.byte	8
 673 0284 9E       		.byte	-98
 674 0285 08       		.byte	8
 675 0286 A1       		.byte	-95
 676 0287 01       		.byte	1
 677 0288 A3       		.byte	-93
 678 0289 02       		.byte	2
 679 028a A4       		.byte	-92
 680 028b 01       		.byte	1
 681 028c A6       		.byte	-90
 682 028d 02       		.byte	2
 683 028e A8       		.byte	-88
 684 028f 20       		.byte	32
ARM GAS  C:\Users\simon\AppData\Local\Temp\ccEBDlg9.s 			page 13


 685 0290 AA       		.byte	-86
 686 0291 14       		.byte	20
 687 0292 B0       		.byte	-80
 688 0293 08       		.byte	8
 689 0294 B1       		.byte	-79
 690 0295 10       		.byte	16
 691 0296 B2       		.byte	-78
 692 0297 03       		.byte	3
 693 0298 B3       		.byte	-77
 694 0299 04       		.byte	4
 695 029a B4       		.byte	-76
 696 029b 04       		.byte	4
 697 029c B5       		.byte	-75
 698 029d 08       		.byte	8
 699 029e B6       		.byte	-74
 700 029f 30       		.byte	48
 701 02a0 B7       		.byte	-73
 702 02a1 03       		.byte	3
 703 02a2 D8       		.byte	-40
 704 02a3 04       		.byte	4
 705 02a4 D9       		.byte	-39
 706 02a5 04       		.byte	4
 707 02a6 DC       		.byte	-36
 708 02a7 11       		.byte	17
 709 02a8 DF       		.byte	-33
 710 02a9 01       		.byte	1
 711 02aa 01       		.byte	1
 712 02ab 20       		.byte	32
 713 02ac 03       		.byte	3
 714 02ad 20       		.byte	32
 715 02ae 05       		.byte	5
 716 02af 10       		.byte	16
 717 02b0 06       		.byte	6
 718 02b1 08       		.byte	8
 719 02b2 0A       		.byte	10
 720 02b3 02       		.byte	2
 721 02b4 0E       		.byte	14
 722 02b5 80       		.byte	-128
 723 02b6 12       		.byte	18
 724 02b7 28       		.byte	40
 725 02b8 17       		.byte	23
 726 02b9 08       		.byte	8
 727 02ba 19       		.byte	25
 728 02bb 29       		.byte	41
 729 02bc 1A       		.byte	26
 730 02bd 01       		.byte	1
 731 02be 1D       		.byte	29
 732 02bf 08       		.byte	8
 733 02c0 1E       		.byte	30
 734 02c1 80       		.byte	-128
 735 02c2 1F       		.byte	31
 736 02c3 20       		.byte	32
 737 02c4 22       		.byte	34
 738 02c5 A9       		.byte	-87
 739 02c6 24       		.byte	36
 740 02c7 40       		.byte	64
 741 02c8 27       		.byte	39
ARM GAS  C:\Users\simon\AppData\Local\Temp\ccEBDlg9.s 			page 14


 742 02c9 02       		.byte	2
 743 02ca 29       		.byte	41
 744 02cb 01       		.byte	1
 745 02cc 2F       		.byte	47
 746 02cd 08       		.byte	8
 747 02ce 32       		.byte	50
 748 02cf 01       		.byte	1
 749 02d0 33       		.byte	51
 750 02d1 20       		.byte	32
 751 02d2 38       		.byte	56
 752 02d3 20       		.byte	32
 753 02d4 3A       		.byte	58
 754 02d5 80       		.byte	-128
 755 02d6 7A       		.byte	122
 756 02d7 10       		.byte	16
 757 02d8 7B       		.byte	123
 758 02d9 20       		.byte	32
 759 02da 83       		.byte	-125
 760 02db 08       		.byte	8
 761 02dc 87       		.byte	-121
 762 02dd 40       		.byte	64
 763 02de 97       		.byte	-105
 764 02df 44       		.byte	68
 765 02e0 9B       		.byte	-101
 766 02e1 08       		.byte	8
 767 02e2 9C       		.byte	-100
 768 02e3 80       		.byte	-128
 769 02e4 9D       		.byte	-99
 770 02e5 88       		.byte	-120
 771 02e6 9F       		.byte	-97
 772 02e7 02       		.byte	2
 773 02e8 A0       		.byte	-96
 774 02e9 01       		.byte	1
 775 02ea A4       		.byte	-92
 776 02eb 10       		.byte	16
 777 02ec A5       		.byte	-91
 778 02ed 08       		.byte	8
 779 02ee A6       		.byte	-90
 780 02ef 90       		.byte	-112
 781 02f0 A8       		.byte	-88
 782 02f1 20       		.byte	32
 783 02f2 AF       		.byte	-81
 784 02f3 01       		.byte	1
 785 02f4 B4       		.byte	-76
 786 02f5 08       		.byte	8
 787 02f6 B7       		.byte	-73
 788 02f7 08       		.byte	8
 789 02f8 C0       		.byte	-64
 790 02f9 46       		.byte	70
 791 02fa C2       		.byte	-62
 792 02fb 11       		.byte	17
 793 02fc C4       		.byte	-60
 794 02fd 26       		.byte	38
 795 02fe CA       		.byte	-54
 796 02ff 21       		.byte	33
 797 0300 CC       		.byte	-52
 798 0301 05       		.byte	5
ARM GAS  C:\Users\simon\AppData\Local\Temp\ccEBDlg9.s 			page 15


 799 0302 CE       		.byte	-50
 800 0303 0C       		.byte	12
 801 0304 E6       		.byte	-26
 802 0305 02       		.byte	2
 803 0306 EA       		.byte	-22
 804 0307 01       		.byte	1
 805 0308 EC       		.byte	-20
 806 0309 40       		.byte	64
 807 030a B8       		.byte	-72
 808 030b 08       		.byte	8
 809 030c BE       		.byte	-66
 810 030d 04       		.byte	4
 811 030e D8       		.byte	-40
 812 030f 04       		.byte	4
 813 0310 DF       		.byte	-33
 814 0311 01       		.byte	1
 815 0312 1B       		.byte	27
 816 0313 08       		.byte	8
 817 0314 84       		.byte	-124
 818 0315 04       		.byte	4
 819 0316 96       		.byte	-106
 820 0317 10       		.byte	16
 821 0318 B6       		.byte	-74
 822 0319 10       		.byte	16
 823 031a EA       		.byte	-22
 824 031b 01       		.byte	1
 825 031c EE       		.byte	-18
 826 031d 10       		.byte	16
 827 031e 07       		.byte	7
 828 031f 01       		.byte	1
 829 0320 37       		.byte	55
 830 0321 01       		.byte	1
 831 0322 59       		.byte	89
 832 0323 04       		.byte	4
 833 0324 5C       		.byte	92
 834 0325 10       		.byte	16
 835 0326 5F       		.byte	95
 836 0327 01       		.byte	1
 837 0328 84       		.byte	-124
 838 0329 10       		.byte	16
 839 032a 86       		.byte	-122
 840 032b 08       		.byte	8
 841 032c 8C       		.byte	-116
 842 032d 08       		.byte	8
 843 032e 8E       		.byte	-114
 844 032f 10       		.byte	16
 845 0330 90       		.byte	-112
 846 0331 01       		.byte	1
 847 0332 92       		.byte	-110
 848 0333 02       		.byte	2
 849 0334 9B       		.byte	-101
 850 0335 01       		.byte	1
 851 0336 A0       		.byte	-96
 852 0337 02       		.byte	2
 853 0338 A2       		.byte	-94
 854 0339 05       		.byte	5
 855 033a AB       		.byte	-85
ARM GAS  C:\Users\simon\AppData\Local\Temp\ccEBDlg9.s 			page 16


 856 033b 02       		.byte	2
 857 033c B0       		.byte	-80
 858 033d 04       		.byte	4
 859 033e B2       		.byte	-78
 860 033f 18       		.byte	24
 861 0340 B3       		.byte	-77
 862 0341 02       		.byte	2
 863 0342 B4       		.byte	-76
 864 0343 03       		.byte	3
 865 0344 B7       		.byte	-73
 866 0345 01       		.byte	1
 867 0346 D8       		.byte	-40
 868 0347 04       		.byte	4
 869 0348 D9       		.byte	-39
 870 0349 04       		.byte	4
 871 034a DC       		.byte	-36
 872 034b 11       		.byte	17
 873 034c DF       		.byte	-33
 874 034d 01       		.byte	1
 875 034e 07       		.byte	7
 876 034f 21       		.byte	33
 877 0350 0E       		.byte	14
 878 0351 80       		.byte	-128
 879 0352 17       		.byte	23
 880 0353 02       		.byte	2
 881 0354 1C       		.byte	28
 882 0355 08       		.byte	8
 883 0356 1E       		.byte	30
 884 0357 90       		.byte	-112
 885 0358 21       		.byte	33
 886 0359 80       		.byte	-128
 887 035a 23       		.byte	35
 888 035b 02       		.byte	2
 889 035c 25       		.byte	37
 890 035d 08       		.byte	8
 891 035e 27       		.byte	39
 892 035f 21       		.byte	33
 893 0360 2F       		.byte	47
 894 0361 08       		.byte	8
 895 0362 37       		.byte	55
 896 0363 20       		.byte	32
 897 0364 39       		.byte	57
 898 0365 08       		.byte	8
 899 0366 81       		.byte	-127
 900 0367 88       		.byte	-120
 901 0368 87       		.byte	-121
 902 0369 08       		.byte	8
 903 036a 89       		.byte	-119
 904 036b 04       		.byte	4
 905 036c 96       		.byte	-106
 906 036d 10       		.byte	16
 907 036e A4       		.byte	-92
 908 036f 04       		.byte	4
 909 0370 AF       		.byte	-81
 910 0371 08       		.byte	8
 911 0372 C0       		.byte	-64
 912 0373 A0       		.byte	-96
ARM GAS  C:\Users\simon\AppData\Local\Temp\ccEBDlg9.s 			page 17


 913 0374 C2       		.byte	-62
 914 0375 10       		.byte	16
 915 0376 C4       		.byte	-60
 916 0377 10       		.byte	16
 917 0378 CA       		.byte	-54
 918 0379 20       		.byte	32
 919 037a CC       		.byte	-52
 920 037b 20       		.byte	32
 921 037c CE       		.byte	-50
 922 037d 02       		.byte	2
 923 037e E2       		.byte	-30
 924 037f 04       		.byte	4
 925 0380 E6       		.byte	-26
 926 0381 02       		.byte	2
 927 0382 EA       		.byte	-22
 928 0383 06       		.byte	6
 929 0384 EC       		.byte	-20
 930 0385 10       		.byte	16
 931 0386 02       		.byte	2
 932 0387 20       		.byte	32
 933 0388 03       		.byte	3
 934 0389 08       		.byte	8
 935 038a 05       		.byte	5
 936 038b 20       		.byte	32
 937 038c 07       		.byte	7
 938 038d 10       		.byte	16
 939 038e 09       		.byte	9
 940 038f 28       		.byte	40
 941 0390 0D       		.byte	13
 942 0391 10       		.byte	16
 943 0392 0E       		.byte	14
 944 0393 80       		.byte	-128
 945 0394 33       		.byte	51
 946 0395 80       		.byte	-128
 947 0396 3D       		.byte	61
 948 0397 80       		.byte	-128
 949 0398 C0       		.byte	-64
 950 0399 F0       		.byte	-16
 951 039a C2       		.byte	-62
 952 039b F0       		.byte	-16
 953 039c CC       		.byte	-52
 954 039d 10       		.byte	16
 955 039e CE       		.byte	-50
 956 039f 20       		.byte	32
 957 03a0 81       		.byte	-127
 958 03a1 28       		.byte	40
 959 03a2 91       		.byte	-111
 960 03a3 20       		.byte	32
 961 03a4 99       		.byte	-103
 962 03a5 20       		.byte	32
 963 03a6 9B       		.byte	-101
 964 03a7 10       		.byte	16
 965 03a8 A1       		.byte	-95
 966 03a9 28       		.byte	40
 967 03aa A2       		.byte	-94
 968 03ab 60       		.byte	96
 969 03ac A5       		.byte	-91
ARM GAS  C:\Users\simon\AppData\Local\Temp\ccEBDlg9.s 			page 18


 970 03ad 40       		.byte	64
 971 03ae A7       		.byte	-89
 972 03af 80       		.byte	-128
 973 03b0 AB       		.byte	-85
 974 03b1 08       		.byte	8
 975 03b2 E0       		.byte	-32
 976 03b3 A0       		.byte	-96
 977 03b4 EC       		.byte	-20
 978 03b5 80       		.byte	-128
 979 03b6 91       		.byte	-111
 980 03b7 20       		.byte	32
 981 03b8 99       		.byte	-103
 982 03b9 20       		.byte	32
 983 03ba 9B       		.byte	-101
 984 03bb 10       		.byte	16
 985 03bc A2       		.byte	-94
 986 03bd 60       		.byte	96
 987 03be A5       		.byte	-91
 988 03bf 40       		.byte	64
 989 03c0 A7       		.byte	-89
 990 03c1 80       		.byte	-128
 991 03c2 86       		.byte	-122
 992 03c3 20       		.byte	32
 993 03c4 91       		.byte	-111
 994 03c5 20       		.byte	32
 995 03c6 99       		.byte	-103
 996 03c7 20       		.byte	32
 997 03c8 9B       		.byte	-101
 998 03c9 10       		.byte	16
 999 03ca A2       		.byte	-94
 1000 03cb 20       		.byte	32
 1001 03cc A5       		.byte	-91
 1002 03cd 40       		.byte	64
 1003 03ce A7       		.byte	-89
 1004 03cf 80       		.byte	-128
 1005 03d0 B2       		.byte	-78
 1006 03d1 40       		.byte	64
 1007 03d2 E4       		.byte	-28
 1008 03d3 40       		.byte	64
 1009 03d4 30       		.byte	48
 1010 03d5 20       		.byte	32
 1011 03d6 CC       		.byte	-52
 1012 03d7 08       		.byte	8
 1013 03d8 A4       		.byte	-92
 1014 03d9 20       		.byte	32
 1015 03da 25       		.byte	37
 1016 03db 50       		.byte	80
 1017 03dc 67       		.byte	103
 1018 03dd 40       		.byte	64
 1019 03de 81       		.byte	-127
 1020 03df 20       		.byte	32
 1021 03e0 91       		.byte	-111
 1022 03e1 20       		.byte	32
 1023 03e2 99       		.byte	-103
 1024 03e3 20       		.byte	32
 1025 03e4 A5       		.byte	-91
 1026 03e5 40       		.byte	64
ARM GAS  C:\Users\simon\AppData\Local\Temp\ccEBDlg9.s 			page 19


 1027 03e6 AF       		.byte	-81
 1028 03e7 80       		.byte	-128
 1029 03e8 B7       		.byte	-73
 1030 03e9 10       		.byte	16
 1031 03ea C8       		.byte	-56
 1032 03eb 20       		.byte	32
 1033 03ec D8       		.byte	-40
 1034 03ed 80       		.byte	-128
 1035 03ee E4       		.byte	-28
 1036 03ef 80       		.byte	-128
 1037 03f0 EE       		.byte	-18
 1038 03f1 10       		.byte	16
 1039 03f2 89       		.byte	-119
 1040 03f3 10       		.byte	16
 1041 03f4 91       		.byte	-111
 1042 03f5 20       		.byte	32
 1043 03f6 AF       		.byte	-81
 1044 03f7 40       		.byte	64
 1045 03f8 B5       		.byte	-75
 1046 03f9 10       		.byte	16
 1047 03fa EE       		.byte	-18
 1048 03fb 40       		.byte	64
 1049 03fc 9F       		.byte	-97
 1050 03fd 04       		.byte	4
 1051 03fe A4       		.byte	-92
 1052 03ff 20       		.byte	32
 1053 0400 AB       		.byte	-85
 1054 0401 04       		.byte	4
 1055 0402 02       		.byte	2
 1056 0403 40       		.byte	64
 1057 0404 03       		.byte	3
 1058 0405 04       		.byte	4
 1059 0406 06       		.byte	6
 1060 0407 80       		.byte	-128
 1061 0408 07       		.byte	7
 1062 0409 08       		.byte	8
 1063 040a 0B       		.byte	11
 1064 040b 20       		.byte	32
 1065 040c 0F       		.byte	15
 1066 040d 80       		.byte	-128
 1067 040e 83       		.byte	-125
 1068 040f 08       		.byte	8
 1069 0410 87       		.byte	-121
 1070 0411 10       		.byte	16
 1071 0412 8A       		.byte	-118
 1072 0413 40       		.byte	64
 1073 0414 9E       		.byte	-98
 1074 0415 80       		.byte	-128
 1075 0416 9F       		.byte	-97
 1076 0417 04       		.byte	4
 1077 0418 A7       		.byte	-89
 1078 0419 40       		.byte	64
 1079 041a AB       		.byte	-85
 1080 041b 40       		.byte	64
 1081 041c AE       		.byte	-82
 1082 041d 80       		.byte	-128
 1083 041e B4       		.byte	-76
ARM GAS  C:\Users\simon\AppData\Local\Temp\ccEBDlg9.s 			page 20


 1084 041f 20       		.byte	32
 1085 0420 C0       		.byte	-64
 1086 0421 0F       		.byte	15
 1087 0422 C2       		.byte	-62
 1088 0423 0C       		.byte	12
 1089 0424 E6       		.byte	-26
 1090 0425 01       		.byte	1
 1091 0426 EC       		.byte	-20
 1092 0427 08       		.byte	8
 1093 0428 00       		.byte	0
 1094 0429 02       		.byte	2
 1095 042a 0A       		.byte	10
 1096 042b 02       		.byte	2
 1097 042c 10       		.byte	16
 1098 042d 02       		.byte	2
 1099 042e 1A       		.byte	26
 1100 042f 02       		.byte	2
 1101 0430 1C       		.byte	28
 1102 0431 02       		.byte	2
 1103 0432 00       		.byte	0
 1104 0433 03       		.byte	3
 1105 0434 10       		.byte	16
 1106 0435 02       		.byte	2
 1107 0436 00       		.byte	0
 1108 0437 00       		.byte	0
 1109 0438 00       		.byte	0
 1110 0439 00       		.byte	0
 1111 043a 00       		.byte	0
 1112 043b 00       		.byte	0
 1113 043c 00       		.byte	0
 1114 043d 00       		.byte	0
 1115 043e 02       		.byte	2
 1116 043f 00       		.byte	0
 1117 0440 00       		.byte	0
 1118 0441 4B       		.byte	75
 1119 0442 4B       		.byte	75
 1120 0443 00       		.byte	0
 1121 0444 00       		.byte	0
 1122 0445 00       		.byte	0
 1123 0446 00       		.byte	0
 1124 0447 00       		.byte	0
 1125 0448 FF       		.byte	-1
 1126 0449 FF       		.byte	-1
 1127 044a 00       		.byte	0
 1128 044b 00       		.byte	0
 1129 044c 00       		.byte	0
 1130 044d 00       		.byte	0
 1131 044e 00       		.byte	0
 1132 044f 00       		.byte	0
 1133 0450 3F       		.byte	63
 1134 0451 3F       		.byte	63
 1135 0452 00       		.byte	0
 1136 0453 00       		.byte	0
 1137 0454 00       		.byte	0
 1138 0455 00       		.byte	0
 1139 0456 00       		.byte	0
 1140 0457 00       		.byte	0
ARM GAS  C:\Users\simon\AppData\Local\Temp\ccEBDlg9.s 			page 21


 1141              		.section	.cywolatch,"a",%progbits
 1142              		.align	2
 1143              		.type	cy_meta_wonvl, %object
 1144              		.size	cy_meta_wonvl, 4
 1145              	cy_meta_wonvl:
 1146 0000 BC       		.byte	-68
 1147 0001 90       		.byte	-112
 1148 0002 AC       		.byte	-84
 1149 0003 AF       		.byte	-81
 1150              		.section	.cycustnvl,"a",%progbits
 1151              		.align	2
 1152              		.type	cy_meta_custnvl, %object
 1153              		.size	cy_meta_custnvl, 4
 1154              	cy_meta_custnvl:
 1155 0000 00       		.byte	0
 1156 0001 00       		.byte	0
 1157 0002 40       		.byte	64
 1158 0003 05       		.byte	5
 1159              		.section	.cymeta,"a",%progbits
 1160              		.align	2
 1161              		.type	cy_metadata, %object
 1162              		.size	cy_metadata, 12
 1163              	cy_metadata:
 1164 0000 00       		.byte	0
 1165 0001 01       		.byte	1
 1166 0002 2E       		.byte	46
 1167 0003 12       		.byte	18
 1168 0004 30       		.byte	48
 1169 0005 69       		.byte	105
 1170 0006 00       		.byte	0
 1171 0007 01       		.byte	1
 1172 0008 00       		.byte	0
 1173 0009 00       		.byte	0
 1174 000a 00       		.byte	0
 1175 000b 00       		.byte	0
 1176              		.section	.cyflashprotect,"a",%progbits
 1177              		.align	2
 1178              		.type	cy_meta_flashprotect, %object
 1179              		.size	cy_meta_flashprotect, 256
 1180              	cy_meta_flashprotect:
 1181 0000 00000000 		.space	256
 1181      00000000 
 1181      00000000 
 1181      00000000 
 1181      00000000 
 1182              		.text
 1183              	.Letext0:
 1184              		.file 1 "c:\\program files (x86)\\cypress\\psoc creator\\4.4\\psoc creator\\import\\gnu\\arm\\5.4.
 1185              		.file 2 "c:\\program files (x86)\\cypress\\psoc creator\\4.4\\psoc creator\\import\\gnu\\arm\\5.4.
 1186              		.file 3 "Generated_Source\\PSoC5\\cymetadata.c"
 1187              		.section	.debug_info,"",%progbits
 1188              	.Ldebug_info0:
 1189 0000 32010000 		.4byte	0x132
 1190 0004 0400     		.2byte	0x4
 1191 0006 00000000 		.4byte	.Ldebug_abbrev0
 1192 000a 04       		.byte	0x4
 1193 000b 01       		.uleb128 0x1
ARM GAS  C:\Users\simon\AppData\Local\Temp\ccEBDlg9.s 			page 22


 1194 000c 24000000 		.4byte	.LASF17
 1195 0010 0C       		.byte	0xc
 1196 0011 CB010000 		.4byte	.LASF18
 1197 0015 72010000 		.4byte	.LASF19
 1198 0019 00000000 		.4byte	.Ldebug_line0
 1199 001d 02       		.uleb128 0x2
 1200 001e 01       		.byte	0x1
 1201 001f 06       		.byte	0x6
 1202 0020 BF010000 		.4byte	.LASF0
 1203 0024 03       		.uleb128 0x3
 1204 0025 00000000 		.4byte	.LASF9
 1205 0029 01       		.byte	0x1
 1206 002a 1D       		.byte	0x1d
 1207 002b 2F000000 		.4byte	0x2f
 1208 002f 02       		.uleb128 0x2
 1209 0030 01       		.byte	0x1
 1210 0031 08       		.byte	0x8
 1211 0032 16000000 		.4byte	.LASF1
 1212 0036 02       		.uleb128 0x2
 1213 0037 02       		.byte	0x2
 1214 0038 05       		.byte	0x5
 1215 0039 5F010000 		.4byte	.LASF2
 1216 003d 02       		.uleb128 0x2
 1217 003e 02       		.byte	0x2
 1218 003f 07       		.byte	0x7
 1219 0040 C4000000 		.4byte	.LASF3
 1220 0044 02       		.uleb128 0x2
 1221 0045 04       		.byte	0x4
 1222 0046 05       		.byte	0x5
 1223 0047 69010000 		.4byte	.LASF4
 1224 004b 02       		.uleb128 0x2
 1225 004c 04       		.byte	0x4
 1226 004d 07       		.byte	0x7
 1227 004e B2000000 		.4byte	.LASF5
 1228 0052 02       		.uleb128 0x2
 1229 0053 08       		.byte	0x8
 1230 0054 05       		.byte	0x5
 1231 0055 51010000 		.4byte	.LASF6
 1232 0059 02       		.uleb128 0x2
 1233 005a 08       		.byte	0x8
 1234 005b 07       		.byte	0x7
 1235 005c 06010000 		.4byte	.LASF7
 1236 0060 04       		.uleb128 0x4
 1237 0061 04       		.byte	0x4
 1238 0062 05       		.byte	0x5
 1239 0063 696E7400 		.ascii	"int\000"
 1240 0067 02       		.uleb128 0x2
 1241 0068 04       		.byte	0x4
 1242 0069 07       		.byte	0x7
 1243 006a F9000000 		.4byte	.LASF8
 1244 006e 03       		.uleb128 0x3
 1245 006f 1D010000 		.4byte	.LASF10
 1246 0073 02       		.byte	0x2
 1247 0074 18       		.byte	0x18
 1248 0075 24000000 		.4byte	0x24
 1249 0079 05       		.uleb128 0x5
 1250 007a 91000000 		.4byte	0x91
ARM GAS  C:\Users\simon\AppData\Local\Temp\ccEBDlg9.s 			page 23


 1251 007e 8A000000 		.4byte	0x8a
 1252 0082 06       		.uleb128 0x6
 1253 0083 8A000000 		.4byte	0x8a
 1254 0087 5704     		.2byte	0x457
 1255 0089 00       		.byte	0
 1256 008a 02       		.uleb128 0x2
 1257 008b 04       		.byte	0x4
 1258 008c 07       		.byte	0x7
 1259 008d 48010000 		.4byte	.LASF11
 1260 0091 07       		.uleb128 0x7
 1261 0092 6E000000 		.4byte	0x6e
 1262 0096 08       		.uleb128 0x8
 1263 0097 E7000000 		.4byte	.LASF12
 1264 009b 03       		.byte	0x3
 1265 009c 1F       		.byte	0x1f
 1266 009d A7000000 		.4byte	0xa7
 1267 00a1 05       		.uleb128 0x5
 1268 00a2 03       		.byte	0x3
 1269 00a3 00000000 		.4byte	cy_meta_configecc
 1270 00a7 07       		.uleb128 0x7
 1271 00a8 79000000 		.4byte	0x79
 1272 00ac 05       		.uleb128 0x5
 1273 00ad 91000000 		.4byte	0x91
 1274 00b1 BC000000 		.4byte	0xbc
 1275 00b5 09       		.uleb128 0x9
 1276 00b6 8A000000 		.4byte	0x8a
 1277 00ba 03       		.byte	0x3
 1278 00bb 00       		.byte	0
 1279 00bc 08       		.uleb128 0x8
 1280 00bd D7000000 		.4byte	.LASF13
 1281 00c1 03       		.byte	0x3
 1282 00c2 B7       		.byte	0xb7
 1283 00c3 CD000000 		.4byte	0xcd
 1284 00c7 05       		.uleb128 0x5
 1285 00c8 03       		.byte	0x3
 1286 00c9 00000000 		.4byte	cy_meta_custnvl
 1287 00cd 07       		.uleb128 0x7
 1288 00ce AC000000 		.4byte	0xac
 1289 00d2 08       		.uleb128 0x8
 1290 00d3 3A010000 		.4byte	.LASF14
 1291 00d7 03       		.byte	0x3
 1292 00d8 C5       		.byte	0xc5
 1293 00d9 E3000000 		.4byte	0xe3
 1294 00dd 05       		.uleb128 0x5
 1295 00de 03       		.byte	0x3
 1296 00df 00000000 		.4byte	cy_meta_wonvl
 1297 00e3 07       		.uleb128 0x7
 1298 00e4 AC000000 		.4byte	0xac
 1299 00e8 05       		.uleb128 0x5
 1300 00e9 91000000 		.4byte	0x91
 1301 00ed F8000000 		.4byte	0xf8
 1302 00f1 09       		.uleb128 0x9
 1303 00f2 8A000000 		.4byte	0x8a
 1304 00f6 FF       		.byte	0xff
 1305 00f7 00       		.byte	0
 1306 00f8 08       		.uleb128 0x8
 1307 00f9 25010000 		.4byte	.LASF15
ARM GAS  C:\Users\simon\AppData\Local\Temp\ccEBDlg9.s 			page 24


 1308 00fd 03       		.byte	0x3
 1309 00fe D3       		.byte	0xd3
 1310 00ff 09010000 		.4byte	0x109
 1311 0103 05       		.uleb128 0x5
 1312 0104 03       		.byte	0x3
 1313 0105 00000000 		.4byte	cy_meta_flashprotect
 1314 0109 07       		.uleb128 0x7
 1315 010a E8000000 		.4byte	0xe8
 1316 010e 05       		.uleb128 0x5
 1317 010f 91000000 		.4byte	0x91
 1318 0113 1E010000 		.4byte	0x11e
 1319 0117 09       		.uleb128 0x9
 1320 0118 8A000000 		.4byte	0x8a
 1321 011c 0B       		.byte	0xb
 1322 011d 00       		.byte	0
 1323 011e 0A       		.uleb128 0xa
 1324 011f 0A000000 		.4byte	.LASF16
 1325 0123 03       		.byte	0x3
 1326 0124 0001     		.2byte	0x100
 1327 0126 30010000 		.4byte	0x130
 1328 012a 05       		.uleb128 0x5
 1329 012b 03       		.byte	0x3
 1330 012c 00000000 		.4byte	cy_metadata
 1331 0130 07       		.uleb128 0x7
 1332 0131 0E010000 		.4byte	0x10e
 1333 0135 00       		.byte	0
 1334              		.section	.debug_abbrev,"",%progbits
 1335              	.Ldebug_abbrev0:
 1336 0000 01       		.uleb128 0x1
 1337 0001 11       		.uleb128 0x11
 1338 0002 01       		.byte	0x1
 1339 0003 25       		.uleb128 0x25
 1340 0004 0E       		.uleb128 0xe
 1341 0005 13       		.uleb128 0x13
 1342 0006 0B       		.uleb128 0xb
 1343 0007 03       		.uleb128 0x3
 1344 0008 0E       		.uleb128 0xe
 1345 0009 1B       		.uleb128 0x1b
 1346 000a 0E       		.uleb128 0xe
 1347 000b 10       		.uleb128 0x10
 1348 000c 17       		.uleb128 0x17
 1349 000d 00       		.byte	0
 1350 000e 00       		.byte	0
 1351 000f 02       		.uleb128 0x2
 1352 0010 24       		.uleb128 0x24
 1353 0011 00       		.byte	0
 1354 0012 0B       		.uleb128 0xb
 1355 0013 0B       		.uleb128 0xb
 1356 0014 3E       		.uleb128 0x3e
 1357 0015 0B       		.uleb128 0xb
 1358 0016 03       		.uleb128 0x3
 1359 0017 0E       		.uleb128 0xe
 1360 0018 00       		.byte	0
 1361 0019 00       		.byte	0
 1362 001a 03       		.uleb128 0x3
 1363 001b 16       		.uleb128 0x16
 1364 001c 00       		.byte	0
ARM GAS  C:\Users\simon\AppData\Local\Temp\ccEBDlg9.s 			page 25


 1365 001d 03       		.uleb128 0x3
 1366 001e 0E       		.uleb128 0xe
 1367 001f 3A       		.uleb128 0x3a
 1368 0020 0B       		.uleb128 0xb
 1369 0021 3B       		.uleb128 0x3b
 1370 0022 0B       		.uleb128 0xb
 1371 0023 49       		.uleb128 0x49
 1372 0024 13       		.uleb128 0x13
 1373 0025 00       		.byte	0
 1374 0026 00       		.byte	0
 1375 0027 04       		.uleb128 0x4
 1376 0028 24       		.uleb128 0x24
 1377 0029 00       		.byte	0
 1378 002a 0B       		.uleb128 0xb
 1379 002b 0B       		.uleb128 0xb
 1380 002c 3E       		.uleb128 0x3e
 1381 002d 0B       		.uleb128 0xb
 1382 002e 03       		.uleb128 0x3
 1383 002f 08       		.uleb128 0x8
 1384 0030 00       		.byte	0
 1385 0031 00       		.byte	0
 1386 0032 05       		.uleb128 0x5
 1387 0033 01       		.uleb128 0x1
 1388 0034 01       		.byte	0x1
 1389 0035 49       		.uleb128 0x49
 1390 0036 13       		.uleb128 0x13
 1391 0037 01       		.uleb128 0x1
 1392 0038 13       		.uleb128 0x13
 1393 0039 00       		.byte	0
 1394 003a 00       		.byte	0
 1395 003b 06       		.uleb128 0x6
 1396 003c 21       		.uleb128 0x21
 1397 003d 00       		.byte	0
 1398 003e 49       		.uleb128 0x49
 1399 003f 13       		.uleb128 0x13
 1400 0040 2F       		.uleb128 0x2f
 1401 0041 05       		.uleb128 0x5
 1402 0042 00       		.byte	0
 1403 0043 00       		.byte	0
 1404 0044 07       		.uleb128 0x7
 1405 0045 26       		.uleb128 0x26
 1406 0046 00       		.byte	0
 1407 0047 49       		.uleb128 0x49
 1408 0048 13       		.uleb128 0x13
 1409 0049 00       		.byte	0
 1410 004a 00       		.byte	0
 1411 004b 08       		.uleb128 0x8
 1412 004c 34       		.uleb128 0x34
 1413 004d 00       		.byte	0
 1414 004e 03       		.uleb128 0x3
 1415 004f 0E       		.uleb128 0xe
 1416 0050 3A       		.uleb128 0x3a
 1417 0051 0B       		.uleb128 0xb
 1418 0052 3B       		.uleb128 0x3b
 1419 0053 0B       		.uleb128 0xb
 1420 0054 49       		.uleb128 0x49
 1421 0055 13       		.uleb128 0x13
ARM GAS  C:\Users\simon\AppData\Local\Temp\ccEBDlg9.s 			page 26


 1422 0056 3F       		.uleb128 0x3f
 1423 0057 19       		.uleb128 0x19
 1424 0058 02       		.uleb128 0x2
 1425 0059 18       		.uleb128 0x18
 1426 005a 00       		.byte	0
 1427 005b 00       		.byte	0
 1428 005c 09       		.uleb128 0x9
 1429 005d 21       		.uleb128 0x21
 1430 005e 00       		.byte	0
 1431 005f 49       		.uleb128 0x49
 1432 0060 13       		.uleb128 0x13
 1433 0061 2F       		.uleb128 0x2f
 1434 0062 0B       		.uleb128 0xb
 1435 0063 00       		.byte	0
 1436 0064 00       		.byte	0
 1437 0065 0A       		.uleb128 0xa
 1438 0066 34       		.uleb128 0x34
 1439 0067 00       		.byte	0
 1440 0068 03       		.uleb128 0x3
 1441 0069 0E       		.uleb128 0xe
 1442 006a 3A       		.uleb128 0x3a
 1443 006b 0B       		.uleb128 0xb
 1444 006c 3B       		.uleb128 0x3b
 1445 006d 05       		.uleb128 0x5
 1446 006e 49       		.uleb128 0x49
 1447 006f 13       		.uleb128 0x13
 1448 0070 3F       		.uleb128 0x3f
 1449 0071 19       		.uleb128 0x19
 1450 0072 02       		.uleb128 0x2
 1451 0073 18       		.uleb128 0x18
 1452 0074 00       		.byte	0
 1453 0075 00       		.byte	0
 1454 0076 00       		.byte	0
 1455              		.section	.debug_aranges,"",%progbits
 1456 0000 14000000 		.4byte	0x14
 1457 0004 0200     		.2byte	0x2
 1458 0006 00000000 		.4byte	.Ldebug_info0
 1459 000a 04       		.byte	0x4
 1460 000b 00       		.byte	0
 1461 000c 0000     		.2byte	0
 1462 000e 0000     		.2byte	0
 1463 0010 00000000 		.4byte	0
 1464 0014 00000000 		.4byte	0
 1465              		.section	.debug_line,"",%progbits
 1466              	.Ldebug_line0:
 1467 0000 3D010000 		.section	.debug_str,"MS",%progbits,1
 1467      02003701 
 1467      00000201 
 1467      FB0E0D00 
 1467      01010101 
 1468              	.LASF9:
 1469 0000 5F5F7569 		.ascii	"__uint8_t\000"
 1469      6E74385F 
 1469      7400
 1470              	.LASF16:
 1471 000a 63795F6D 		.ascii	"cy_metadata\000"
 1471      65746164 
ARM GAS  C:\Users\simon\AppData\Local\Temp\ccEBDlg9.s 			page 27


 1471      61746100 
 1472              	.LASF1:
 1473 0016 756E7369 		.ascii	"unsigned char\000"
 1473      676E6564 
 1473      20636861 
 1473      7200
 1474              	.LASF17:
 1475 0024 474E5520 		.ascii	"GNU C11 5.4.1 20160609 (release) [ARM/embedded-5-br"
 1475      43313120 
 1475      352E342E 
 1475      31203230 
 1475      31363036 
 1476 0057 616E6368 		.ascii	"anch revision 237715] -mcpu=cortex-m3 -mthumb -g -O"
 1476      20726576 
 1476      6973696F 
 1476      6E203233 
 1476      37373135 
 1477 008a 67202D66 		.ascii	"g -ffunction-sections -ffat-lto-objects\000"
 1477      66756E63 
 1477      74696F6E 
 1477      2D736563 
 1477      74696F6E 
 1478              	.LASF5:
 1479 00b2 6C6F6E67 		.ascii	"long unsigned int\000"
 1479      20756E73 
 1479      69676E65 
 1479      6420696E 
 1479      7400
 1480              	.LASF3:
 1481 00c4 73686F72 		.ascii	"short unsigned int\000"
 1481      7420756E 
 1481      7369676E 
 1481      65642069 
 1481      6E7400
 1482              	.LASF13:
 1483 00d7 63795F6D 		.ascii	"cy_meta_custnvl\000"
 1483      6574615F 
 1483      63757374 
 1483      6E766C00 
 1484              	.LASF12:
 1485 00e7 63795F6D 		.ascii	"cy_meta_configecc\000"
 1485      6574615F 
 1485      636F6E66 
 1485      69676563 
 1485      6300
 1486              	.LASF8:
 1487 00f9 756E7369 		.ascii	"unsigned int\000"
 1487      676E6564 
 1487      20696E74 
 1487      00
 1488              	.LASF7:
 1489 0106 6C6F6E67 		.ascii	"long long unsigned int\000"
 1489      206C6F6E 
 1489      6720756E 
 1489      7369676E 
 1489      65642069 
 1490              	.LASF10:
ARM GAS  C:\Users\simon\AppData\Local\Temp\ccEBDlg9.s 			page 28


 1491 011d 75696E74 		.ascii	"uint8_t\000"
 1491      385F7400 
 1492              	.LASF15:
 1493 0125 63795F6D 		.ascii	"cy_meta_flashprotect\000"
 1493      6574615F 
 1493      666C6173 
 1493      6870726F 
 1493      74656374 
 1494              	.LASF14:
 1495 013a 63795F6D 		.ascii	"cy_meta_wonvl\000"
 1495      6574615F 
 1495      776F6E76 
 1495      6C00
 1496              	.LASF11:
 1497 0148 73697A65 		.ascii	"sizetype\000"
 1497      74797065 
 1497      00
 1498              	.LASF6:
 1499 0151 6C6F6E67 		.ascii	"long long int\000"
 1499      206C6F6E 
 1499      6720696E 
 1499      7400
 1500              	.LASF2:
 1501 015f 73686F72 		.ascii	"short int\000"
 1501      7420696E 
 1501      7400
 1502              	.LASF4:
 1503 0169 6C6F6E67 		.ascii	"long int\000"
 1503      20696E74 
 1503      00
 1504              	.LASF19:
 1505 0172 433A5C55 		.ascii	"C:\\Users\\simon\\OneDrive\\Documents\\PSoC Creator"
 1505      73657273 
 1505      5C73696D 
 1505      6F6E5C4F 
 1505      6E654472 
 1506 01a0 5C46696E 		.ascii	"\\FinalProject\\KeysToNote.cydsn\000"
 1506      616C5072 
 1506      6F6A6563 
 1506      745C4B65 
 1506      7973546F 
 1507              	.LASF0:
 1508 01bf 7369676E 		.ascii	"signed char\000"
 1508      65642063 
 1508      68617200 
 1509              	.LASF18:
 1510 01cb 47656E65 		.ascii	"Generated_Source\\PSoC5\\cymetadata.c\000"
 1510      72617465 
 1510      645F536F 
 1510      75726365 
 1510      5C50536F 
 1511              		.ident	"GCC: (GNU Tools for ARM Embedded Processors) 5.4.1 20160609 (release) [ARM/embedded-5-bran
