ARM GAS  C:\Users\simon\AppData\Local\Temp\ccGyp5ZE.s 			page 1


   1              		.syntax unified
   2              		.cpu cortex-m3
   3              		.fpu softvfp
   4              		.eabi_attribute 20, 1
   5              		.eabi_attribute 21, 1
   6              		.eabi_attribute 23, 3
   7              		.eabi_attribute 24, 1
   8              		.eabi_attribute 25, 1
   9              		.eabi_attribute 26, 1
  10              		.eabi_attribute 30, 1
  11              		.eabi_attribute 34, 1
  12              		.eabi_attribute 18, 4
  13              		.thumb
  14              		.syntax unified
  15              		.file	"main.c"
  16              		.text
  17              	.Ltext0:
  18              		.cfi_sections	.debug_frame
  19              		.section	.text.Waveform_ISR,"ax",%progbits
  20              		.align	2
  21              		.global	Waveform_ISR
  22              		.thumb
  23              		.thumb_func
  24              		.type	Waveform_ISR, %function
  25              	Waveform_ISR:
  26              	.LFB63:
  27              		.file 1 "main.c"
   1:main.c        **** /* ========================================
   2:main.c        ****  *
   3:main.c        ****  * Copyright YOUR COMPANY, THE YEAR
   4:main.c        ****  * All Rights Reserved
   5:main.c        ****  * UNPUBLISHED, LICENSED SOFTWARE.
   6:main.c        ****  *
   7:main.c        ****  * CONFIDENTIAL AND PROPRIETARY INFORMATION
   8:main.c        ****  * WHICH IS THE PROPERTY OF your company.
   9:main.c        ****  *
  10:main.c        ****  * ========================================
  11:main.c        **** */
  12:main.c        **** #include <project.h>
  13:main.c        **** #include "waveforms.h"
  14:main.c        **** 
  15:main.c        **** volatile uint32_t waveformIndex = 0;
  16:main.c        **** volatile uint16_t waveVal = 0;
  17:main.c        **** volatile uint8_t volume = 10;
  18:main.c        **** volatile enum Waveform waveform_select = Default;
  19:main.c        **** uint16_t* waveforms[4] = {beginning_waveform, repeat_waveform, end_waveform, default_waveform};
  20:main.c        **** uint16 periods[28] = {4111, 3879, 3662, 3455, 3262, 3078, 2906, 2742, 2589, 2444, 2306, 2177, 2054,
  21:main.c        **** uint16 new_period = 4110;
  22:main.c        **** enum new_waveform {
  23:main.c        ****     False,
  24:main.c        ****     True
  25:main.c        **** };
  26:main.c        **** volatile enum new_waveform new_waveform = False;
  27:main.c        **** volatile uint16_t key_status = 0;
  28:main.c        **** 
  29:main.c        **** enum Note {
  30:main.c        ****     Bb1, B1, C2, Csharp2, D2, Dsharp2, E2, F2, Fsharp2, G2, Gsharp2, A2,
ARM GAS  C:\Users\simon\AppData\Local\Temp\ccGyp5ZE.s 			page 2


  31:main.c        ****     Bb2, B2, C3, Csharp3, D3, Dsharp3, E3, F3, Fsharp3, G3, Gsharp3, A3,
  32:main.c        ****     Bb3, B3, C4, Csharp4
  33:main.c        **** };
  34:main.c        **** 
  35:main.c        **** volatile enum Note note = Csharp3;
  36:main.c        **** 
  37:main.c        **** 
  38:main.c        **** CY_ISR(Waveform_ISR) {
  28              		.loc 1 38 0
  29              		.cfi_startproc
  30              		@ args = 0, pretend = 0, frame = 0
  31              		@ frame_needed = 0, uses_anonymous_args = 0
  32 0000 38B5     		push	{r3, r4, r5, lr}
  33              		.cfi_def_cfa_offset 16
  34              		.cfi_offset 3, -16
  35              		.cfi_offset 4, -12
  36              		.cfi_offset 5, -8
  37              		.cfi_offset 14, -4
  39:main.c        ****     
  40:main.c        ****     // Toggle the digital pin
  41:main.c        ****     Fs_Write(~Fs_Read());
  38              		.loc 1 41 0
  39 0002 FFF7FEFF 		bl	Fs_Read
  40              	.LVL0:
  41 0006 C043     		mvns	r0, r0
  42 0008 C0B2     		uxtb	r0, r0
  43 000a FFF7FEFF 		bl	Fs_Write
  44              	.LVL1:
  42:main.c        ****     
  43:main.c        ****     // Update DAC output with the next value from the waveform
  44:main.c        ****     waveVal = (waveforms[waveform_select][waveformIndex]*volume) + 2048;
  45              		.loc 1 44 0
  46 000e 2A4D     		ldr	r5, .L9
  47 0010 2B78     		ldrb	r3, [r5]	@ zero_extendqisi2
  48 0012 05EB8303 		add	r3, r5, r3, lsl #2
  49 0016 5B68     		ldr	r3, [r3, #4]
  50 0018 284C     		ldr	r4, .L9+4
  51 001a 2268     		ldr	r2, [r4]
  52 001c 33F81220 		ldrh	r2, [r3, r2, lsl #1]
  53 0020 2B7D     		ldrb	r3, [r5, #20]	@ zero_extendqisi2
  54 0022 03FB02F3 		mul	r3, r3, r2
  55 0026 03F50063 		add	r3, r3, #2048
  56 002a 9BB2     		uxth	r3, r3
  57 002c A380     		strh	r3, [r4, #4]	@ movhi
  45:main.c        ****     Wave_Out_SetValue(waveVal);
  58              		.loc 1 45 0
  59 002e A088     		ldrh	r0, [r4, #4]
  60 0030 80B2     		uxth	r0, r0
  61 0032 FFF7FEFF 		bl	Wave_Out_SetValue
  62              	.LVL2:
  46:main.c        ****     
  47:main.c        ****     // Increment waveform index for the next interrupt
  48:main.c        ****     waveformIndex++;
  63              		.loc 1 48 0
  64 0036 2368     		ldr	r3, [r4]
  65 0038 0133     		adds	r3, r3, #1
  66 003a 2360     		str	r3, [r4]
ARM GAS  C:\Users\simon\AppData\Local\Temp\ccGyp5ZE.s 			page 3


  49:main.c        ****     
  50:main.c        ****     // Update the waveform counter if overflowed
  51:main.c        ****     if (waveformIndex >= waveform_sizes[waveform_select]) {
  67              		.loc 1 51 0
  68 003c 2A78     		ldrb	r2, [r5]	@ zero_extendqisi2
  69 003e 204B     		ldr	r3, .L9+8
  70 0040 53F82220 		ldr	r2, [r3, r2, lsl #2]
  71 0044 2368     		ldr	r3, [r4]
  72 0046 9A42     		cmp	r2, r3
  73 0048 33D8     		bhi	.L2
  52:main.c        ****         // Reset the counter
  53:main.c        ****         waveformIndex = 0;
  74              		.loc 1 53 0
  75 004a 0022     		movs	r2, #0
  76 004c 2260     		str	r2, [r4]
  54:main.c        ****         
  55:main.c        ****         switch (waveform_select) {
  77              		.loc 1 55 0
  78 004e 2B78     		ldrb	r3, [r5]	@ zero_extendqisi2
  79 0050 DBB2     		uxtb	r3, r3
  80 0052 032B     		cmp	r3, #3
  81 0054 2DD8     		bhi	.L2
  82 0056 DFE803F0 		tbb	[pc, r3]
  83              	.L4:
  84 005a 02       		.byte	(.L3-.L4)/2
  85 005b 06       		.byte	(.L5-.L4)/2
  86 005c 12       		.byte	(.L6-.L4)/2
  87 005d 1C       		.byte	(.L7-.L4)/2
  88              		.p2align 1
  89              	.L3:
  56:main.c        ****             case Beginning:
  57:main.c        ****                 waveform_select = Repeat; // Moves onto the repeat waveform
  90              		.loc 1 57 0
  91 005e 0122     		movs	r2, #1
  92 0060 154B     		ldr	r3, .L9
  93 0062 1A70     		strb	r2, [r3]
  58:main.c        ****                 break;
  94              		.loc 1 58 0
  95 0064 25E0     		b	.L2
  96              	.L5:
  59:main.c        ****             case Repeat:
  60:main.c        ****                 if (new_waveform == True) { waveform_select = End; new_waveform = False; } // Moves
  97              		.loc 1 60 0
  98 0066 154B     		ldr	r3, .L9+4
  99 0068 9B79     		ldrb	r3, [r3, #6]	@ zero_extendqisi2
 100 006a DBB2     		uxtb	r3, r3
 101 006c 012B     		cmp	r3, #1
 102 006e 20D1     		bne	.L2
 103              		.loc 1 60 0 is_stmt 0 discriminator 1
 104 0070 0222     		movs	r2, #2
 105 0072 114B     		ldr	r3, .L9
 106 0074 1A70     		strb	r2, [r3]
 107 0076 0022     		movs	r2, #0
 108 0078 104B     		ldr	r3, .L9+4
 109 007a 9A71     		strb	r2, [r3, #6]
 110 007c 19E0     		b	.L2
 111              	.L6:
ARM GAS  C:\Users\simon\AppData\Local\Temp\ccGyp5ZE.s 			page 4


  61:main.c        ****                 break;
  62:main.c        ****             case End:
  63:main.c        ****                 waveform_select = Beginning; 
 112              		.loc 1 63 0 is_stmt 1
 113 007e 0E4B     		ldr	r3, .L9
 114 0080 0022     		movs	r2, #0
 115 0082 1A70     		strb	r2, [r3]
  64:main.c        ****                 Waveform_Send_WritePeriod(periods[note]); // moves to the new waveform sampling fre
 116              		.loc 1 64 0
 117 0084 5A7D     		ldrb	r2, [r3, #21]	@ zero_extendqisi2
 118 0086 03EB4203 		add	r3, r3, r2, lsl #1
 119 008a 188B     		ldrh	r0, [r3, #24]
 120 008c FFF7FEFF 		bl	Waveform_Send_WritePeriod
 121              	.LVL3:
  65:main.c        ****                 break;
 122              		.loc 1 65 0
 123 0090 0FE0     		b	.L2
 124              	.L7:
  66:main.c        ****             case Default:
  67:main.c        ****                 if (new_waveform == True) { waveform_select = Beginning; new_waveform = False; Wave
 125              		.loc 1 67 0
 126 0092 0A4B     		ldr	r3, .L9+4
 127 0094 9B79     		ldrb	r3, [r3, #6]	@ zero_extendqisi2
 128 0096 DBB2     		uxtb	r3, r3
 129 0098 012B     		cmp	r3, #1
 130 009a 0AD1     		bne	.L2
 131              		.loc 1 67 0 is_stmt 0 discriminator 1
 132 009c 064B     		ldr	r3, .L9
 133 009e 0022     		movs	r2, #0
 134 00a0 1A70     		strb	r2, [r3]
 135 00a2 0649     		ldr	r1, .L9+4
 136 00a4 8A71     		strb	r2, [r1, #6]
 137 00a6 5A7D     		ldrb	r2, [r3, #21]	@ zero_extendqisi2
 138 00a8 03EB4203 		add	r3, r3, r2, lsl #1
 139 00ac 188B     		ldrh	r0, [r3, #24]
 140 00ae FFF7FEFF 		bl	Waveform_Send_WritePeriod
 141              	.LVL4:
 142              	.L2:
  68:main.c        ****                
  69:main.c        ****                 break; 
  70:main.c        ****         }
  71:main.c        ****     }
  72:main.c        ****     
  73:main.c        ****     // Resets the TC flag
  74:main.c        ****     Waveform_Send_ReadStatusRegister();
 143              		.loc 1 74 0 is_stmt 1
 144 00b2 FFF7FEFF 		bl	Waveform_Send_ReadStatusRegister
 145              	.LVL5:
 146 00b6 38BD     		pop	{r3, r4, r5, pc}
 147              	.L10:
 148              		.align	2
 149              	.L9:
 150 00b8 00000000 		.word	.LANCHOR0
 151 00bc 00000000 		.word	.LANCHOR1
 152 00c0 00000000 		.word	waveform_sizes
 153              		.cfi_endproc
 154              	.LFE63:
ARM GAS  C:\Users\simon\AppData\Local\Temp\ccGyp5ZE.s 			page 5


 155              		.size	Waveform_ISR, .-Waveform_ISR
 156              		.section	.text.Button_ISR,"ax",%progbits
 157              		.align	2
 158              		.global	Button_ISR
 159              		.thumb
 160              		.thumb_func
 161              		.type	Button_ISR, %function
 162              	Button_ISR:
 163              	.LFB64:
  75:main.c        **** }
  76:main.c        **** 
  77:main.c        **** CY_ISR(Button_ISR) {
 164              		.loc 1 77 0
 165              		.cfi_startproc
 166              		@ args = 0, pretend = 0, frame = 0
 167              		@ frame_needed = 0, uses_anonymous_args = 0
 168 0000 10B5     		push	{r4, lr}
 169              		.cfi_def_cfa_offset 8
 170              		.cfi_offset 4, -8
 171              		.cfi_offset 14, -4
  78:main.c        ****     
  79:main.c        ****     key_status = ((uint16_t)KeyNote_High_Read()  << 8) | KeyNote_Low_Read(); // get the values of k
 172              		.loc 1 79 0
 173 0002 FFF7FEFF 		bl	KeyNote_High_Read
 174              	.LVL6:
 175 0006 0402     		lsls	r4, r0, #8
 176 0008 FFF7FEFF 		bl	KeyNote_Low_Read
 177              	.LVL7:
 178 000c 2043     		orrs	r0, r0, r4
 179 000e 80B2     		uxth	r0, r0
 180 0010 754B     		ldr	r3, .L49
 181 0012 1881     		strh	r0, [r3, #8]	@ movhi
  80:main.c        ****     new_waveform = True; // we have a new waveform
 182              		.loc 1 80 0
 183 0014 0122     		movs	r2, #1
 184 0016 9A71     		strb	r2, [r3, #6]
  81:main.c        ****     
  82:main.c        ****     // bit 13 is key 1 in the note table, bit 0 is key 14
  83:main.c        ****     switch (key_status) {
 185              		.loc 1 83 0
 186 0018 1B89     		ldrh	r3, [r3, #8]
 187 001a 9BB2     		uxth	r3, r3
 188 001c 43F68802 		movw	r2, #14472
 189 0020 9342     		cmp	r3, r2
 190 0022 00F0C980 		beq	.L13
 191 0026 37D8     		bhi	.L14
 192 0028 B3F5405F 		cmp	r3, #12288
 193 002c 00F09880 		beq	.L15
 194 0030 18D8     		bhi	.L16
 195 0032 B3F5805F 		cmp	r3, #4096
 196 0036 00F09F80 		beq	.L17
 197 003a 06D8     		bhi	.L18
 198 003c 002B     		cmp	r3, #0
 199 003e 00F09F80 		beq	.L19
 200 0042 802B     		cmp	r3, #128
 201 0044 00F0CC80 		beq	.L20
 202 0048 10BD     		pop	{r4, pc}
ARM GAS  C:\Users\simon\AppData\Local\Temp\ccGyp5ZE.s 			page 6


 203              	.L18:
 204 004a B3F5005F 		cmp	r3, #8192
 205 004e 00F08F80 		beq	.L21
 206 0052 B3F5025F 		cmp	r3, #8320
 207 0056 00F0BB80 		beq	.L22
 208 005a B3F5845F 		cmp	r3, #4224
 209 005e 40F0C280 		bne	.L11
 210 0062 B9E0     		b	.L23
 211              	.L16:
 212 0064 B3F5435F 		cmp	r3, #12480
 213 0068 00F0AE80 		beq	.L24
 214 006c 07D8     		bhi	.L25
 215 006e B3F5415F 		cmp	r3, #12352
 216 0072 79D0     		beq	.L26
 217 0074 B3F5425F 		cmp	r3, #12416
 218 0078 00F0A280 		beq	.L27
 219 007c 10BD     		pop	{r4, pc}
 220              	.L25:
 221 007e 43F60802 		movw	r2, #14344
 222 0082 9342     		cmp	r3, r2
 223 0084 68D0     		beq	.L28
 224 0086 B3F5625F 		cmp	r3, #14464
 225 008a 00F09180 		beq	.L29
 226 008e B3F5605F 		cmp	r3, #14336
 227 0092 40F0A880 		bne	.L11
 228 0096 5BE0     		b	.L30
 229              	.L14:
 230 0098 B3F57C5F 		cmp	r3, #16128
 231 009c 44D0     		beq	.L31
 232 009e 15D8     		bhi	.L32
 233 00a0 B3F5705F 		cmp	r3, #15360
 234 00a4 4CD0     		beq	.L33
 235 00a6 06D8     		bhi	.L34
 236 00a8 B3F5685F 		cmp	r3, #14848
 237 00ac 4CD0     		beq	.L35
 238 00ae B3F56A5F 		cmp	r3, #14976
 239 00b2 79D0     		beq	.L36
 240 00b4 10BD     		pop	{r4, pc}
 241              	.L34:
 242 00b6 B3F5785F 		cmp	r3, #15872
 243 00ba 3DD0     		beq	.L37
 244 00bc B3F57A5F 		cmp	r3, #16000
 245 00c0 6AD0     		beq	.L38
 246 00c2 B3F5725F 		cmp	r3, #15488
 247 00c6 40F08E80 		bne	.L11
 248 00ca 69E0     		b	.L39
 249              	.L32:
 250 00cc 43F61472 		movw	r2, #16148
 251 00d0 9342     		cmp	r3, r2
 252 00d2 1DD0     		beq	.L40
 253 00d4 0CD8     		bhi	.L41
 254 00d6 43F61172 		movw	r2, #16145
 255 00da 9342     		cmp	r3, r2
 256 00dc 14D0     		beq	.L42
 257 00de 43F61272 		movw	r2, #16146
 258 00e2 9342     		cmp	r3, r2
 259 00e4 1CD0     		beq	.L43
ARM GAS  C:\Users\simon\AppData\Local\Temp\ccGyp5ZE.s 			page 7


 260 00e6 43F61072 		movw	r2, #16144
 261 00ea 9342     		cmp	r3, r2
 262 00ec 7BD1     		bne	.L11
 263 00ee 13E0     		b	.L44
 264              	.L41:
 265 00f0 B3F57E5F 		cmp	r3, #16256
 266 00f4 48D0     		beq	.L45
 267 00f6 43F6A072 		movw	r2, #16288
 268 00fa 9342     		cmp	r3, r2
 269 00fc 48D0     		beq	.L46
 270 00fe 43F62072 		movw	r2, #16160
 271 0102 9342     		cmp	r3, r2
 272 0104 6FD1     		bne	.L11
 273 0106 13E0     		b	.L47
 274              	.L42:
  84:main.c        ****         case 0b11111100010001: note = Bb1; break;
 275              		.loc 1 84 0
 276 0108 0022     		movs	r2, #0
 277 010a 384B     		ldr	r3, .L49+4
 278 010c 5A75     		strb	r2, [r3, #21]
 279 010e 10BD     		pop	{r4, pc}
 280              	.L40:
  85:main.c        ****         case 0b11111100010100: note = B1; break;
 281              		.loc 1 85 0
 282 0110 0122     		movs	r2, #1
 283 0112 364B     		ldr	r3, .L49+4
 284 0114 5A75     		strb	r2, [r3, #21]
 285 0116 10BD     		pop	{r4, pc}
 286              	.L44:
  86:main.c        ****         case 0b11111100010000: note = C2; break;
 287              		.loc 1 86 0
 288 0118 0222     		movs	r2, #2
 289 011a 344B     		ldr	r3, .L49+4
 290 011c 5A75     		strb	r2, [r3, #21]
 291 011e 10BD     		pop	{r4, pc}
 292              	.L43:
  87:main.c        ****         case 0b11111100010010: note = Csharp2; break;
 293              		.loc 1 87 0
 294 0120 0322     		movs	r2, #3
 295 0122 324B     		ldr	r3, .L49+4
 296 0124 5A75     		strb	r2, [r3, #21]
 297 0126 10BD     		pop	{r4, pc}
 298              	.L31:
  88:main.c        ****         case 0b11111100000000: note = D2; break;
 299              		.loc 1 88 0
 300 0128 0422     		movs	r2, #4
 301 012a 304B     		ldr	r3, .L49+4
 302 012c 5A75     		strb	r2, [r3, #21]
 303 012e 10BD     		pop	{r4, pc}
 304              	.L47:
  89:main.c        ****         case 0b11111100100000: note = Dsharp2; break;
 305              		.loc 1 89 0
 306 0130 0522     		movs	r2, #5
 307 0132 2E4B     		ldr	r3, .L49+4
 308 0134 5A75     		strb	r2, [r3, #21]
 309 0136 10BD     		pop	{r4, pc}
 310              	.L37:
ARM GAS  C:\Users\simon\AppData\Local\Temp\ccGyp5ZE.s 			page 8


  90:main.c        ****         case 0b11111000000000: note = E2; break;
 311              		.loc 1 90 0
 312 0138 0622     		movs	r2, #6
 313 013a 2C4B     		ldr	r3, .L49+4
 314 013c 5A75     		strb	r2, [r3, #21]
 315 013e 10BD     		pop	{r4, pc}
 316              	.L33:
  91:main.c        ****         case 0b11110000000000: note = F2; break;
 317              		.loc 1 91 0
 318 0140 0722     		movs	r2, #7
 319 0142 2A4B     		ldr	r3, .L49+4
 320 0144 5A75     		strb	r2, [r3, #21]
 321 0146 10BD     		pop	{r4, pc}
 322              	.L35:
  92:main.c        ****         case 0b11101000000000: note = Fsharp2; break;
 323              		.loc 1 92 0
 324 0148 0822     		movs	r2, #8
 325 014a 284B     		ldr	r3, .L49+4
 326 014c 5A75     		strb	r2, [r3, #21]
 327 014e 10BD     		pop	{r4, pc}
 328              	.L30:
  93:main.c        ****         case 0b11100000000000: note = G2; break;
 329              		.loc 1 93 0
 330 0150 0922     		movs	r2, #9
 331 0152 264B     		ldr	r3, .L49+4
 332 0154 5A75     		strb	r2, [r3, #21]
 333 0156 10BD     		pop	{r4, pc}
 334              	.L28:
  94:main.c        ****         case 0b11100000001000: note = Gsharp2; break;
 335              		.loc 1 94 0
 336 0158 0A22     		movs	r2, #10
 337 015a 244B     		ldr	r3, .L49+4
 338 015c 5A75     		strb	r2, [r3, #21]
 339 015e 10BD     		pop	{r4, pc}
 340              	.L15:
  95:main.c        ****         case 0b11000000000000: note = A2;  break;
 341              		.loc 1 95 0
 342 0160 0B22     		movs	r2, #11
 343 0162 224B     		ldr	r3, .L49+4
 344 0164 5A75     		strb	r2, [r3, #21]
 345 0166 10BD     		pop	{r4, pc}
 346              	.L26:
  96:main.c        ****         case 0b11000001000000: note = Bb2; break;
 347              		.loc 1 96 0
 348 0168 0C22     		movs	r2, #12
 349 016a 204B     		ldr	r3, .L49+4
 350 016c 5A75     		strb	r2, [r3, #21]
 351 016e 10BD     		pop	{r4, pc}
 352              	.L21:
  97:main.c        ****         case 0b10000000000000: note = B2; break;
 353              		.loc 1 97 0
 354 0170 0D22     		movs	r2, #13
 355 0172 1E4B     		ldr	r3, .L49+4
 356 0174 5A75     		strb	r2, [r3, #21]
 357 0176 10BD     		pop	{r4, pc}
 358              	.L17:
  98:main.c        ****         case 0b01000000000000: note = C3; break;
ARM GAS  C:\Users\simon\AppData\Local\Temp\ccGyp5ZE.s 			page 9


 359              		.loc 1 98 0
 360 0178 0E22     		movs	r2, #14
 361 017a 1C4B     		ldr	r3, .L49+4
 362 017c 5A75     		strb	r2, [r3, #21]
 363 017e 10BD     		pop	{r4, pc}
 364              	.L19:
  99:main.c        ****         case 0b00000000000000: note = Csharp3; break;
 365              		.loc 1 99 0
 366 0180 0F22     		movs	r2, #15
 367 0182 1A4B     		ldr	r3, .L49+4
 368 0184 5A75     		strb	r2, [r3, #21]
 369 0186 10BD     		pop	{r4, pc}
 370              	.L45:
 100:main.c        ****         case 0b11111110000000: note = D3; break;
 371              		.loc 1 100 0
 372 0188 1022     		movs	r2, #16
 373 018a 184B     		ldr	r3, .L49+4
 374 018c 5A75     		strb	r2, [r3, #21]
 375 018e 10BD     		pop	{r4, pc}
 376              	.L46:
 101:main.c        ****         case 0b11111110100000: note = Dsharp3; break;
 377              		.loc 1 101 0
 378 0190 1122     		movs	r2, #17
 379 0192 164B     		ldr	r3, .L49+4
 380 0194 5A75     		strb	r2, [r3, #21]
 381 0196 10BD     		pop	{r4, pc}
 382              	.L38:
 102:main.c        ****         case 0b11111010000000: note = E3; break;
 383              		.loc 1 102 0
 384 0198 1222     		movs	r2, #18
 385 019a 144B     		ldr	r3, .L49+4
 386 019c 5A75     		strb	r2, [r3, #21]
 387 019e 10BD     		pop	{r4, pc}
 388              	.L39:
 103:main.c        ****         case 0b11110010000000: note = F3; break;
 389              		.loc 1 103 0
 390 01a0 1322     		movs	r2, #19
 391 01a2 124B     		ldr	r3, .L49+4
 392 01a4 5A75     		strb	r2, [r3, #21]
 393 01a6 10BD     		pop	{r4, pc}
 394              	.L36:
 104:main.c        ****         case 0b11101010000000: note = Fsharp3; break;
 395              		.loc 1 104 0
 396 01a8 1422     		movs	r2, #20
 397 01aa 104B     		ldr	r3, .L49+4
 398 01ac 5A75     		strb	r2, [r3, #21]
 399 01ae 10BD     		pop	{r4, pc}
 400              	.L29:
 105:main.c        ****         case 0b11100010000000: note = G3; break;
 401              		.loc 1 105 0
 402 01b0 1522     		movs	r2, #21
 403 01b2 0E4B     		ldr	r3, .L49+4
 404 01b4 5A75     		strb	r2, [r3, #21]
 405 01b6 10BD     		pop	{r4, pc}
 406              	.L13:
 106:main.c        ****         case 0b11100010001000: note = Gsharp3; break;
 407              		.loc 1 106 0
ARM GAS  C:\Users\simon\AppData\Local\Temp\ccGyp5ZE.s 			page 10


 408 01b8 1622     		movs	r2, #22
 409 01ba 0C4B     		ldr	r3, .L49+4
 410 01bc 5A75     		strb	r2, [r3, #21]
 411 01be 10BD     		pop	{r4, pc}
 412              	.L27:
 107:main.c        ****         case 0b11000010000000: note = A3; break;
 413              		.loc 1 107 0
 414 01c0 1722     		movs	r2, #23
 415 01c2 0A4B     		ldr	r3, .L49+4
 416 01c4 5A75     		strb	r2, [r3, #21]
 417 01c6 10BD     		pop	{r4, pc}
 418              	.L24:
 108:main.c        ****         case 0b11000011000000: note = Bb3; break;
 419              		.loc 1 108 0
 420 01c8 1822     		movs	r2, #24
 421 01ca 084B     		ldr	r3, .L49+4
 422 01cc 5A75     		strb	r2, [r3, #21]
 423 01ce 10BD     		pop	{r4, pc}
 424              	.L22:
 109:main.c        ****         case 0b10000010000000: note = B3; break;
 425              		.loc 1 109 0
 426 01d0 1922     		movs	r2, #25
 427 01d2 064B     		ldr	r3, .L49+4
 428 01d4 5A75     		strb	r2, [r3, #21]
 429 01d6 10BD     		pop	{r4, pc}
 430              	.L23:
 110:main.c        ****         case 0b01000010000000: note = C4; break;
 431              		.loc 1 110 0
 432 01d8 1A22     		movs	r2, #26
 433 01da 044B     		ldr	r3, .L49+4
 434 01dc 5A75     		strb	r2, [r3, #21]
 435 01de 10BD     		pop	{r4, pc}
 436              	.L20:
 111:main.c        ****         case 0b00000010000000: note = Csharp4; break;
 437              		.loc 1 111 0
 438 01e0 1B22     		movs	r2, #27
 439 01e2 024B     		ldr	r3, .L49+4
 440 01e4 5A75     		strb	r2, [r3, #21]
 441              	.L11:
 442 01e6 10BD     		pop	{r4, pc}
 443              	.L50:
 444              		.align	2
 445              	.L49:
 446 01e8 00000000 		.word	.LANCHOR1
 447 01ec 00000000 		.word	.LANCHOR0
 448              		.cfi_endproc
 449              	.LFE64:
 450              		.size	Button_ISR, .-Button_ISR
 451              		.section	.text.main,"ax",%progbits
 452              		.align	2
 453              		.global	main
 454              		.thumb
 455              		.thumb_func
 456              		.type	main, %function
 457              	main:
 458              	.LFB65:
 112:main.c        ****         default: break;
ARM GAS  C:\Users\simon\AppData\Local\Temp\ccGyp5ZE.s 			page 11


 113:main.c        ****     }  
 114:main.c        **** }
 115:main.c        **** 
 116:main.c        **** int main(void) {
 459              		.loc 1 116 0
 460              		.cfi_startproc
 461              		@ Volatile: function does not return.
 462              		@ args = 0, pretend = 0, frame = 0
 463              		@ frame_needed = 0, uses_anonymous_args = 0
 464 0000 08B5     		push	{r3, lr}
 465              		.cfi_def_cfa_offset 8
 466              		.cfi_offset 3, -8
 467              		.cfi_offset 14, -4
 117:main.c        ****     
 118:main.c        ****     CyGlobalIntEnable; // Enable global interrupts
 468              		.loc 1 118 0
 469              		.syntax unified
 470              	@ 118 "main.c" 1
 471 0002 62B6     		CPSIE   i
 472              	@ 0 "" 2
 119:main.c        ****     Waveform_ISR_StartEx(Waveform_ISR); // Initialize the Waveform ISR
 473              		.loc 1 119 0
 474              		.thumb
 475              		.syntax unified
 476 0004 0648     		ldr	r0, .L54
 477 0006 FFF7FEFF 		bl	Waveform_ISR_StartEx
 478              	.LVL8:
 120:main.c        ****     Button_Switch_StartEx(Button_ISR); // Initialize the Button ISR
 479              		.loc 1 120 0
 480 000a 0648     		ldr	r0, .L54+4
 481 000c FFF7FEFF 		bl	Button_Switch_StartEx
 482              	.LVL9:
 121:main.c        ****     
 122:main.c        ****     // Initialize components
 123:main.c        ****     Waveform_Send_Start(); // Start the Waveform Timer
 483              		.loc 1 123 0
 484 0010 FFF7FEFF 		bl	Waveform_Send_Start
 485              	.LVL10:
 124:main.c        ****     Wave_Out_Start(); // Start the DAC
 486              		.loc 1 124 0
 487 0014 FFF7FEFF 		bl	Wave_Out_Start
 488              	.LVL11:
 125:main.c        ****     DACBuffer_Start(); // Start the OpAmp
 489              		.loc 1 125 0
 490 0018 FFF7FEFF 		bl	DACBuffer_Start
 491              	.LVL12:
 492              	.L52:
 493 001c FEE7     		b	.L52
 494              	.L55:
 495 001e 00BF     		.align	2
 496              	.L54:
 497 0020 00000000 		.word	Waveform_ISR
 498 0024 00000000 		.word	Button_ISR
 499              		.cfi_endproc
 500              	.LFE65:
 501              		.size	main, .-main
 502              		.global	note
ARM GAS  C:\Users\simon\AppData\Local\Temp\ccGyp5ZE.s 			page 12


 503              		.global	key_status
 504              		.global	new_waveform
 505              		.global	new_period
 506              		.global	periods
 507              		.global	waveforms
 508              		.global	waveform_select
 509              		.global	volume
 510              		.global	waveVal
 511              		.global	waveformIndex
 512              		.data
 513              		.align	2
 514              		.set	.LANCHOR0,. + 0
 515              		.type	waveform_select, %object
 516              		.size	waveform_select, 1
 517              	waveform_select:
 518 0000 03       		.byte	3
 519 0001 000000   		.space	3
 520              		.type	waveforms, %object
 521              		.size	waveforms, 16
 522              	waveforms:
 523 0004 00000000 		.word	beginning_waveform
 524 0008 00000000 		.word	repeat_waveform
 525 000c 00000000 		.word	end_waveform
 526 0010 00000000 		.word	default_waveform
 527              		.type	volume, %object
 528              		.size	volume, 1
 529              	volume:
 530 0014 0A       		.byte	10
 531              		.type	note, %object
 532              		.size	note, 1
 533              	note:
 534 0015 0F       		.byte	15
 535 0016 0000     		.space	2
 536              		.type	periods, %object
 537              		.size	periods, 56
 538              	periods:
 539 0018 0F10     		.short	4111
 540 001a 270F     		.short	3879
 541 001c 4E0E     		.short	3662
 542 001e 7F0D     		.short	3455
 543 0020 BE0C     		.short	3262
 544 0022 060C     		.short	3078
 545 0024 5A0B     		.short	2906
 546 0026 B60A     		.short	2742
 547 0028 1D0A     		.short	2589
 548 002a 8C09     		.short	2444
 549 002c 0209     		.short	2306
 550 002e 8108     		.short	2177
 551 0030 0608     		.short	2054
 552 0032 9307     		.short	1939
 553 0034 2607     		.short	1830
 554 0036 C006     		.short	1728
 555 0038 5F06     		.short	1631
 556 003a 0306     		.short	1539
 557 003c AD05     		.short	1453
 558 003e 5B05     		.short	1371
 559 0040 0E05     		.short	1294
ARM GAS  C:\Users\simon\AppData\Local\Temp\ccGyp5ZE.s 			page 13


 560 0042 C604     		.short	1222
 561 0044 8104     		.short	1153
 562 0046 4004     		.short	1088
 563 0048 0304     		.short	1027
 564 004a CA03     		.short	970
 565 004c 9303     		.short	915
 566 004e 6003     		.short	864
 567              		.type	new_period, %object
 568              		.size	new_period, 2
 569              	new_period:
 570 0050 0E10     		.short	4110
 571              		.bss
 572              		.align	2
 573              		.set	.LANCHOR1,. + 0
 574              		.type	waveformIndex, %object
 575              		.size	waveformIndex, 4
 576              	waveformIndex:
 577 0000 00000000 		.space	4
 578              		.type	waveVal, %object
 579              		.size	waveVal, 2
 580              	waveVal:
 581 0004 0000     		.space	2
 582              		.type	new_waveform, %object
 583              		.size	new_waveform, 1
 584              	new_waveform:
 585 0006 00       		.space	1
 586 0007 00       		.space	1
 587              		.type	key_status, %object
 588              		.size	key_status, 2
 589              	key_status:
 590 0008 0000     		.space	2
 591              		.text
 592              	.Letext0:
 593              		.file 2 "c:\\program files (x86)\\cypress\\psoc creator\\4.4\\psoc creator\\import\\gnu\\arm\\5.4.
 594              		.file 3 "c:\\program files (x86)\\cypress\\psoc creator\\4.4\\psoc creator\\import\\gnu\\arm\\5.4.
 595              		.file 4 "Generated_Source\\PSoC5/cytypes.h"
 596              		.file 5 "waveforms.h"
 597              		.file 6 "Generated_Source\\PSoC5/core_cm3.h"
 598              		.file 7 "Generated_Source\\PSoC5/Fs.h"
 599              		.file 8 "Generated_Source\\PSoC5/Wave_Out.h"
 600              		.file 9 "Generated_Source\\PSoC5/Waveform_Send.h"
 601              		.file 10 "Generated_Source\\PSoC5/KeyNote_High.h"
 602              		.file 11 "Generated_Source\\PSoC5/KeyNote_Low.h"
 603              		.file 12 "Generated_Source\\PSoC5/Waveform_ISR.h"
 604              		.file 13 "Generated_Source\\PSoC5/Button_Switch.h"
 605              		.file 14 "Generated_Source\\PSoC5/DACBuffer.h"
 606              		.section	.debug_info,"",%progbits
 607              	.Ldebug_info0:
 608 0000 C1040000 		.4byte	0x4c1
 609 0004 0400     		.2byte	0x4
 610 0006 00000000 		.4byte	.Ldebug_abbrev0
 611 000a 04       		.byte	0x4
 612 000b 01       		.uleb128 0x1
 613 000c 61030000 		.4byte	.LASF69
 614 0010 0C       		.byte	0xc
 615 0011 44020000 		.4byte	.LASF70
 616 0015 B3020000 		.4byte	.LASF71
ARM GAS  C:\Users\simon\AppData\Local\Temp\ccGyp5ZE.s 			page 14


 617 0019 00000000 		.4byte	.Ldebug_ranges0+0
 618 001d 00000000 		.4byte	0
 619 0021 00000000 		.4byte	.Ldebug_line0
 620 0025 02       		.uleb128 0x2
 621 0026 01       		.byte	0x1
 622 0027 06       		.byte	0x6
 623 0028 4F010000 		.4byte	.LASF0
 624 002c 03       		.uleb128 0x3
 625 002d 0F010000 		.4byte	.LASF3
 626 0031 02       		.byte	0x2
 627 0032 1D       		.byte	0x1d
 628 0033 37000000 		.4byte	0x37
 629 0037 02       		.uleb128 0x2
 630 0038 01       		.byte	0x1
 631 0039 08       		.byte	0x8
 632 003a 41010000 		.4byte	.LASF1
 633 003e 02       		.uleb128 0x2
 634 003f 02       		.byte	0x2
 635 0040 05       		.byte	0x5
 636 0041 36000000 		.4byte	.LASF2
 637 0045 03       		.uleb128 0x3
 638 0046 7C000000 		.4byte	.LASF4
 639 004a 02       		.byte	0x2
 640 004b 2B       		.byte	0x2b
 641 004c 50000000 		.4byte	0x50
 642 0050 02       		.uleb128 0x2
 643 0051 02       		.byte	0x2
 644 0052 07       		.byte	0x7
 645 0053 0B020000 		.4byte	.LASF5
 646 0057 03       		.uleb128 0x3
 647 0058 9B020000 		.4byte	.LASF6
 648 005c 02       		.byte	0x2
 649 005d 3F       		.byte	0x3f
 650 005e 62000000 		.4byte	0x62
 651 0062 02       		.uleb128 0x2
 652 0063 04       		.byte	0x4
 653 0064 05       		.byte	0x5
 654 0065 EB000000 		.4byte	.LASF7
 655 0069 03       		.uleb128 0x3
 656 006a 71000000 		.4byte	.LASF8
 657 006e 02       		.byte	0x2
 658 006f 41       		.byte	0x41
 659 0070 74000000 		.4byte	0x74
 660 0074 02       		.uleb128 0x2
 661 0075 04       		.byte	0x4
 662 0076 07       		.byte	0x7
 663 0077 4B020000 		.4byte	.LASF9
 664 007b 02       		.uleb128 0x2
 665 007c 08       		.byte	0x8
 666 007d 05       		.byte	0x5
 667 007e D7000000 		.4byte	.LASF10
 668 0082 02       		.uleb128 0x2
 669 0083 08       		.byte	0x8
 670 0084 07       		.byte	0x7
 671 0085 5B010000 		.4byte	.LASF11
 672 0089 04       		.uleb128 0x4
 673 008a 04       		.byte	0x4
ARM GAS  C:\Users\simon\AppData\Local\Temp\ccGyp5ZE.s 			page 15


 674 008b 05       		.byte	0x5
 675 008c 696E7400 		.ascii	"int\000"
 676 0090 02       		.uleb128 0x2
 677 0091 04       		.byte	0x4
 678 0092 07       		.byte	0x7
 679 0093 95010000 		.4byte	.LASF12
 680 0097 03       		.uleb128 0x3
 681 0098 A9000000 		.4byte	.LASF13
 682 009c 03       		.byte	0x3
 683 009d 18       		.byte	0x18
 684 009e 2C000000 		.4byte	0x2c
 685 00a2 03       		.uleb128 0x3
 686 00a3 AA010000 		.4byte	.LASF14
 687 00a7 03       		.byte	0x3
 688 00a8 24       		.byte	0x24
 689 00a9 45000000 		.4byte	0x45
 690 00ad 03       		.uleb128 0x3
 691 00ae 23020000 		.4byte	.LASF15
 692 00b2 03       		.byte	0x3
 693 00b3 2C       		.byte	0x2c
 694 00b4 57000000 		.4byte	0x57
 695 00b8 03       		.uleb128 0x3
 696 00b9 72010000 		.4byte	.LASF16
 697 00bd 03       		.byte	0x3
 698 00be 30       		.byte	0x30
 699 00bf 69000000 		.4byte	0x69
 700 00c3 05       		.uleb128 0x5
 701 00c4 A2000000 		.4byte	.LASF17
 702 00c8 04       		.byte	0x4
 703 00c9 EA01     		.2byte	0x1ea
 704 00cb 50000000 		.4byte	0x50
 705 00cf 02       		.uleb128 0x2
 706 00d0 04       		.byte	0x4
 707 00d1 04       		.byte	0x4
 708 00d2 D1000000 		.4byte	.LASF18
 709 00d6 02       		.uleb128 0x2
 710 00d7 08       		.byte	0x8
 711 00d8 04       		.byte	0x4
 712 00d9 4D030000 		.4byte	.LASF19
 713 00dd 02       		.uleb128 0x2
 714 00de 01       		.byte	0x1
 715 00df 08       		.byte	0x8
 716 00e0 1E020000 		.4byte	.LASF20
 717 00e4 02       		.uleb128 0x2
 718 00e5 08       		.byte	0x8
 719 00e6 04       		.byte	0x4
 720 00e7 35010000 		.4byte	.LASF21
 721 00eb 02       		.uleb128 0x2
 722 00ec 04       		.byte	0x4
 723 00ed 07       		.byte	0x7
 724 00ee 40000000 		.4byte	.LASF22
 725 00f2 06       		.uleb128 0x6
 726 00f3 B8000000 		.4byte	0xb8
 727 00f7 06       		.uleb128 0x6
 728 00f8 97000000 		.4byte	0x97
 729 00fc 06       		.uleb128 0x6
 730 00fd A2000000 		.4byte	0xa2
ARM GAS  C:\Users\simon\AppData\Local\Temp\ccGyp5ZE.s 			page 16


 731 0101 07       		.uleb128 0x7
 732 0102 5D020000 		.4byte	.LASF26
 733 0106 01       		.byte	0x1
 734 0107 37000000 		.4byte	0x37
 735 010b 05       		.byte	0x5
 736 010c 1A       		.byte	0x1a
 737 010d 2A010000 		.4byte	0x12a
 738 0111 08       		.uleb128 0x8
 739 0112 B3010000 		.4byte	.LASF23
 740 0116 00       		.byte	0
 741 0117 08       		.uleb128 0x8
 742 0118 F4000000 		.4byte	.LASF24
 743 011c 01       		.byte	0x1
 744 011d 09       		.uleb128 0x9
 745 011e 456E6400 		.ascii	"End\000"
 746 0122 02       		.byte	0x2
 747 0123 08       		.uleb128 0x8
 748 0124 FB000000 		.4byte	.LASF25
 749 0128 03       		.byte	0x3
 750 0129 00       		.byte	0
 751 012a 07       		.uleb128 0x7
 752 012b E6010000 		.4byte	.LASF27
 753 012f 01       		.byte	0x1
 754 0130 37000000 		.4byte	0x37
 755 0134 01       		.byte	0x1
 756 0135 16       		.byte	0x16
 757 0136 47010000 		.4byte	0x147
 758 013a 08       		.uleb128 0x8
 759 013b E5000000 		.4byte	.LASF28
 760 013f 00       		.byte	0
 761 0140 08       		.uleb128 0x8
 762 0141 39030000 		.4byte	.LASF29
 763 0145 01       		.byte	0x1
 764 0146 00       		.byte	0
 765 0147 07       		.uleb128 0x7
 766 0148 28010000 		.4byte	.LASF30
 767 014c 01       		.byte	0x1
 768 014d 37000000 		.4byte	0x37
 769 0151 01       		.byte	0x1
 770 0152 1D       		.byte	0x1d
 771 0153 F0010000 		.4byte	0x1f0
 772 0157 09       		.uleb128 0x9
 773 0158 42623100 		.ascii	"Bb1\000"
 774 015c 00       		.byte	0
 775 015d 09       		.uleb128 0x9
 776 015e 423100   		.ascii	"B1\000"
 777 0161 01       		.byte	0x1
 778 0162 09       		.uleb128 0x9
 779 0163 433200   		.ascii	"C2\000"
 780 0166 02       		.byte	0x2
 781 0167 08       		.uleb128 0x8
 782 0168 F3010000 		.4byte	.LASF31
 783 016c 03       		.byte	0x3
 784 016d 09       		.uleb128 0x9
 785 016e 443200   		.ascii	"D2\000"
 786 0171 04       		.byte	0x4
 787 0172 08       		.uleb128 0x8
ARM GAS  C:\Users\simon\AppData\Local\Temp\ccGyp5ZE.s 			page 17


 788 0173 51000000 		.4byte	.LASF32
 789 0177 05       		.byte	0x5
 790 0178 09       		.uleb128 0x9
 791 0179 453200   		.ascii	"E2\000"
 792 017c 06       		.byte	0x6
 793 017d 09       		.uleb128 0x9
 794 017e 463200   		.ascii	"F2\000"
 795 0181 07       		.byte	0x7
 796 0182 08       		.uleb128 0x8
 797 0183 9A000000 		.4byte	.LASF33
 798 0187 08       		.byte	0x8
 799 0188 09       		.uleb128 0x9
 800 0189 473200   		.ascii	"G2\000"
 801 018c 09       		.byte	0x9
 802 018d 08       		.uleb128 0x8
 803 018e 2D010000 		.4byte	.LASF34
 804 0192 0A       		.byte	0xa
 805 0193 09       		.uleb128 0x9
 806 0194 413200   		.ascii	"A2\000"
 807 0197 0B       		.byte	0xb
 808 0198 09       		.uleb128 0x9
 809 0199 42623200 		.ascii	"Bb2\000"
 810 019d 0C       		.byte	0xc
 811 019e 09       		.uleb128 0x9
 812 019f 423200   		.ascii	"B2\000"
 813 01a2 0D       		.byte	0xd
 814 01a3 09       		.uleb128 0x9
 815 01a4 433300   		.ascii	"C3\000"
 816 01a7 0E       		.byte	0xe
 817 01a8 08       		.uleb128 0x8
 818 01a9 FB010000 		.4byte	.LASF35
 819 01ad 0F       		.byte	0xf
 820 01ae 09       		.uleb128 0x9
 821 01af 443300   		.ascii	"D3\000"
 822 01b2 10       		.byte	0x10
 823 01b3 08       		.uleb128 0x8
 824 01b4 59000000 		.4byte	.LASF36
 825 01b8 11       		.byte	0x11
 826 01b9 09       		.uleb128 0x9
 827 01ba 453300   		.ascii	"E3\000"
 828 01bd 12       		.byte	0x12
 829 01be 09       		.uleb128 0x9
 830 01bf 463300   		.ascii	"F3\000"
 831 01c2 13       		.byte	0x13
 832 01c3 08       		.uleb128 0x8
 833 01c4 49000000 		.4byte	.LASF37
 834 01c8 14       		.byte	0x14
 835 01c9 09       		.uleb128 0x9
 836 01ca 473300   		.ascii	"G3\000"
 837 01cd 15       		.byte	0x15
 838 01ce 08       		.uleb128 0x8
 839 01cf BC000000 		.4byte	.LASF38
 840 01d3 16       		.byte	0x16
 841 01d4 09       		.uleb128 0x9
 842 01d5 413300   		.ascii	"A3\000"
 843 01d8 17       		.byte	0x17
 844 01d9 09       		.uleb128 0x9
ARM GAS  C:\Users\simon\AppData\Local\Temp\ccGyp5ZE.s 			page 18


 845 01da 42623300 		.ascii	"Bb3\000"
 846 01de 18       		.byte	0x18
 847 01df 09       		.uleb128 0x9
 848 01e0 423300   		.ascii	"B3\000"
 849 01e3 19       		.byte	0x19
 850 01e4 09       		.uleb128 0x9
 851 01e5 433400   		.ascii	"C4\000"
 852 01e8 1A       		.byte	0x1a
 853 01e9 08       		.uleb128 0x8
 854 01ea 03020000 		.4byte	.LASF39
 855 01ee 1B       		.byte	0x1b
 856 01ef 00       		.byte	0
 857 01f0 0A       		.uleb128 0xa
 858 01f1 C4000000 		.4byte	.LASF40
 859 01f5 01       		.byte	0x1
 860 01f6 26       		.byte	0x26
 861 01f7 00000000 		.4byte	.LFB63
 862 01fb C4000000 		.4byte	.LFE63-.LFB63
 863 01ff 01       		.uleb128 0x1
 864 0200 9C       		.byte	0x9c
 865 0201 3C020000 		.4byte	0x23c
 866 0205 0B       		.uleb128 0xb
 867 0206 06000000 		.4byte	.LVL0
 868 020a 40040000 		.4byte	0x440
 869 020e 0B       		.uleb128 0xb
 870 020f 0E000000 		.4byte	.LVL1
 871 0213 4B040000 		.4byte	0x44b
 872 0217 0B       		.uleb128 0xb
 873 0218 36000000 		.4byte	.LVL2
 874 021c 56040000 		.4byte	0x456
 875 0220 0B       		.uleb128 0xb
 876 0221 90000000 		.4byte	.LVL3
 877 0225 61040000 		.4byte	0x461
 878 0229 0B       		.uleb128 0xb
 879 022a B2000000 		.4byte	.LVL4
 880 022e 61040000 		.4byte	0x461
 881 0232 0B       		.uleb128 0xb
 882 0233 B6000000 		.4byte	.LVL5
 883 0237 6C040000 		.4byte	0x46c
 884 023b 00       		.byte	0
 885 023c 0A       		.uleb128 0xa
 886 023d 8F000000 		.4byte	.LASF41
 887 0241 01       		.byte	0x1
 888 0242 4D       		.byte	0x4d
 889 0243 00000000 		.4byte	.LFB64
 890 0247 F0010000 		.4byte	.LFE64-.LFB64
 891 024b 01       		.uleb128 0x1
 892 024c 9C       		.byte	0x9c
 893 024d 64020000 		.4byte	0x264
 894 0251 0B       		.uleb128 0xb
 895 0252 06000000 		.4byte	.LVL6
 896 0256 77040000 		.4byte	0x477
 897 025a 0B       		.uleb128 0xb
 898 025b 0C000000 		.4byte	.LVL7
 899 025f 82040000 		.4byte	0x482
 900 0263 00       		.byte	0
 901 0264 0C       		.uleb128 0xc
ARM GAS  C:\Users\simon\AppData\Local\Temp\ccGyp5ZE.s 			page 19


 902 0265 6C000000 		.4byte	.LASF72
 903 0269 01       		.byte	0x1
 904 026a 74       		.byte	0x74
 905 026b 89000000 		.4byte	0x89
 906 026f 00000000 		.4byte	.LFB65
 907 0273 28000000 		.4byte	.LFE65-.LFB65
 908 0277 01       		.uleb128 0x1
 909 0278 9C       		.byte	0x9c
 910 0279 C7020000 		.4byte	0x2c7
 911 027d 0D       		.uleb128 0xd
 912 027e 0A000000 		.4byte	.LVL8
 913 0282 8D040000 		.4byte	0x48d
 914 0286 94020000 		.4byte	0x294
 915 028a 0E       		.uleb128 0xe
 916 028b 01       		.uleb128 0x1
 917 028c 50       		.byte	0x50
 918 028d 05       		.uleb128 0x5
 919 028e 03       		.byte	0x3
 920 028f 00000000 		.4byte	Waveform_ISR
 921 0293 00       		.byte	0
 922 0294 0D       		.uleb128 0xd
 923 0295 10000000 		.4byte	.LVL9
 924 0299 98040000 		.4byte	0x498
 925 029d AB020000 		.4byte	0x2ab
 926 02a1 0E       		.uleb128 0xe
 927 02a2 01       		.uleb128 0x1
 928 02a3 50       		.byte	0x50
 929 02a4 05       		.uleb128 0x5
 930 02a5 03       		.byte	0x3
 931 02a6 00000000 		.4byte	Button_ISR
 932 02aa 00       		.byte	0
 933 02ab 0B       		.uleb128 0xb
 934 02ac 14000000 		.4byte	.LVL10
 935 02b0 A3040000 		.4byte	0x4a3
 936 02b4 0B       		.uleb128 0xb
 937 02b5 18000000 		.4byte	.LVL11
 938 02b9 AE040000 		.4byte	0x4ae
 939 02bd 0B       		.uleb128 0xb
 940 02be 1C000000 		.4byte	.LVL12
 941 02c2 B9040000 		.4byte	0x4b9
 942 02c6 00       		.byte	0
 943 02c7 0F       		.uleb128 0xf
 944 02c8 54030000 		.4byte	.LASF42
 945 02cc 06       		.byte	0x6
 946 02cd 1207     		.2byte	0x712
 947 02cf D3020000 		.4byte	0x2d3
 948 02d3 06       		.uleb128 0x6
 949 02d4 AD000000 		.4byte	0xad
 950 02d8 10       		.uleb128 0x10
 951 02d9 B8000000 		.4byte	0xb8
 952 02dd E8020000 		.4byte	0x2e8
 953 02e1 11       		.uleb128 0x11
 954 02e2 EB000000 		.4byte	0xeb
 955 02e6 03       		.byte	0x3
 956 02e7 00       		.byte	0
 957 02e8 12       		.uleb128 0x12
 958 02e9 3E030000 		.4byte	.LASF43
ARM GAS  C:\Users\simon\AppData\Local\Temp\ccGyp5ZE.s 			page 20


 959 02ed 05       		.byte	0x5
 960 02ee 15       		.byte	0x15
 961 02ef D8020000 		.4byte	0x2d8
 962 02f3 10       		.uleb128 0x10
 963 02f4 A2000000 		.4byte	0xa2
 964 02f8 04030000 		.4byte	0x304
 965 02fc 13       		.uleb128 0x13
 966 02fd EB000000 		.4byte	0xeb
 967 0301 0B09     		.2byte	0x90b
 968 0303 00       		.byte	0
 969 0304 12       		.uleb128 0x12
 970 0305 23000000 		.4byte	.LASF44
 971 0309 05       		.byte	0x5
 972 030a 16       		.byte	0x16
 973 030b F3020000 		.4byte	0x2f3
 974 030f 10       		.uleb128 0x10
 975 0310 A2000000 		.4byte	0xa2
 976 0314 1F030000 		.4byte	0x31f
 977 0318 11       		.uleb128 0x11
 978 0319 EB000000 		.4byte	0xeb
 979 031d 37       		.byte	0x37
 980 031e 00       		.byte	0
 981 031f 12       		.uleb128 0x12
 982 0320 2B020000 		.4byte	.LASF45
 983 0324 05       		.byte	0x5
 984 0325 17       		.byte	0x17
 985 0326 0F030000 		.4byte	0x30f
 986 032a 10       		.uleb128 0x10
 987 032b A2000000 		.4byte	0xa2
 988 032f 3B030000 		.4byte	0x33b
 989 0333 13       		.uleb128 0x13
 990 0334 EB000000 		.4byte	0xeb
 991 0338 8316     		.2byte	0x1683
 992 033a 00       		.byte	0
 993 033b 12       		.uleb128 0x12
 994 033c 66020000 		.4byte	.LASF46
 995 0340 05       		.byte	0x5
 996 0341 18       		.byte	0x18
 997 0342 2A030000 		.4byte	0x32a
 998 0346 10       		.uleb128 0x10
 999 0347 A2000000 		.4byte	0xa2
 1000 034b 56030000 		.4byte	0x356
 1001 034f 11       		.uleb128 0x11
 1002 0350 EB000000 		.4byte	0xeb
 1003 0354 00       		.byte	0
 1004 0355 00       		.byte	0
 1005 0356 12       		.uleb128 0x12
 1006 0357 12000000 		.4byte	.LASF47
 1007 035b 05       		.byte	0x5
 1008 035c 19       		.byte	0x19
 1009 035d 46030000 		.4byte	0x346
 1010 0361 14       		.uleb128 0x14
 1011 0362 A5020000 		.4byte	.LASF48
 1012 0366 01       		.byte	0x1
 1013 0367 0F       		.byte	0xf
 1014 0368 F2000000 		.4byte	0xf2
 1015 036c 05       		.uleb128 0x5
ARM GAS  C:\Users\simon\AppData\Local\Temp\ccGyp5ZE.s 			page 21


 1016 036d 03       		.byte	0x3
 1017 036e 00000000 		.4byte	waveformIndex
 1018 0372 14       		.uleb128 0x14
 1019 0373 87000000 		.4byte	.LASF49
 1020 0377 01       		.byte	0x1
 1021 0378 10       		.byte	0x10
 1022 0379 FC000000 		.4byte	0xfc
 1023 037d 05       		.uleb128 0x5
 1024 037e 03       		.byte	0x3
 1025 037f 00000000 		.4byte	waveVal
 1026 0383 14       		.uleb128 0x14
 1027 0384 03010000 		.4byte	.LASF50
 1028 0388 01       		.byte	0x1
 1029 0389 11       		.byte	0x11
 1030 038a F7000000 		.4byte	0xf7
 1031 038e 05       		.uleb128 0x5
 1032 038f 03       		.byte	0x3
 1033 0390 00000000 		.4byte	volume
 1034 0394 14       		.uleb128 0x14
 1035 0395 CE010000 		.4byte	.LASF51
 1036 0399 01       		.byte	0x1
 1037 039a 12       		.byte	0x12
 1038 039b A5030000 		.4byte	0x3a5
 1039 039f 05       		.uleb128 0x5
 1040 03a0 03       		.byte	0x3
 1041 03a1 00000000 		.4byte	waveform_select
 1042 03a5 06       		.uleb128 0x6
 1043 03a6 01010000 		.4byte	0x101
 1044 03aa 10       		.uleb128 0x10
 1045 03ab BA030000 		.4byte	0x3ba
 1046 03af BA030000 		.4byte	0x3ba
 1047 03b3 11       		.uleb128 0x11
 1048 03b4 EB000000 		.4byte	0xeb
 1049 03b8 03       		.byte	0x3
 1050 03b9 00       		.byte	0
 1051 03ba 15       		.uleb128 0x15
 1052 03bb 04       		.byte	0x4
 1053 03bc A2000000 		.4byte	0xa2
 1054 03c0 14       		.uleb128 0x14
 1055 03c1 10040000 		.4byte	.LASF52
 1056 03c5 01       		.byte	0x1
 1057 03c6 13       		.byte	0x13
 1058 03c7 AA030000 		.4byte	0x3aa
 1059 03cb 05       		.uleb128 0x5
 1060 03cc 03       		.byte	0x3
 1061 03cd 00000000 		.4byte	waveforms
 1062 03d1 10       		.uleb128 0x10
 1063 03d2 C3000000 		.4byte	0xc3
 1064 03d6 E1030000 		.4byte	0x3e1
 1065 03da 11       		.uleb128 0x11
 1066 03db EB000000 		.4byte	0xeb
 1067 03df 1B       		.byte	0x1b
 1068 03e0 00       		.byte	0
 1069 03e1 14       		.uleb128 0x14
 1070 03e2 DE010000 		.4byte	.LASF53
 1071 03e6 01       		.byte	0x1
 1072 03e7 14       		.byte	0x14
ARM GAS  C:\Users\simon\AppData\Local\Temp\ccGyp5ZE.s 			page 22


 1073 03e8 D1030000 		.4byte	0x3d1
 1074 03ec 05       		.uleb128 0x5
 1075 03ed 03       		.byte	0x3
 1076 03ee 00000000 		.4byte	periods
 1077 03f2 14       		.uleb128 0x14
 1078 03f3 61000000 		.4byte	.LASF54
 1079 03f7 01       		.byte	0x1
 1080 03f8 15       		.byte	0x15
 1081 03f9 C3000000 		.4byte	0xc3
 1082 03fd 05       		.uleb128 0x5
 1083 03fe 03       		.byte	0x3
 1084 03ff 00000000 		.4byte	new_period
 1085 0403 14       		.uleb128 0x14
 1086 0404 E6010000 		.4byte	.LASF27
 1087 0408 01       		.byte	0x1
 1088 0409 1A       		.byte	0x1a
 1089 040a 14040000 		.4byte	0x414
 1090 040e 05       		.uleb128 0x5
 1091 040f 03       		.byte	0x3
 1092 0410 00000000 		.4byte	new_waveform
 1093 0414 06       		.uleb128 0x6
 1094 0415 2A010000 		.4byte	0x12a
 1095 0419 14       		.uleb128 0x14
 1096 041a B1000000 		.4byte	.LASF55
 1097 041e 01       		.byte	0x1
 1098 041f 1B       		.byte	0x1b
 1099 0420 FC000000 		.4byte	0xfc
 1100 0424 05       		.uleb128 0x5
 1101 0425 03       		.byte	0x3
 1102 0426 00000000 		.4byte	key_status
 1103 042a 14       		.uleb128 0x14
 1104 042b 0A010000 		.4byte	.LASF56
 1105 042f 01       		.byte	0x1
 1106 0430 23       		.byte	0x23
 1107 0431 3B040000 		.4byte	0x43b
 1108 0435 05       		.uleb128 0x5
 1109 0436 03       		.byte	0x3
 1110 0437 00000000 		.4byte	note
 1111 043b 06       		.uleb128 0x6
 1112 043c 47010000 		.4byte	0x147
 1113 0440 16       		.uleb128 0x16
 1114 0441 A2010000 		.4byte	.LASF57
 1115 0445 A2010000 		.4byte	.LASF57
 1116 0449 07       		.byte	0x7
 1117 044a 29       		.byte	0x29
 1118 044b 16       		.uleb128 0x16
 1119 044c 3B020000 		.4byte	.LASF58
 1120 0450 3B020000 		.4byte	.LASF58
 1121 0454 07       		.byte	0x7
 1122 0455 26       		.byte	0x26
 1123 0456 16       		.uleb128 0x16
 1124 0457 73020000 		.4byte	.LASF59
 1125 045b 73020000 		.4byte	.LASF59
 1126 045f 08       		.byte	0x8
 1127 0460 4A       		.byte	0x4a
 1128 0461 16       		.uleb128 0x16
 1129 0462 7B010000 		.4byte	.LASF60
ARM GAS  C:\Users\simon\AppData\Local\Temp\ccGyp5ZE.s 			page 23


 1130 0466 7B010000 		.4byte	.LASF60
 1131 046a 09       		.byte	0x9
 1132 046b 68       		.byte	0x68
 1133 046c 16       		.uleb128 0x16
 1134 046d EF030000 		.4byte	.LASF61
 1135 0471 EF030000 		.4byte	.LASF61
 1136 0475 09       		.byte	0x9
 1137 0476 5E       		.byte	0x5e
 1138 0477 16       		.uleb128 0x16
 1139 0478 00000000 		.4byte	.LASF62
 1140 047c 00000000 		.4byte	.LASF62
 1141 0480 0A       		.byte	0xa
 1142 0481 30       		.byte	0x30
 1143 0482 16       		.uleb128 0x16
 1144 0483 BD010000 		.4byte	.LASF63
 1145 0487 BD010000 		.4byte	.LASF63
 1146 048b 0B       		.byte	0xb
 1147 048c 30       		.byte	0x30
 1148 048d 16       		.uleb128 0x16
 1149 048e 24030000 		.4byte	.LASF64
 1150 0492 24030000 		.4byte	.LASF64
 1151 0496 0C       		.byte	0xc
 1152 0497 18       		.byte	0x18
 1153 0498 16       		.uleb128 0x16
 1154 0499 85020000 		.4byte	.LASF65
 1155 049d 85020000 		.4byte	.LASF65
 1156 04a1 0D       		.byte	0xd
 1157 04a2 18       		.byte	0x18
 1158 04a3 16       		.uleb128 0x16
 1159 04a4 00030000 		.4byte	.LASF66
 1160 04a8 00030000 		.4byte	.LASF66
 1161 04ac 09       		.byte	0x9
 1162 04ad 5A       		.byte	0x5a
 1163 04ae 16       		.uleb128 0x16
 1164 04af 19010000 		.4byte	.LASF67
 1165 04b3 19010000 		.4byte	.LASF67
 1166 04b7 08       		.byte	0x8
 1167 04b8 48       		.byte	0x48
 1168 04b9 16       		.uleb128 0x16
 1169 04ba 14030000 		.4byte	.LASF68
 1170 04be 14030000 		.4byte	.LASF68
 1171 04c2 0E       		.byte	0xe
 1172 04c3 33       		.byte	0x33
 1173 04c4 00       		.byte	0
 1174              		.section	.debug_abbrev,"",%progbits
 1175              	.Ldebug_abbrev0:
 1176 0000 01       		.uleb128 0x1
 1177 0001 11       		.uleb128 0x11
 1178 0002 01       		.byte	0x1
 1179 0003 25       		.uleb128 0x25
 1180 0004 0E       		.uleb128 0xe
 1181 0005 13       		.uleb128 0x13
 1182 0006 0B       		.uleb128 0xb
 1183 0007 03       		.uleb128 0x3
 1184 0008 0E       		.uleb128 0xe
 1185 0009 1B       		.uleb128 0x1b
 1186 000a 0E       		.uleb128 0xe
ARM GAS  C:\Users\simon\AppData\Local\Temp\ccGyp5ZE.s 			page 24


 1187 000b 55       		.uleb128 0x55
 1188 000c 17       		.uleb128 0x17
 1189 000d 11       		.uleb128 0x11
 1190 000e 01       		.uleb128 0x1
 1191 000f 10       		.uleb128 0x10
 1192 0010 17       		.uleb128 0x17
 1193 0011 00       		.byte	0
 1194 0012 00       		.byte	0
 1195 0013 02       		.uleb128 0x2
 1196 0014 24       		.uleb128 0x24
 1197 0015 00       		.byte	0
 1198 0016 0B       		.uleb128 0xb
 1199 0017 0B       		.uleb128 0xb
 1200 0018 3E       		.uleb128 0x3e
 1201 0019 0B       		.uleb128 0xb
 1202 001a 03       		.uleb128 0x3
 1203 001b 0E       		.uleb128 0xe
 1204 001c 00       		.byte	0
 1205 001d 00       		.byte	0
 1206 001e 03       		.uleb128 0x3
 1207 001f 16       		.uleb128 0x16
 1208 0020 00       		.byte	0
 1209 0021 03       		.uleb128 0x3
 1210 0022 0E       		.uleb128 0xe
 1211 0023 3A       		.uleb128 0x3a
 1212 0024 0B       		.uleb128 0xb
 1213 0025 3B       		.uleb128 0x3b
 1214 0026 0B       		.uleb128 0xb
 1215 0027 49       		.uleb128 0x49
 1216 0028 13       		.uleb128 0x13
 1217 0029 00       		.byte	0
 1218 002a 00       		.byte	0
 1219 002b 04       		.uleb128 0x4
 1220 002c 24       		.uleb128 0x24
 1221 002d 00       		.byte	0
 1222 002e 0B       		.uleb128 0xb
 1223 002f 0B       		.uleb128 0xb
 1224 0030 3E       		.uleb128 0x3e
 1225 0031 0B       		.uleb128 0xb
 1226 0032 03       		.uleb128 0x3
 1227 0033 08       		.uleb128 0x8
 1228 0034 00       		.byte	0
 1229 0035 00       		.byte	0
 1230 0036 05       		.uleb128 0x5
 1231 0037 16       		.uleb128 0x16
 1232 0038 00       		.byte	0
 1233 0039 03       		.uleb128 0x3
 1234 003a 0E       		.uleb128 0xe
 1235 003b 3A       		.uleb128 0x3a
 1236 003c 0B       		.uleb128 0xb
 1237 003d 3B       		.uleb128 0x3b
 1238 003e 05       		.uleb128 0x5
 1239 003f 49       		.uleb128 0x49
 1240 0040 13       		.uleb128 0x13
 1241 0041 00       		.byte	0
 1242 0042 00       		.byte	0
 1243 0043 06       		.uleb128 0x6
ARM GAS  C:\Users\simon\AppData\Local\Temp\ccGyp5ZE.s 			page 25


 1244 0044 35       		.uleb128 0x35
 1245 0045 00       		.byte	0
 1246 0046 49       		.uleb128 0x49
 1247 0047 13       		.uleb128 0x13
 1248 0048 00       		.byte	0
 1249 0049 00       		.byte	0
 1250 004a 07       		.uleb128 0x7
 1251 004b 04       		.uleb128 0x4
 1252 004c 01       		.byte	0x1
 1253 004d 03       		.uleb128 0x3
 1254 004e 0E       		.uleb128 0xe
 1255 004f 0B       		.uleb128 0xb
 1256 0050 0B       		.uleb128 0xb
 1257 0051 49       		.uleb128 0x49
 1258 0052 13       		.uleb128 0x13
 1259 0053 3A       		.uleb128 0x3a
 1260 0054 0B       		.uleb128 0xb
 1261 0055 3B       		.uleb128 0x3b
 1262 0056 0B       		.uleb128 0xb
 1263 0057 01       		.uleb128 0x1
 1264 0058 13       		.uleb128 0x13
 1265 0059 00       		.byte	0
 1266 005a 00       		.byte	0
 1267 005b 08       		.uleb128 0x8
 1268 005c 28       		.uleb128 0x28
 1269 005d 00       		.byte	0
 1270 005e 03       		.uleb128 0x3
 1271 005f 0E       		.uleb128 0xe
 1272 0060 1C       		.uleb128 0x1c
 1273 0061 0B       		.uleb128 0xb
 1274 0062 00       		.byte	0
 1275 0063 00       		.byte	0
 1276 0064 09       		.uleb128 0x9
 1277 0065 28       		.uleb128 0x28
 1278 0066 00       		.byte	0
 1279 0067 03       		.uleb128 0x3
 1280 0068 08       		.uleb128 0x8
 1281 0069 1C       		.uleb128 0x1c
 1282 006a 0B       		.uleb128 0xb
 1283 006b 00       		.byte	0
 1284 006c 00       		.byte	0
 1285 006d 0A       		.uleb128 0xa
 1286 006e 2E       		.uleb128 0x2e
 1287 006f 01       		.byte	0x1
 1288 0070 3F       		.uleb128 0x3f
 1289 0071 19       		.uleb128 0x19
 1290 0072 03       		.uleb128 0x3
 1291 0073 0E       		.uleb128 0xe
 1292 0074 3A       		.uleb128 0x3a
 1293 0075 0B       		.uleb128 0xb
 1294 0076 3B       		.uleb128 0x3b
 1295 0077 0B       		.uleb128 0xb
 1296 0078 27       		.uleb128 0x27
 1297 0079 19       		.uleb128 0x19
 1298 007a 11       		.uleb128 0x11
 1299 007b 01       		.uleb128 0x1
 1300 007c 12       		.uleb128 0x12
ARM GAS  C:\Users\simon\AppData\Local\Temp\ccGyp5ZE.s 			page 26


 1301 007d 06       		.uleb128 0x6
 1302 007e 40       		.uleb128 0x40
 1303 007f 18       		.uleb128 0x18
 1304 0080 9742     		.uleb128 0x2117
 1305 0082 19       		.uleb128 0x19
 1306 0083 01       		.uleb128 0x1
 1307 0084 13       		.uleb128 0x13
 1308 0085 00       		.byte	0
 1309 0086 00       		.byte	0
 1310 0087 0B       		.uleb128 0xb
 1311 0088 898201   		.uleb128 0x4109
 1312 008b 00       		.byte	0
 1313 008c 11       		.uleb128 0x11
 1314 008d 01       		.uleb128 0x1
 1315 008e 31       		.uleb128 0x31
 1316 008f 13       		.uleb128 0x13
 1317 0090 00       		.byte	0
 1318 0091 00       		.byte	0
 1319 0092 0C       		.uleb128 0xc
 1320 0093 2E       		.uleb128 0x2e
 1321 0094 01       		.byte	0x1
 1322 0095 3F       		.uleb128 0x3f
 1323 0096 19       		.uleb128 0x19
 1324 0097 03       		.uleb128 0x3
 1325 0098 0E       		.uleb128 0xe
 1326 0099 3A       		.uleb128 0x3a
 1327 009a 0B       		.uleb128 0xb
 1328 009b 3B       		.uleb128 0x3b
 1329 009c 0B       		.uleb128 0xb
 1330 009d 27       		.uleb128 0x27
 1331 009e 19       		.uleb128 0x19
 1332 009f 49       		.uleb128 0x49
 1333 00a0 13       		.uleb128 0x13
 1334 00a1 8701     		.uleb128 0x87
 1335 00a3 19       		.uleb128 0x19
 1336 00a4 11       		.uleb128 0x11
 1337 00a5 01       		.uleb128 0x1
 1338 00a6 12       		.uleb128 0x12
 1339 00a7 06       		.uleb128 0x6
 1340 00a8 40       		.uleb128 0x40
 1341 00a9 18       		.uleb128 0x18
 1342 00aa 9742     		.uleb128 0x2117
 1343 00ac 19       		.uleb128 0x19
 1344 00ad 01       		.uleb128 0x1
 1345 00ae 13       		.uleb128 0x13
 1346 00af 00       		.byte	0
 1347 00b0 00       		.byte	0
 1348 00b1 0D       		.uleb128 0xd
 1349 00b2 898201   		.uleb128 0x4109
 1350 00b5 01       		.byte	0x1
 1351 00b6 11       		.uleb128 0x11
 1352 00b7 01       		.uleb128 0x1
 1353 00b8 31       		.uleb128 0x31
 1354 00b9 13       		.uleb128 0x13
 1355 00ba 01       		.uleb128 0x1
 1356 00bb 13       		.uleb128 0x13
 1357 00bc 00       		.byte	0
ARM GAS  C:\Users\simon\AppData\Local\Temp\ccGyp5ZE.s 			page 27


 1358 00bd 00       		.byte	0
 1359 00be 0E       		.uleb128 0xe
 1360 00bf 8A8201   		.uleb128 0x410a
 1361 00c2 00       		.byte	0
 1362 00c3 02       		.uleb128 0x2
 1363 00c4 18       		.uleb128 0x18
 1364 00c5 9142     		.uleb128 0x2111
 1365 00c7 18       		.uleb128 0x18
 1366 00c8 00       		.byte	0
 1367 00c9 00       		.byte	0
 1368 00ca 0F       		.uleb128 0xf
 1369 00cb 34       		.uleb128 0x34
 1370 00cc 00       		.byte	0
 1371 00cd 03       		.uleb128 0x3
 1372 00ce 0E       		.uleb128 0xe
 1373 00cf 3A       		.uleb128 0x3a
 1374 00d0 0B       		.uleb128 0xb
 1375 00d1 3B       		.uleb128 0x3b
 1376 00d2 05       		.uleb128 0x5
 1377 00d3 49       		.uleb128 0x49
 1378 00d4 13       		.uleb128 0x13
 1379 00d5 3F       		.uleb128 0x3f
 1380 00d6 19       		.uleb128 0x19
 1381 00d7 3C       		.uleb128 0x3c
 1382 00d8 19       		.uleb128 0x19
 1383 00d9 00       		.byte	0
 1384 00da 00       		.byte	0
 1385 00db 10       		.uleb128 0x10
 1386 00dc 01       		.uleb128 0x1
 1387 00dd 01       		.byte	0x1
 1388 00de 49       		.uleb128 0x49
 1389 00df 13       		.uleb128 0x13
 1390 00e0 01       		.uleb128 0x1
 1391 00e1 13       		.uleb128 0x13
 1392 00e2 00       		.byte	0
 1393 00e3 00       		.byte	0
 1394 00e4 11       		.uleb128 0x11
 1395 00e5 21       		.uleb128 0x21
 1396 00e6 00       		.byte	0
 1397 00e7 49       		.uleb128 0x49
 1398 00e8 13       		.uleb128 0x13
 1399 00e9 2F       		.uleb128 0x2f
 1400 00ea 0B       		.uleb128 0xb
 1401 00eb 00       		.byte	0
 1402 00ec 00       		.byte	0
 1403 00ed 12       		.uleb128 0x12
 1404 00ee 34       		.uleb128 0x34
 1405 00ef 00       		.byte	0
 1406 00f0 03       		.uleb128 0x3
 1407 00f1 0E       		.uleb128 0xe
 1408 00f2 3A       		.uleb128 0x3a
 1409 00f3 0B       		.uleb128 0xb
 1410 00f4 3B       		.uleb128 0x3b
 1411 00f5 0B       		.uleb128 0xb
 1412 00f6 49       		.uleb128 0x49
 1413 00f7 13       		.uleb128 0x13
 1414 00f8 3F       		.uleb128 0x3f
ARM GAS  C:\Users\simon\AppData\Local\Temp\ccGyp5ZE.s 			page 28


 1415 00f9 19       		.uleb128 0x19
 1416 00fa 3C       		.uleb128 0x3c
 1417 00fb 19       		.uleb128 0x19
 1418 00fc 00       		.byte	0
 1419 00fd 00       		.byte	0
 1420 00fe 13       		.uleb128 0x13
 1421 00ff 21       		.uleb128 0x21
 1422 0100 00       		.byte	0
 1423 0101 49       		.uleb128 0x49
 1424 0102 13       		.uleb128 0x13
 1425 0103 2F       		.uleb128 0x2f
 1426 0104 05       		.uleb128 0x5
 1427 0105 00       		.byte	0
 1428 0106 00       		.byte	0
 1429 0107 14       		.uleb128 0x14
 1430 0108 34       		.uleb128 0x34
 1431 0109 00       		.byte	0
 1432 010a 03       		.uleb128 0x3
 1433 010b 0E       		.uleb128 0xe
 1434 010c 3A       		.uleb128 0x3a
 1435 010d 0B       		.uleb128 0xb
 1436 010e 3B       		.uleb128 0x3b
 1437 010f 0B       		.uleb128 0xb
 1438 0110 49       		.uleb128 0x49
 1439 0111 13       		.uleb128 0x13
 1440 0112 3F       		.uleb128 0x3f
 1441 0113 19       		.uleb128 0x19
 1442 0114 02       		.uleb128 0x2
 1443 0115 18       		.uleb128 0x18
 1444 0116 00       		.byte	0
 1445 0117 00       		.byte	0
 1446 0118 15       		.uleb128 0x15
 1447 0119 0F       		.uleb128 0xf
 1448 011a 00       		.byte	0
 1449 011b 0B       		.uleb128 0xb
 1450 011c 0B       		.uleb128 0xb
 1451 011d 49       		.uleb128 0x49
 1452 011e 13       		.uleb128 0x13
 1453 011f 00       		.byte	0
 1454 0120 00       		.byte	0
 1455 0121 16       		.uleb128 0x16
 1456 0122 2E       		.uleb128 0x2e
 1457 0123 00       		.byte	0
 1458 0124 3F       		.uleb128 0x3f
 1459 0125 19       		.uleb128 0x19
 1460 0126 3C       		.uleb128 0x3c
 1461 0127 19       		.uleb128 0x19
 1462 0128 6E       		.uleb128 0x6e
 1463 0129 0E       		.uleb128 0xe
 1464 012a 03       		.uleb128 0x3
 1465 012b 0E       		.uleb128 0xe
 1466 012c 3A       		.uleb128 0x3a
 1467 012d 0B       		.uleb128 0xb
 1468 012e 3B       		.uleb128 0x3b
 1469 012f 0B       		.uleb128 0xb
 1470 0130 00       		.byte	0
 1471 0131 00       		.byte	0
ARM GAS  C:\Users\simon\AppData\Local\Temp\ccGyp5ZE.s 			page 29


 1472 0132 00       		.byte	0
 1473              		.section	.debug_aranges,"",%progbits
 1474 0000 2C000000 		.4byte	0x2c
 1475 0004 0200     		.2byte	0x2
 1476 0006 00000000 		.4byte	.Ldebug_info0
 1477 000a 04       		.byte	0x4
 1478 000b 00       		.byte	0
 1479 000c 0000     		.2byte	0
 1480 000e 0000     		.2byte	0
 1481 0010 00000000 		.4byte	.LFB63
 1482 0014 C4000000 		.4byte	.LFE63-.LFB63
 1483 0018 00000000 		.4byte	.LFB64
 1484 001c F0010000 		.4byte	.LFE64-.LFB64
 1485 0020 00000000 		.4byte	.LFB65
 1486 0024 28000000 		.4byte	.LFE65-.LFB65
 1487 0028 00000000 		.4byte	0
 1488 002c 00000000 		.4byte	0
 1489              		.section	.debug_ranges,"",%progbits
 1490              	.Ldebug_ranges0:
 1491 0000 00000000 		.4byte	.LFB63
 1492 0004 C4000000 		.4byte	.LFE63
 1493 0008 00000000 		.4byte	.LFB64
 1494 000c F0010000 		.4byte	.LFE64
 1495 0010 00000000 		.4byte	.LFB65
 1496 0014 28000000 		.4byte	.LFE65
 1497 0018 00000000 		.4byte	0
 1498 001c 00000000 		.4byte	0
 1499              		.section	.debug_line,"",%progbits
 1500              	.Ldebug_line0:
 1501 0000 54020000 		.section	.debug_str,"MS",%progbits,1
 1501      0200DB01 
 1501      00000201 
 1501      FB0E0D00 
 1501      01010101 
 1502              	.LASF62:
 1503 0000 4B65794E 		.ascii	"KeyNote_High_Read\000"
 1503      6F74655F 
 1503      48696768 
 1503      5F526561 
 1503      6400
 1504              	.LASF47:
 1505 0012 64656661 		.ascii	"default_waveform\000"
 1505      756C745F 
 1505      77617665 
 1505      666F726D 
 1505      00
 1506              	.LASF44:
 1507 0023 62656769 		.ascii	"beginning_waveform\000"
 1507      6E6E696E 
 1507      675F7761 
 1507      7665666F 
 1507      726D00
 1508              	.LASF2:
 1509 0036 73686F72 		.ascii	"short int\000"
 1509      7420696E 
 1509      7400
 1510              	.LASF22:
ARM GAS  C:\Users\simon\AppData\Local\Temp\ccGyp5ZE.s 			page 30


 1511 0040 73697A65 		.ascii	"sizetype\000"
 1511      74797065 
 1511      00
 1512              	.LASF37:
 1513 0049 46736861 		.ascii	"Fsharp3\000"
 1513      72703300 
 1514              	.LASF32:
 1515 0051 44736861 		.ascii	"Dsharp2\000"
 1515      72703200 
 1516              	.LASF36:
 1517 0059 44736861 		.ascii	"Dsharp3\000"
 1517      72703300 
 1518              	.LASF54:
 1519 0061 6E65775F 		.ascii	"new_period\000"
 1519      70657269 
 1519      6F6400
 1520              	.LASF72:
 1521 006c 6D61696E 		.ascii	"main\000"
 1521      00
 1522              	.LASF8:
 1523 0071 5F5F7569 		.ascii	"__uint32_t\000"
 1523      6E743332 
 1523      5F7400
 1524              	.LASF4:
 1525 007c 5F5F7569 		.ascii	"__uint16_t\000"
 1525      6E743136 
 1525      5F7400
 1526              	.LASF49:
 1527 0087 77617665 		.ascii	"waveVal\000"
 1527      56616C00 
 1528              	.LASF41:
 1529 008f 42757474 		.ascii	"Button_ISR\000"
 1529      6F6E5F49 
 1529      535200
 1530              	.LASF33:
 1531 009a 46736861 		.ascii	"Fsharp2\000"
 1531      72703200 
 1532              	.LASF17:
 1533 00a2 75696E74 		.ascii	"uint16\000"
 1533      313600
 1534              	.LASF13:
 1535 00a9 75696E74 		.ascii	"uint8_t\000"
 1535      385F7400 
 1536              	.LASF55:
 1537 00b1 6B65795F 		.ascii	"key_status\000"
 1537      73746174 
 1537      757300
 1538              	.LASF38:
 1539 00bc 47736861 		.ascii	"Gsharp3\000"
 1539      72703300 
 1540              	.LASF40:
 1541 00c4 57617665 		.ascii	"Waveform_ISR\000"
 1541      666F726D 
 1541      5F495352 
 1541      00
 1542              	.LASF18:
 1543 00d1 666C6F61 		.ascii	"float\000"
ARM GAS  C:\Users\simon\AppData\Local\Temp\ccGyp5ZE.s 			page 31


 1543      7400
 1544              	.LASF10:
 1545 00d7 6C6F6E67 		.ascii	"long long int\000"
 1545      206C6F6E 
 1545      6720696E 
 1545      7400
 1546              	.LASF28:
 1547 00e5 46616C73 		.ascii	"False\000"
 1547      6500
 1548              	.LASF7:
 1549 00eb 6C6F6E67 		.ascii	"long int\000"
 1549      20696E74 
 1549      00
 1550              	.LASF24:
 1551 00f4 52657065 		.ascii	"Repeat\000"
 1551      617400
 1552              	.LASF25:
 1553 00fb 44656661 		.ascii	"Default\000"
 1553      756C7400 
 1554              	.LASF50:
 1555 0103 766F6C75 		.ascii	"volume\000"
 1555      6D6500
 1556              	.LASF56:
 1557 010a 6E6F7465 		.ascii	"note\000"
 1557      00
 1558              	.LASF3:
 1559 010f 5F5F7569 		.ascii	"__uint8_t\000"
 1559      6E74385F 
 1559      7400
 1560              	.LASF67:
 1561 0119 57617665 		.ascii	"Wave_Out_Start\000"
 1561      5F4F7574 
 1561      5F537461 
 1561      727400
 1562              	.LASF30:
 1563 0128 4E6F7465 		.ascii	"Note\000"
 1563      00
 1564              	.LASF34:
 1565 012d 47736861 		.ascii	"Gsharp2\000"
 1565      72703200 
 1566              	.LASF21:
 1567 0135 6C6F6E67 		.ascii	"long double\000"
 1567      20646F75 
 1567      626C6500 
 1568              	.LASF1:
 1569 0141 756E7369 		.ascii	"unsigned char\000"
 1569      676E6564 
 1569      20636861 
 1569      7200
 1570              	.LASF0:
 1571 014f 7369676E 		.ascii	"signed char\000"
 1571      65642063 
 1571      68617200 
 1572              	.LASF11:
 1573 015b 6C6F6E67 		.ascii	"long long unsigned int\000"
 1573      206C6F6E 
 1573      6720756E 
ARM GAS  C:\Users\simon\AppData\Local\Temp\ccGyp5ZE.s 			page 32


 1573      7369676E 
 1573      65642069 
 1574              	.LASF16:
 1575 0172 75696E74 		.ascii	"uint32_t\000"
 1575      33325F74 
 1575      00
 1576              	.LASF60:
 1577 017b 57617665 		.ascii	"Waveform_Send_WritePeriod\000"
 1577      666F726D 
 1577      5F53656E 
 1577      645F5772 
 1577      69746550 
 1578              	.LASF12:
 1579 0195 756E7369 		.ascii	"unsigned int\000"
 1579      676E6564 
 1579      20696E74 
 1579      00
 1580              	.LASF57:
 1581 01a2 46735F52 		.ascii	"Fs_Read\000"
 1581      65616400 
 1582              	.LASF14:
 1583 01aa 75696E74 		.ascii	"uint16_t\000"
 1583      31365F74 
 1583      00
 1584              	.LASF23:
 1585 01b3 42656769 		.ascii	"Beginning\000"
 1585      6E6E696E 
 1585      6700
 1586              	.LASF63:
 1587 01bd 4B65794E 		.ascii	"KeyNote_Low_Read\000"
 1587      6F74655F 
 1587      4C6F775F 
 1587      52656164 
 1587      00
 1588              	.LASF51:
 1589 01ce 77617665 		.ascii	"waveform_select\000"
 1589      666F726D 
 1589      5F73656C 
 1589      65637400 
 1590              	.LASF53:
 1591 01de 70657269 		.ascii	"periods\000"
 1591      6F647300 
 1592              	.LASF27:
 1593 01e6 6E65775F 		.ascii	"new_waveform\000"
 1593      77617665 
 1593      666F726D 
 1593      00
 1594              	.LASF31:
 1595 01f3 43736861 		.ascii	"Csharp2\000"
 1595      72703200 
 1596              	.LASF35:
 1597 01fb 43736861 		.ascii	"Csharp3\000"
 1597      72703300 
 1598              	.LASF39:
 1599 0203 43736861 		.ascii	"Csharp4\000"
 1599      72703400 
 1600              	.LASF5:
ARM GAS  C:\Users\simon\AppData\Local\Temp\ccGyp5ZE.s 			page 33


 1601 020b 73686F72 		.ascii	"short unsigned int\000"
 1601      7420756E 
 1601      7369676E 
 1601      65642069 
 1601      6E7400
 1602              	.LASF20:
 1603 021e 63686172 		.ascii	"char\000"
 1603      00
 1604              	.LASF15:
 1605 0223 696E7433 		.ascii	"int32_t\000"
 1605      325F7400 
 1606              	.LASF45:
 1607 022b 72657065 		.ascii	"repeat_waveform\000"
 1607      61745F77 
 1607      61766566 
 1607      6F726D00 
 1608              	.LASF58:
 1609 023b 46735F57 		.ascii	"Fs_Write\000"
 1609      72697465 
 1609      00
 1610              	.LASF70:
 1611 0244 6D61696E 		.ascii	"main.c\000"
 1611      2E6300
 1612              	.LASF9:
 1613 024b 6C6F6E67 		.ascii	"long unsigned int\000"
 1613      20756E73 
 1613      69676E65 
 1613      6420696E 
 1613      7400
 1614              	.LASF26:
 1615 025d 57617665 		.ascii	"Waveform\000"
 1615      666F726D 
 1615      00
 1616              	.LASF46:
 1617 0266 656E645F 		.ascii	"end_waveform\000"
 1617      77617665 
 1617      666F726D 
 1617      00
 1618              	.LASF59:
 1619 0273 57617665 		.ascii	"Wave_Out_SetValue\000"
 1619      5F4F7574 
 1619      5F536574 
 1619      56616C75 
 1619      6500
 1620              	.LASF65:
 1621 0285 42757474 		.ascii	"Button_Switch_StartEx\000"
 1621      6F6E5F53 
 1621      77697463 
 1621      685F5374 
 1621      61727445 
 1622              	.LASF6:
 1623 029b 5F5F696E 		.ascii	"__int32_t\000"
 1623      7433325F 
 1623      7400
 1624              	.LASF48:
 1625 02a5 77617665 		.ascii	"waveformIndex\000"
 1625      666F726D 
ARM GAS  C:\Users\simon\AppData\Local\Temp\ccGyp5ZE.s 			page 34


 1625      496E6465 
 1625      7800
 1626              	.LASF71:
 1627 02b3 433A5C55 		.ascii	"C:\\Users\\simon\\OneDrive\\Documents\\PSoC Creator"
 1627      73657273 
 1627      5C73696D 
 1627      6F6E5C4F 
 1627      6E654472 
 1628 02e1 5C46696E 		.ascii	"\\FinalProject\\KeysToNote.cydsn\000"
 1628      616C5072 
 1628      6F6A6563 
 1628      745C4B65 
 1628      7973546F 
 1629              	.LASF66:
 1630 0300 57617665 		.ascii	"Waveform_Send_Start\000"
 1630      666F726D 
 1630      5F53656E 
 1630      645F5374 
 1630      61727400 
 1631              	.LASF68:
 1632 0314 44414342 		.ascii	"DACBuffer_Start\000"
 1632      75666665 
 1632      725F5374 
 1632      61727400 
 1633              	.LASF64:
 1634 0324 57617665 		.ascii	"Waveform_ISR_StartEx\000"
 1634      666F726D 
 1634      5F495352 
 1634      5F537461 
 1634      72744578 
 1635              	.LASF29:
 1636 0339 54727565 		.ascii	"True\000"
 1636      00
 1637              	.LASF43:
 1638 033e 77617665 		.ascii	"waveform_sizes\000"
 1638      666F726D 
 1638      5F73697A 
 1638      657300
 1639              	.LASF19:
 1640 034d 646F7562 		.ascii	"double\000"
 1640      6C6500
 1641              	.LASF42:
 1642 0354 49544D5F 		.ascii	"ITM_RxBuffer\000"
 1642      52784275 
 1642      66666572 
 1642      00
 1643              	.LASF69:
 1644 0361 474E5520 		.ascii	"GNU C11 5.4.1 20160609 (release) [ARM/embedded-5-br"
 1644      43313120 
 1644      352E342E 
 1644      31203230 
 1644      31363036 
 1645 0394 616E6368 		.ascii	"anch revision 237715] -mcpu=cortex-m3 -mthumb -g -O"
 1645      20726576 
 1645      6973696F 
 1645      6E203233 
 1645      37373135 
ARM GAS  C:\Users\simon\AppData\Local\Temp\ccGyp5ZE.s 			page 35


 1646 03c7 67202D66 		.ascii	"g -ffunction-sections -ffat-lto-objects\000"
 1646      66756E63 
 1646      74696F6E 
 1646      2D736563 
 1646      74696F6E 
 1647              	.LASF61:
 1648 03ef 57617665 		.ascii	"Waveform_Send_ReadStatusRegister\000"
 1648      666F726D 
 1648      5F53656E 
 1648      645F5265 
 1648      61645374 
 1649              	.LASF52:
 1650 0410 77617665 		.ascii	"waveforms\000"
 1650      666F726D 
 1650      7300
 1651              		.ident	"GCC: (GNU Tools for ARM Embedded Processors) 5.4.1 20160609 (release) [ARM/embedded-5-bran
